#
# There is insufficient memory for the Java Runtime Environment to continue.
# Native memory allocation (malloc) failed to allocate 32744 bytes for ChunkPool::allocate
# Possible reasons:
#   The system is out of physical RAM or swap space
#   In 32 bit mode, the process size limit was hit
# Possible solutions:
#   Reduce memory load on the system
#   Increase physical memory or swap space
#   Check if swap backing store is full
#   Use 64 bit Java on a 64 bit OS
#   Decrease Java heap size (-Xmx/-Xms)
#   Decrease number of Java threads
#   Decrease Java thread stack sizes (-Xss)
#   Set larger code cache with -XX:ReservedCodeCacheSize=
# This output file may be truncated or incomplete.
#
#  Out of Memory Error (allocation.cpp:273), pid=10680, tid=15712
#
# JRE version: Java(TM) SE Runtime Environment (8.0_77-b03) (build 1.8.0_77-b03)
# Java VM: Java HotSpot(TM) 64-Bit Server VM (25.77-b03 mixed mode windows-amd64 compressed oops)
# Failed to write core dump. Minidumps are not enabled by default on client versions of Windows
#

---------------  T H R E A D  ---------------

Current thread (0x00000000075d6000):  JavaThread "C2 CompilerThread1" daemon [_thread_in_native, id=15712, stack(0x0000000007ea0000,0x0000000007fa0000)]

Stack: [0x0000000007ea0000,0x0000000007fa0000]
[error occurred during error reporting (printing stack bounds), id 0xc0000005]

Native frames: (J=compiled Java code, j=interpreted, Vv=VM code, C=native code)


Current CompileTask:
C2:   1858 1216       4       com.android.dx.rop.code.RopMethod::labelToPredecessors (54 bytes)


---------------  P R O C E S S  ---------------

Java Threads: ( => current thread )
  0x000000000788b000 JavaThread "pool-1-thread-4" [_thread_blocked, id=9792, stack(0x0000000008c70000,0x0000000008d70000)]
  0x000000000788c000 JavaThread "pool-1-thread-3" [_thread_blocked, id=10932, stack(0x0000000008ab0000,0x0000000008bb0000)]
  0x000000000787f000 JavaThread "pool-1-thread-2" [_thread_in_Java, id=16616, stack(0x00000000088c0000,0x00000000089c0000)]
  0x000000000790b000 JavaThread "pool-2-thread-1" [_thread_blocked, id=10840, stack(0x0000000008700000,0x0000000008800000)]
  0x000000000790a000 JavaThread "pool-1-thread-1" [_thread_blocked, id=14836, stack(0x00000000079e0000,0x0000000007ae0000)]
  0x0000000007641000 JavaThread "Service Thread" daemon [_thread_blocked, id=14188, stack(0x0000000008290000,0x0000000008390000)]
  0x00000000075d7000 JavaThread "C1 CompilerThread2" daemon [_thread_in_native, id=9260, stack(0x0000000008080000,0x0000000008180000)]
=>0x00000000075d6000 JavaThread "C2 CompilerThread1" daemon [_thread_in_native, id=15712, stack(0x0000000007ea0000,0x0000000007fa0000)]
  0x000000000618d800 JavaThread "C2 CompilerThread0" daemon [_thread_in_native, id=11108, stack(0x0000000007ce0000,0x0000000007de0000)]
  0x00000000075cb000 JavaThread "Attach Listener" daemon [_thread_blocked, id=15432, stack(0x0000000007b30000,0x0000000007c30000)]
  0x00000000075ca800 JavaThread "Signal Dispatcher" daemon [_thread_blocked, id=5824, stack(0x0000000007390000,0x0000000007490000)]
  0x0000000006164000 JavaThread "Finalizer" daemon [_thread_blocked, id=14512, stack(0x00000000074c0000,0x00000000075c0000)]
  0x0000000006122800 JavaThread "Reference Handler" daemon [_thread_blocked, id=15108, stack(0x0000000007230000,0x0000000007330000)]
  0x000000000037f800 JavaThread "main" [_thread_blocked, id=13544, stack(0x00000000027f0000,0x00000000028f0000)]

Other Threads:
  0x000000000611b000 VMThread [stack: 0x0000000007090000,0x0000000007190000] [id=8868]
  0x0000000007692800 WatcherThread [stack: 0x00000000084b0000,0x00000000085b0000] [id=16528]

VM state:not at safepoint (normal execution)

VM Mutex/Monitor currently owned by a thread: None

Heap:
 PSYoungGen      total 28672K, used 12612K [0x00000000eab00000, 0x00000000ee300000, 0x0000000100000000)
  eden space 24576K, 34% used [0x00000000eab00000,0x00000000eb3562a0,0x00000000ec300000)
  from space 4096K, 99% used [0x00000000ec300000,0x00000000ec6fadb8,0x00000000ec700000)
  to   space 4096K, 0% used [0x00000000edf00000,0x00000000edf00000,0x00000000ee300000)
 ParOldGen       total 65536K, used 855K [0x00000000c0000000, 0x00000000c4000000, 0x00000000eab00000)
  object space 65536K, 1% used [0x00000000c0000000,0x00000000c00d5d00,0x00000000c4000000)
 Metaspace       used 6041K, capacity 6902K, committed 7040K, reserved 1056768K
  class space    used 608K, capacity 622K, committed 640K, reserved 1048576K

Card table byte_map: [0x0000000002cb0000,0x0000000002ec0000] byte_map_base: 0x00000000026b0000

Marking Bits: (ParMarkBitMap*) 0x00000000709d0600
 Begin Bits: [0x0000000003590000, 0x0000000004590000)
 End Bits:   [0x0000000004590000, 0x0000000005590000)

Polling page: 0x0000000000360000

CodeCache: size=245760Kb used=4759Kb max_used=4769Kb free=241000Kb
 bounds [0x0000000010040000, 0x00000000104f0000, 0x000000001f040000]
 total_blobs=1481 nmethods=1210 adapters=184
 compilation: enabled

Compilation events (10 events):
Event: 1.833 Thread 0x00000000075d6000 1187       4       com.android.dx.rop.cst.CstBaseMethodRef::compareTo0 (29 bytes)
Event: 1.839 Thread 0x00000000075d6000 nmethod 1187 0x00000000104e6650 code [0x00000000104e67e0, 0x00000000104e6f78]
Event: 1.839 Thread 0x00000000075d6000 1181       4       com.android.dx.util.FixedSizeList::hashCode (8 bytes)
Event: 1.842 Thread 0x00000000075d6000 nmethod 1181 0x00000000104e2390 code [0x00000000104e24e0, 0x00000000104e2738]
Event: 1.853 Thread 0x00000000075d7000 1210       3       java.util.concurrent.locks.AbstractQueuedSynchronizer::setState (6 bytes)
Event: 1.853 Thread 0x00000000075d7000 nmethod 1210 0x00000000104e6350 code [0x00000000104e64a0, 0x00000000104e65f0]
Event: 1.854 Thread 0x00000000075d7000 1211       3       com.android.dx.cf.code.LocalVariableList::<init> (6 bytes)
Event: 1.854 Thread 0x00000000075d7000 nmethod 1211 0x00000000104e8b90 code [0x00000000104e8d00, 0x00000000104e8e88]
Event: 1.854 Thread 0x00000000075d7000 1212   !   3       com.android.dx.cf.direct.StdAttributeFactory::parseLocalVariables (274 bytes)
Event: 1.855 Thread 0x00000000075d6000 1216       4       com.android.dx.rop.code.RopMethod::labelToPredecessors (54 bytes)

GC Heap History (2 events):
Event: 1.347 GC heap before
{Heap before GC invocations=1 (full 0):
 PSYoungGen      total 28672K, used 24576K [0x00000000eab00000, 0x00000000ecb00000, 0x0000000100000000)
  eden space 24576K, 100% used [0x00000000eab00000,0x00000000ec300000,0x00000000ec300000)
  from space 4096K, 0% used [0x00000000ec700000,0x00000000ec700000,0x00000000ecb00000)
  to   space 4096K, 0% used [0x00000000ec300000,0x00000000ec300000,0x00000000ec700000)
 ParOldGen       total 65536K, used 0K [0x00000000c0000000, 0x00000000c4000000, 0x00000000eab00000)
  object space 65536K, 0% used [0x00000000c0000000,0x00000000c0000000,0x00000000c4000000)
 Metaspace       used 5886K, capacity 6774K, committed 7040K, reserved 1056768K
  class space    used 608K, capacity 622K, committed 640K, reserved 1048576K
Event: 1.437 GC heap after
Heap after GC invocations=1 (full 0):
 PSYoungGen      total 28672K, used 4075K [0x00000000eab00000, 0x00000000ee300000, 0x0000000100000000)
  eden space 24576K, 0% used [0x00000000eab00000,0x00000000eab00000,0x00000000ec300000)
  from space 4096K, 99% used [0x00000000ec300000,0x00000000ec6fadb8,0x00000000ec700000)
  to   space 4096K, 0% used [0x00000000edf00000,0x00000000edf00000,0x00000000ee300000)
 ParOldGen       total 65536K, used 855K [0x00000000c0000000, 0x00000000c4000000, 0x00000000eab00000)
  object space 65536K, 1% used [0x00000000c0000000,0x00000000c00d5d00,0x00000000c4000000)
 Metaspace       used 5886K, capacity 6774K, committed 7040K, reserved 1056768K
  class space    used 608K, capacity 622K, committed 640K, reserved 1048576K
}

Deoptimization events (5 events):
Event: 0.620 Thread 0x000000000037f800 Uncommon trap: reason=unstable_if action=reinterpret pc=0x0000000010190404 method=java.lang.String.compareTo(Ljava/lang/String;)I @ 38
Event: 0.979 Thread 0x000000000788c000 Uncommon trap: reason=unstable_if action=reinterpret pc=0x000000001024d428 method=java.util.HashMap.getNode(ILjava/lang/Object;)Ljava/util/HashMap$Node; @ 62
Event: 1.306 Thread 0x000000000788c000 Uncommon trap: reason=unstable_if action=reinterpret pc=0x00000000102f1950 method=com.android.dx.rop.code.RegisterSpec.equals(ILcom/android/dx/rop/type/TypeBearer;Lcom/android/dx/rop/code/LocalItem;)Z @ 42
Event: 1.613 Thread 0x000000000788b000 Uncommon trap: reason=unstable_if action=reinterpret pc=0x00000000103a2b9c method=com.android.dx.rop.code.RegisterSpecSet.put(Lcom/android/dx/rop/code/RegisterSpec;)V @ 77
Event: 1.613 Thread 0x000000000788b000 Uncommon trap: reason=unstable_if action=reinterpret pc=0x00000000103c2d50 method=com.android.dx.rop.code.RegisterSpecSet.put(Lcom/android/dx/rop/code/RegisterSpec;)V @ 77

Internal exceptions (2 events):
Event: 0.082 Thread 0x000000000037f800 Exception <a 'java/lang/NoSuchMethodError': Method sun.misc.Unsafe.defineClass(Ljava/lang/String;[BII)Ljava/lang/Class; name or signature does not match> (0x00000000eab07cc0) thrown at [D:\re\workspace\8-2-build-windows-amd64-cygwin\jdk8u77\6540\hotspot\sr2ATºÞê´?
Event: 0.082 Thread 0x000000000037f800 Exception <a 'java/lang/NoSuchMethodError': Method sun.misc.Unsafe.prefetchRead(Ljava/lang/Object;J)V name or signature does not match> (0x00000000eab07fa8) thrown at [D:\re\workspace\8-2-build-windows-amd64-cygwin\jdk8u77\6540\hotspot\src\share\vm\prims\j

Events (10 events):
Event: 1.306 Thread 0x000000000788c000 DEOPT PACKING pc=0x00000000102f1950 sp=0x0000000008baed10
Event: 1.306 Thread 0x000000000788c000 DEOPT UNPACKING pc=0x000000001008582a sp=0x0000000008baec98 mode 2
Event: 1.326 Executing VM operation: ParallelGCFailedAllocation
Event: 1.437 Executing VM operation: ParallelGCFailedAllocation done
Event: 1.613 Thread 0x000000000788b000 Uncommon trap: trap_request=0xffffff65 fr.pc=0x00000000103a2b9c
Event: 1.613 Thread 0x000000000788b000 DEOPT PACKING pc=0x00000000103a2b9c sp=0x0000000008d6e990
Event: 1.613 Thread 0x000000000788b000 DEOPT UNPACKING pc=0x000000001008582a sp=0x0000000008d6e918 mode 2
Event: 1.613 Thread 0x000000000788b000 Uncommon trap: trap_request=0xffffff65 fr.pc=0x00000000103c2d50
Event: 1.613 Thread 0x000000000788b000 DEOPT PACKING pc=0x00000000103c2d50 sp=0x0000000008d6e980
Event: 1.613 Thread 0x000000000788b000 DEOPT UNPACKING pc=0x000000001008582a sp=0x0000000008d6e8a0 mode 2


Dynamic libraries:
0x000000013f310000 - 0x000000013f347000 	C:\Program Files\Java\jdk1.8.0_77\bin\java.exe
0x0000000077ab0000 - 0x0000000077c5a000 	C:\Windows\SYSTEM32\ntdll.dll
0x0000000077890000 - 0x00000000779af000 	C:\Windows\system32\kernel32.dll
0x000007fefdad0000 - 0x000007fefdb3b000 	C:\Windows\system32\KERNELBASE.dll
0x000007feff7d0000 - 0x000007feff8ab000 	C:\Windows\system32\ADVAPI32.dll
0x000007feff720000 - 0x000007feff7bf000 	C:\Windows\system32\msvcrt.dll
0x000007feff690000 - 0x000007feff6af000 	C:\Windows\SYSTEM32\sechost.dll
0x000007feff990000 - 0x000007feffabd000 	C:\Windows\system32\RPCRT4.dll
0x00000000779b0000 - 0x0000000077aaa000 	C:\Windows\system32\USER32.dll
0x000007feff6b0000 - 0x000007feff717000 	C:\Windows\system32\GDI32.dll
0x000007feff7c0000 - 0x000007feff7ce000 	C:\Windows\system32\LPK.dll
0x000007feff8b0000 - 0x000007feff97a000 	C:\Windows\system32\USP10.dll
0x000007fefbf60000 - 0x000007fefc154000 	C:\Windows\WinSxS\amd64_microsoft.windows.common-controls_6595b64144ccf1df_6.0.7601.18837_none_fa3b1e3d17594757\COMCTL32.dll
0x000007feff380000 - 0x000007feff3f1000 	C:\Windows\system32\SHLWAPI.dll
0x000007fefebc0000 - 0x000007fefebee000 	C:\Windows\system32\IMM32.DLL
0x000007fefdbf0000 - 0x000007fefdcf9000 	C:\Windows\system32\MSCTF.dll
0x000007fef32b0000 - 0x000007fef32d3000 	C:\Windows\system32\f_im.dll
0x0000000061000000 - 0x00000000610bd000 	C:\Program Files\Fasoo DRM\f_sps.dll
0x000007fefc880000 - 0x000007fefc88c000 	C:\Windows\system32\VERSION.dll
0x000007fefdd50000 - 0x000007fefeada000 	C:\Windows\system32\SHELL32.dll
0x000007fefeec0000 - 0x000007feff0c3000 	C:\Windows\system32\ole32.dll
0x000007fefeae0000 - 0x000007fefebb7000 	C:\Windows\system32\OLEAUT32.dll
0x000000005a240000 - 0x000000005a26f000 	C:\Windows\WinSxS\amd64_microsoft.vc90.atl_1fc8b3b9a1e18e3b_9.0.30729.6161_none_0a1fd3a3a768b895\ATL90.DLL
0x0000000077c80000 - 0x0000000077c87000 	C:\Windows\system32\PSAPI.DLL
0x000007fefa1e0000 - 0x000007fefa251000 	C:\Windows\system32\winspool.drv
0x0000000010000000 - 0x0000000010033000 	C:\Windows\system32\f_pbrc12.dll
0x000007fefb9a0000 - 0x000007fefb9b8000 	C:\Windows\system32\dwmapi.dll
0x0000000058280000 - 0x0000000058352000 	C:\Program Files\Java\jdk1.8.0_77\jre\bin\msvcr100.dll
0x00000000701c0000 - 0x0000000070a50000 	C:\Program Files\Java\jdk1.8.0_77\jre\bin\server\jvm.dll
0x000007feef4d0000 - 0x000007feef4d9000 	C:\Windows\system32\WSOCK32.dll
0x000007fefdd00000 - 0x000007fefdd4d000 	C:\Windows\system32\WS2_32.dll
0x000007feff980000 - 0x000007feff988000 	C:\Windows\system32\NSI.dll
0x000007fefa700000 - 0x000007fefa73b000 	C:\Windows\system32\WINMM.dll
0x00000000732e0000 - 0x00000000732ef000 	C:\Program Files\Java\jdk1.8.0_77\jre\bin\verify.dll
0x0000000065e60000 - 0x0000000065e89000 	C:\Program Files\Java\jdk1.8.0_77\jre\bin\java.dll
0x000000006a950000 - 0x000000006a966000 	C:\Program Files\Java\jdk1.8.0_77\jre\bin\zip.dll
0x000007fefd840000 - 0x000007fefd84f000 	C:\Windows\system32\profapi.dll

VM Arguments:
jvm_args: -Djava.awt.headless=true -Xmx1024M -Dfile.encoding=x-windows-949 -Duser.country=KR -Duser.language=ko -Duser.variant 
java_command: com.android.dx.command.Main --dex --num-threads=4 --output C:\Users\T22mo\workspace\emoodchart-android\app\build\intermediates\pre-dexed\debug\com.android.support-appcompat-v7-24.1.1_bde96802b729e95b78098b13ebfd217a1b1b584c.jar C:\Users\T22mo\workspace\emoodchart-android\app\build\intermediates\exploded-aar\com.android.support\appcompat-v7\24.1.1\jars\classes.jar
java_class_path (initial): D:\Program Files (x86)\Android\build-tools\24.0.1\lib\dx.jar
Launcher Type: SUN_STANDARD

Environment Variables:
JAVA_HOME=C:\Program Files\Java\jdk1.8.0_77\jre
PATH=C:\Program Files\Common Files\Microsoft Shared\Windows Live;C:\Program Files (x86)\Common Files\Microsoft Shared\Windows Live;C:\ProgramData\Oracle\Java\javapath;C:\Program Files (x86)\Intel\iCLS Client\;C:\Program Files\Intel\iCLS Client\;C:\Windows\system32;C:\Windows;C:\Windows\System32\Wbem;C:\Windows\System32\WindowsPowerShell\v1.0\;C:\Program Files\Intel\Intel(R) Management Engine Components\DAL;C:\Program Files\Intel\Intel(R) Management Engine Components\IPT;C:\Program Files (x86)\Intel\Intel(R) Management Engine Components\DAL;C:\Program Files (x86)\Intel\Intel(R) Management Engine Components\IPT;C:\Program Files\Microsoft\Web Platform Installer\;C:\Program Files (x86)\Microsoft ASP.NET\ASP.NET Web Pages\v1.0\;C:\Program Files (x86)\Heroku\bin;C:\Program Files (x86)\git\cmd;C:\Program Files (x86)\Windows Live\Shared;D:\Program Files (x86)\nodejs\;D:\Program Files (x86)\DLR\Sumo\bin\;D:\Program Files (x86)\DLR\Sumo\tools\;C:\Program Files\Git\cmd;D:\TDM-GCC-64\bin;C:\Program Files\Java\jdk1.8.0_77\jre;D:\Program Files\Anaconda2;D:\Program Files\Anaconda2\Scripts;D:\Program Files\Anaconda2\Library\bin;C:\Program Files (x86)\Java\jre7\bin;C:\Users\T22mo\AppData\Local\Android\sdk\platform-tools;C:\Program Files\Bandizip\7z;C:\Users\T22mo\AppData\Roaming\npm;D:\Program Files\Docker Toolbox;C:\Python27;C:\Python27\Scripts;D:\Program Files\Anaconda2\MinGW\x86_64-w64-mingw32\lib
USERNAME=T22mo
OS=Windows_NT
PROCESSOR_IDENTIFIER=Intel64 Family 6 Model 58 Stepping 9, GenuineIntel



---------------  S Y S T E M  ---------------

OS: Windows 7 , 64 bit Build 7601 (6.1.7601.19135)

CPU:total 4 (4 cores per cpu, 1 threads per core) family 6 model 58 stepping 9, cmov, cx8, fxsr, mmx, sse, sse2, sse3, ssse3, sse4.1, sse4.2, popcnt, avx, aes, clmul, erms, tsc, tscinvbit, tscinv

Memory: 4k page, physical 6230128k(1033492k free), swap 13817692k(5144k free)

vm_info: Java HotSpot(TM) 64-Bit Server VM (25.77-b03) for windows-amd64 JRE (1.8.0_77-b03), built on Mar 20 2016 22:01:33 by "java_re" with MS VC++ 10.0 (VS2010)

time: Tue Aug 30 18:05:18 2016
elapsed time: 1 seconds (0d 0h 0m 1s)

