#
# There is insufficient memory for the Java Runtime Environment to continue.
# Native memory allocation (malloc) failed to allocate 1060416 bytes for Chunk::new
# Possible reasons:
#   The system is out of physical RAM or swap space
#   In 32 bit mode, the process size limit was hit
# Possible solutions:
#   Reduce memory load on the system
#   Increase physical memory or swap space
#   Check if swap backing store is full
#   Use 64 bit Java on a 64 bit OS
#   Decrease Java heap size (-Xmx/-Xms)
#   Decrease number of Java threads
#   Decrease Java thread stack sizes (-Xss)
#   Set larger code cache with -XX:ReservedCodeCacheSize=
# This output file may be truncated or incomplete.
#
#  Out of Memory Error (allocation.cpp:390), pid=17188, tid=9340
#
# JRE version: Java(TM) SE Runtime Environment (8.0_77-b03) (build 1.8.0_77-b03)
# Java VM: Java HotSpot(TM) 64-Bit Server VM (25.77-b03 mixed mode windows-amd64 compressed oops)
# Failed to write core dump. Minidumps are not enabled by default on client versions of Windows
#

---------------  T H R E A D  ---------------

Current thread (0x000000000644f800):  JavaThread "C2 CompilerThread1" daemon [_thread_in_native, id=9340, stack(0x0000000007bb0000,0x0000000007cb0000)]

Stack: [0x0000000007bb0000,0x0000000007cb0000]
[error occurred during error reporting (printing stack bounds), id 0xc0000005]

Native frames: (J=compiled Java code, j=interpreted, Vv=VM code, C=native code)


Current CompileTask:
C2:   3333 1530   !   4       com.android.dx.cf.code.RopperMachine::run (1550 bytes)


---------------  P R O C E S S  ---------------

Java Threads: ( => current thread )
  0x0000000007a50800 JavaThread "pool-1-thread-4" [_thread_in_Java, id=14260, stack(0x00000000093d0000,0x00000000094d0000)]
  0x0000000007a41800 JavaThread "pool-1-thread-3" [_thread_blocked, id=17360, stack(0x0000000008fb0000,0x00000000090b0000)]
  0x0000000007a3c000 JavaThread "pool-1-thread-2" [_thread_blocked, id=15760, stack(0x0000000009230000,0x0000000009330000)]
  0x0000000008683000 JavaThread "pool-2-thread-1" [_thread_blocked, id=14680, stack(0x00000000090b0000,0x00000000091b0000)]
  0x0000000008681800 JavaThread "pool-1-thread-1" [_thread_blocked, id=14920, stack(0x0000000008e70000,0x0000000008f70000)]
  0x0000000007715000 JavaThread "Service Thread" daemon [_thread_blocked, id=14468, stack(0x0000000008440000,0x0000000008540000)]
  0x0000000007706800 JavaThread "C1 CompilerThread2" daemon [_thread_blocked, id=4964, stack(0x0000000008280000,0x0000000008380000)]
=>0x000000000644f800 JavaThread "C2 CompilerThread1" daemon [_thread_in_native, id=9340, stack(0x0000000007bb0000,0x0000000007cb0000)]
  0x0000000006437000 JavaThread "C2 CompilerThread0" daemon [_thread_in_vm, id=15472, stack(0x0000000008000000,0x0000000008100000)]
  0x0000000006436800 JavaThread "Attach Listener" daemon [_thread_blocked, id=16676, stack(0x0000000007e80000,0x0000000007f80000)]
  0x00000000076fa800 JavaThread "Signal Dispatcher" daemon [_thread_blocked, id=14848, stack(0x0000000007cb0000,0x0000000007db0000)]
  0x0000000006424000 JavaThread "Finalizer" daemon [_thread_blocked, id=13936, stack(0x0000000007350000,0x0000000007450000)]
  0x00000000063e2800 JavaThread "Reference Handler" daemon [_thread_blocked, id=10960, stack(0x00000000075f0000,0x00000000076f0000)]
  0x000000000278f800 JavaThread "main" [_thread_blocked, id=17204, stack(0x0000000002a80000,0x0000000002b80000)]

Other Threads:
  0x00000000063db000 VMThread [stack: 0x00000000074c0000,0x00000000075c0000] [id=7588]
  0x00000000077c4800 WatcherThread [stack: 0x0000000008560000,0x0000000008660000] [id=5280]

VM state:not at safepoint (normal execution)

VM Mutex/Monitor currently owned by a thread: None

Heap:
 PSYoungGen      total 53248K, used 33405K [0x00000000eab00000, 0x00000000ee300000, 0x0000000100000000)
  eden space 49152K, 59% used [0x00000000eab00000,0x00000000ec7a6718,0x00000000edb00000)
  from space 4096K, 99% used [0x00000000edf00000,0x00000000ee2f9040,0x00000000ee300000)
  to   space 4096K, 0% used [0x00000000edb00000,0x00000000edb00000,0x00000000edf00000)
 ParOldGen       total 65536K, used 1285K [0x00000000c0000000, 0x00000000c4000000, 0x00000000eab00000)
  object space 65536K, 1% used [0x00000000c0000000,0x00000000c0141600,0x00000000c4000000)
 Metaspace       used 6204K, capacity 7094K, committed 7296K, reserved 1056768K
  class space    used 609K, capacity 622K, committed 640K, reserved 1048576K

Card table byte_map: [0x0000000002f40000,0x0000000003150000] byte_map_base: 0x0000000002940000

Marking Bits: (ParMarkBitMap*) 0x0000000053e90600
 Begin Bits: [0x0000000003850000, 0x0000000004850000)
 End Bits:   [0x0000000004850000, 0x0000000005850000)

Polling page: 0x0000000000360000

CodeCache: size=245760Kb used=6492Kb max_used=6505Kb free=239267Kb
 bounds [0x0000000010040000, 0x00000000106a0000, 0x000000001f040000]
 total_blobs=1877 nmethods=1606 adapters=184
 compilation: enabled

Compilation events (10 events):
Event: 3.326 Thread 0x0000000007706800 1609       3       com.android.dx.ssa.back.SsaToRop::convertBasicBlock (126 bytes)
Event: 3.327 Thread 0x0000000007706800 nmethod 1609 0x0000000010691290 code [0x00000000106915c0, 0x00000000106932b8]
Event: 3.327 Thread 0x0000000007706800 1606       3       com.android.dx.ssa.PhiInsn::mapSourceRegisters (78 bytes)
Event: 3.327 Thread 0x0000000007706800 nmethod 1606 0x0000000010694410 code [0x0000000010694600, 0x0000000010694f88]
Event: 3.328 Thread 0x0000000007706800 1612  s    3       com.android.dx.dex.file.FieldIdsSection::intern (55 bytes)
Event: 3.328 Thread 0x0000000007706800 nmethod 1612 0x00000000106953d0 code [0x0000000010695600, 0x00000000106962e8]
Event: 3.328 Thread 0x0000000007706800 1602       3       com.android.dx.cf.code.BasicBlocker::identifyBlocks (18 bytes)
Event: 3.328 Thread 0x0000000007706800 nmethod 1602 0x0000000010696a10 code [0x0000000010696ba0, 0x0000000010696de8]
Event: 3.328 Thread 0x0000000007706800 1608       3       com.android.dx.ssa.SsaMethod::onSourceChanged (65 bytes)
Event: 3.329 Thread 0x0000000007706800 nmethod 1608 0x0000000010696ed0 code [0x00000000106970a0, 0x00000000106978f8]

GC Heap History (4 events):
Event: 0.872 GC heap before
{Heap before GC invocations=1 (full 0):
 PSYoungGen      total 28672K, used 24576K [0x00000000eab00000, 0x00000000ecb00000, 0x0000000100000000)
  eden space 24576K, 100% used [0x00000000eab00000,0x00000000ec300000,0x00000000ec300000)
  from space 4096K, 0% used [0x00000000ec700000,0x00000000ec700000,0x00000000ecb00000)
  to   space 4096K, 0% used [0x00000000ec300000,0x00000000ec300000,0x00000000ec700000)
 ParOldGen       total 65536K, used 0K [0x00000000c0000000, 0x00000000c4000000, 0x00000000eab00000)
  object space 65536K, 0% used [0x00000000c0000000,0x00000000c0000000,0x00000000c4000000)
 Metaspace       used 5390K, capacity 6386K, committed 6528K, reserved 1056768K
  class space    used 596K, capacity 618K, committed 640K, reserved 1048576K
Event: 1.439 GC heap after
Heap after GC invocations=1 (full 0):
 PSYoungGen      total 28672K, used 3419K [0x00000000eab00000, 0x00000000ee300000, 0x0000000100000000)
  eden space 24576K, 0% used [0x00000000eab00000,0x00000000eab00000,0x00000000ec300000)
  from space 4096K, 83% used [0x00000000ec300000,0x00000000ec656f70,0x00000000ec700000)
  to   space 4096K, 0% used [0x00000000edf00000,0x00000000edf00000,0x00000000ee300000)
 ParOldGen       total 65536K, used 0K [0x00000000c0000000, 0x00000000c4000000, 0x00000000eab00000)
  object space 65536K, 0% used [0x00000000c0000000,0x00000000c0000000,0x00000000c4000000)
 Metaspace       used 5390K, capacity 6386K, committed 6528K, reserved 1056768K
  class space    used 596K, capacity 618K, committed 640K, reserved 1048576K
}
Event: 2.171 GC heap before
{Heap before GC invocations=2 (full 0):
 PSYoungGen      total 28672K, used 27995K [0x00000000eab00000, 0x00000000ee300000, 0x0000000100000000)
  eden space 24576K, 100% used [0x00000000eab00000,0x00000000ec300000,0x00000000ec300000)
  from space 4096K, 83% used [0x00000000ec300000,0x00000000ec656f70,0x00000000ec700000)
  to   space 4096K, 0% used [0x00000000edf00000,0x00000000edf00000,0x00000000ee300000)
 ParOldGen       total 65536K, used 0K [0x00000000c0000000, 0x00000000c4000000, 0x00000000eab00000)
  object space 65536K, 0% used [0x00000000c0000000,0x00000000c0000000,0x00000000c4000000)
 Metaspace       used 6063K, capacity 6964K, committed 7040K, reserved 1056768K
  class space    used 606K, capacity 620K, committed 640K, reserved 1048576K
Event: 2.295 GC heap after
Heap after GC invocations=2 (full 0):
 PSYoungGen      total 53248K, used 4068K [0x00000000eab00000, 0x00000000ee300000, 0x0000000100000000)
  eden space 49152K, 0% used [0x00000000eab00000,0x00000000eab00000,0x00000000edb00000)
  from space 4096K, 99% used [0x00000000edf00000,0x00000000ee2f9040,0x00000000ee300000)
  to   space 4096K, 0% used [0x00000000edb00000,0x00000000edb00000,0x00000000edf00000)
 ParOldGen       total 65536K, used 1285K [0x00000000c0000000, 0x00000000c4000000, 0x00000000eab00000)
  object space 65536K, 1% used [0x00000000c0000000,0x00000000c0141600,0x00000000c4000000)
 Metaspace       used 6063K, capacity 6964K, committed 7040K, reserved 1056768K
  class space    used 606K, capacity 620K, committed 640K, reserved 1048576K
}

Deoptimization events (10 events):
Event: 2.704 Thread 0x0000000007a3c000 Uncommon trap: reason=unstable_if action=reinterpret pc=0x00000000103f29a8 method=com.android.dx.cf.code.Ropper.labelToResultIndex(I)I @ 34
Event: 2.704 Thread 0x0000000007a3c000 Uncommon trap: reason=class_check action=maybe_recompile pc=0x000000001035d5ec method=com.android.dx.rop.type.Type.equals(Ljava/lang/Object;)Z @ 8
Event: 2.704 Thread 0x0000000007a3c000 Uncommon trap: reason=class_check action=maybe_recompile pc=0x000000001035d5ec method=com.android.dx.rop.type.Type.equals(Ljava/lang/Object;)Z @ 8
Event: 2.706 Thread 0x0000000007a3c000 Uncommon trap: reason=class_check action=maybe_recompile pc=0x000000001035c794 method=com.android.dx.rop.type.Type.equals(Ljava/lang/Object;)Z @ 8
Event: 2.707 Thread 0x0000000007a3c000 Uncommon trap: reason=class_check action=maybe_recompile pc=0x0000000010210f3c method=com.android.dx.rop.type.Type.equals(Ljava/lang/Object;)Z @ 8
Event: 2.707 Thread 0x0000000007a3c000 Uncommon trap: reason=class_check action=maybe_recompile pc=0x0000000010201c64 method=com.android.dx.rop.type.Type.equals(Ljava/lang/Object;)Z @ 8
Event: 3.270 Thread 0x0000000007a3c000 Uncommon trap: reason=bimorphic action=maybe_recompile pc=0x0000000010517afc method=com.android.dx.cf.code.BytecodeArray.parseInstruction(ILcom/android/dx/cf/code/BytecodeArray$Visitor;)I @ 2484
Event: 3.270 Thread 0x0000000007a3c000 Uncommon trap: reason=bimorphic action=maybe_recompile pc=0x0000000010517afc method=com.android.dx.cf.code.BytecodeArray.parseInstruction(ILcom/android/dx/cf/code/BytecodeArray$Visitor;)I @ 2484
Event: 3.270 Thread 0x0000000007a3c000 Uncommon trap: reason=class_check action=maybe_recompile pc=0x000000001051976c method=com.android.dx.cf.code.BytecodeArray.parseInstruction(ILcom/android/dx/cf/code/BytecodeArray$Visitor;)I @ 2002
Event: 3.293 Thread 0x0000000007a3c000 Uncommon trap: reason=unstable_if action=reinterpret pc=0x00000000105b39e8 method=com.android.dx.ssa.SCCP.simulateStmt(Lcom/android/dx/ssa/SsaInsn;)V @ 59

Internal exceptions (5 events):
Event: 0.377 Thread 0x000000000278f800 Exception <a 'java/lang/NoSuchMethodError': Method sun.misc.Unsafe.defineClass(Ljava/lang/String;[BII)Ljava/lang/Class; name or signature does not match> (0x00000000eab07cc0) thrown at [D:\re\workspace\8-2-build-windows-amd64-cygwin\jdk8u77\6540\hotspot\srºK/Í#ÿ?
Event: 0.377 Thread 0x000000000278f800 Exception <a 'java/lang/NoSuchMethodError': Method sun.misc.Unsafe.prefetchRead(Ljava/lang/Object;J)V name or signature does not match> (0x00000000eab07fa8) thrown at [D:\re\workspace\8-2-build-windows-amd64-cygwin\jdk8u77\6540\hotspot\src\share\vm\prims\jï3ı‰9
Event: 2.013 Thread 0x000000000278f800 Implicit null exception at 0x0000000010333efb to 0x0000000010335b11
Event: 2.013 Thread 0x000000000278f800 Implicit null exception at 0x00000000103159c5 to 0x0000000010317519
Event: 2.152 Thread 0x0000000007a3c000 Implicit null exception at 0x0000000010392f12 to 0x0000000010393011

Events (10 events):
Event: 3.270 Thread 0x0000000007a3c000 Uncommon trap: trap_request=0xffffffde fr.pc=0x000000001051976c
Event: 3.270 Thread 0x0000000007a3c000 DEOPT PACKING pc=0x000000001051976c sp=0x000000000932e5e0
Event: 3.270 Thread 0x0000000007a3c000 DEOPT UNPACKING pc=0x000000001008582a sp=0x000000000932e558 mode 2
Event: 3.279 Executing VM operation: ForceSafepoint
Event: 3.280 Executing VM operation: ForceSafepoint done
Event: 3.293 Thread 0x0000000007a3c000 Uncommon trap: trap_request=0xffffff65 fr.pc=0x00000000105b39e8
Event: 3.293 Thread 0x0000000007a3c000 DEOPT PACKING pc=0x00000000105b39e8 sp=0x000000000932e710
Event: 3.293 Thread 0x0000000007a3c000 DEOPT UNPACKING pc=0x000000001008582a sp=0x000000000932e6f8 mode 2
Event: 3.299 Thread 0x0000000007a3c000 DEOPT PACKING pc=0x0000000010362618 sp=0x000000000932e870
Event: 3.299 Thread 0x0000000007a3c000 DEOPT UNPACKING pc=0x000000001008787f sp=0x000000000932e5b8 mode 0


Dynamic libraries:
0x000000013f660000 - 0x000000013f697000 	C:\Program Files\Java\jdk1.8.0_77\bin\java.exe
0x0000000077ab0000 - 0x0000000077c5a000 	C:\Windows\SYSTEM32\ntdll.dll
0x0000000077890000 - 0x00000000779af000 	C:\Windows\system32\kernel32.dll
0x000007fefdad0000 - 0x000007fefdb3b000 	C:\Windows\system32\KERNELBASE.dll
0x000007feff7d0000 - 0x000007feff8ab000 	C:\Windows\system32\ADVAPI32.dll
0x000007feff720000 - 0x000007feff7bf000 	C:\Windows\system32\msvcrt.dll
0x000007feff690000 - 0x000007feff6af000 	C:\Windows\SYSTEM32\sechost.dll
0x000007feff990000 - 0x000007feffabd000 	C:\Windows\system32\RPCRT4.dll
0x00000000779b0000 - 0x0000000077aaa000 	C:\Windows\system32\USER32.dll
0x000007feff6b0000 - 0x000007feff717000 	C:\Windows\system32\GDI32.dll
0x000007feff7c0000 - 0x000007feff7ce000 	C:\Windows\system32\LPK.dll
0x000007feff8b0000 - 0x000007feff97a000 	C:\Windows\system32\USP10.dll
0x000007fefbf60000 - 0x000007fefc154000 	C:\Windows\WinSxS\amd64_microsoft.windows.common-controls_6595b64144ccf1df_6.0.7601.18837_none_fa3b1e3d17594757\COMCTL32.dll
0x000007feff380000 - 0x000007feff3f1000 	C:\Windows\system32\SHLWAPI.dll
0x000007fefebc0000 - 0x000007fefebee000 	C:\Windows\system32\IMM32.DLL
0x000007fefdbf0000 - 0x000007fefdcf9000 	C:\Windows\system32\MSCTF.dll
0x000007fef32b0000 - 0x000007fef32d3000 	C:\Windows\system32\f_im.dll
0x0000000061000000 - 0x00000000610bd000 	C:\Program Files\Fasoo DRM\f_sps.dll
0x000007fefc880000 - 0x000007fefc88c000 	C:\Windows\system32\VERSION.dll
0x000007fefdd50000 - 0x000007fefeada000 	C:\Windows\system32\SHELL32.dll
0x000007fefeec0000 - 0x000007feff0c3000 	C:\Windows\system32\ole32.dll
0x000007fefeae0000 - 0x000007fefebb7000 	C:\Windows\system32\OLEAUT32.dll
0x000000005a240000 - 0x000000005a26f000 	C:\Windows\WinSxS\amd64_microsoft.vc90.atl_1fc8b3b9a1e18e3b_9.0.30729.6161_none_0a1fd3a3a768b895\ATL90.DLL
0x0000000077c80000 - 0x0000000077c87000 	C:\Windows\system32\PSAPI.DLL
0x000007fefa1e0000 - 0x000007fefa251000 	C:\Windows\system32\winspool.drv
0x0000000010000000 - 0x0000000010033000 	C:\Windows\system32\f_pbrc12.dll
0x000007fefb9a0000 - 0x000007fefb9b8000 	C:\Windows\system32\dwmapi.dll
0x0000000057bc0000 - 0x0000000057c92000 	C:\Program Files\Java\jdk1.8.0_77\jre\bin\msvcr100.dll
0x0000000053680000 - 0x0000000053f10000 	C:\Program Files\Java\jdk1.8.0_77\jre\bin\server\jvm.dll
0x000007feef4d0000 - 0x000007feef4d9000 	C:\Windows\system32\WSOCK32.dll
0x000007fefdd00000 - 0x000007fefdd4d000 	C:\Windows\system32\WS2_32.dll
0x000007feff980000 - 0x000007feff988000 	C:\Windows\system32\NSI.dll
0x000007fefa700000 - 0x000007fefa73b000 	C:\Windows\system32\WINMM.dll
0x0000000071ea0000 - 0x0000000071eaf000 	C:\Program Files\Java\jdk1.8.0_77\jre\bin\verify.dll
0x0000000070b30000 - 0x0000000070b59000 	C:\Program Files\Java\jdk1.8.0_77\jre\bin\java.dll
0x0000000071bc0000 - 0x0000000071bd6000 	C:\Program Files\Java\jdk1.8.0_77\jre\bin\zip.dll
0x000007fefd840000 - 0x000007fefd84f000 	C:\Windows\system32\profapi.dll

VM Arguments:
jvm_args: -Djava.awt.headless=true -Xmx1024M -Dfile.encoding=x-windows-949 -Duser.country=KR -Duser.language=ko -Duser.variant 
java_command: com.android.dx.command.Main --dex --num-threads=4 --output C:\Users\T22mo\workspace\emoodchart-android\app\build\intermediates\pre-dexed\debug\com.android.support-support-v4-24.1.1_3df66a45f431eed3428d1fbb3a8fde66f3422450.jar C:\Users\T22mo\workspace\emoodchart-android\app\build\intermediates\exploded-aar\com.android.support\support-v4\24.1.1\jars\classes.jar
java_class_path (initial): D:\Program Files (x86)\Android\build-tools\24.0.1\lib\dx.jar
Launcher Type: SUN_STANDARD

Environment Variables:
JAVA_HOME=C:\Program Files\Java\jdk1.8.0_77\jre
PATH=C:\Program Files\Common Files\Microsoft Shared\Windows Live;C:\Program Files (x86)\Common Files\Microsoft Shared\Windows Live;C:\ProgramData\Oracle\Java\javapath;C:\Program Files (x86)\Intel\iCLS Client\;C:\Program Files\Intel\iCLS Client\;C:\Windows\system32;C:\Windows;C:\Windows\System32\Wbem;C:\Windows\System32\WindowsPowerShell\v1.0\;C:\Program Files\Intel\Intel(R) Management Engine Components\DAL;C:\Program Files\Intel\Intel(R) Management Engine Components\IPT;C:\Program Files (x86)\Intel\Intel(R) Management Engine Components\DAL;C:\Program Files (x86)\Intel\Intel(R) Management Engine Components\IPT;C:\Program Files\Microsoft\Web Platform Installer\;C:\Program Files (x86)\Microsoft ASP.NET\ASP.NET Web Pages\v1.0\;C:\Program Files (x86)\Heroku\bin;C:\Program Files (x86)\git\cmd;C:\Program Files (x86)\Windows Live\Shared;D:\Program Files (x86)\nodejs\;D:\Program Files (x86)\DLR\Sumo\bin\;D:\Program Files (x86)\DLR\Sumo\tools\;C:\Program Files\Git\cmd;D:\TDM-GCC-64\bin;C:\Program Files\Java\jdk1.8.0_77\jre;D:\Program Files\Anaconda2;D:\Program Files\Anaconda2\Scripts;D:\Program Files\Anaconda2\Library\bin;C:\Program Files (x86)\Java\jre7\bin;C:\Users\T22mo\AppData\Local\Android\sdk\platform-tools;C:\Program Files\Bandizip\7z;C:\Users\T22mo\AppData\Roaming\npm;D:\Program Files\Docker Toolbox;C:\Python27;C:\Python27\Scripts;D:\Program Files\Anaconda2\MinGW\x86_64-w64-mingw32\lib;C:\Program Files\Java\jdk1.8.0_77\jre
USERNAME=T22mo
OS=Windows_NT
PROCESSOR_IDENTIFIER=Intel64 Family 6 Model 58 Stepping 9, GenuineIntel



---------------  S Y S T E M  ---------------

OS: Windows 7 , 64 bit Build 7601 (6.1.7601.19135)

CPU:total 4 (4 cores per cpu, 1 threads per core) family 6 model 58 stepping 9, cmov, cx8, fxsr, mmx, sse, sse2, sse3, ssse3, sse4.1, sse4.2, popcnt, avx, aes, clmul, erms, tsc, tscinvbit, tscinv

Memory: 4k page, physical 6230128k(1071100k free), swap 13817692k(3692k free)

vm_info: Java HotSpot(TM) 64-Bit Server VM (25.77-b03) for windows-amd64 JRE (1.8.0_77-b03), built on Mar 20 2016 22:01:33 by "java_re" with MS VC++ 10.0 (VS2010)

time: Tue Aug 30 11:43:43 2016
elapsed time: 3 seconds (0d 0h 0m 3s)

