#
# There is insufficient memory for the Java Runtime Environment to continue.
# Native memory allocation (malloc) failed to allocate 65552 bytes for Chunk::new
# Possible reasons:
#   The system is out of physical RAM or swap space
#   In 32 bit mode, the process size limit was hit
# Possible solutions:
#   Reduce memory load on the system
#   Increase physical memory or swap space
#   Check if swap backing store is full
#   Use 64 bit Java on a 64 bit OS
#   Decrease Java heap size (-Xmx/-Xms)
#   Decrease number of Java threads
#   Decrease Java thread stack sizes (-Xss)
#   Set larger code cache with -XX:ReservedCodeCacheSize=
# This output file may be truncated or incomplete.
#
#  Out of Memory Error (allocation.cpp:390), pid=15268, tid=16808
#
# JRE version: Java(TM) SE Runtime Environment (8.0_77-b03) (build 1.8.0_77-b03)
# Java VM: Java HotSpot(TM) 64-Bit Server VM (25.77-b03 mixed mode windows-amd64 compressed oops)
# Failed to write core dump. Minidumps are not enabled by default on client versions of Windows
#

---------------  T H R E A D  ---------------

Current thread (0x00000000062af000):  JavaThread "C2 CompilerThread0" daemon [_thread_in_native, id=16808, stack(0x0000000007520000,0x0000000007620000)]

Stack: [0x0000000007520000,0x0000000007620000]
[error occurred during error reporting (printing stack bounds), id 0xc0000005]

Native frames: (J=compiled Java code, j=interpreted, Vv=VM code, C=native code)


Current CompileTask:
C2:   5027 1259       4       com.android.dx.ssa.SCCP::simulateBranch (666 bytes)


---------------  P R O C E S S  ---------------

Java Threads: ( => current thread )
  0x00000000083d7000 JavaThread "pool-1-thread-4" [_thread_blocked, id=1476, stack(0x0000000009160000,0x0000000009260000)]
  0x0000000007a1d000 JavaThread "pool-1-thread-3" [_thread_blocked, id=8576, stack(0x0000000008f30000,0x0000000009030000)]
  0x0000000007a1c000 JavaThread "pool-1-thread-2" [_thread_blocked, id=12468, stack(0x0000000008de0000,0x0000000008ee0000)]
  0x0000000007a41800 JavaThread "pool-2-thread-1" [_thread_blocked, id=16620, stack(0x0000000008bd0000,0x0000000008cd0000)]
  0x0000000007a40800 JavaThread "pool-1-thread-1" [_thread_blocked, id=16092, stack(0x0000000007ef0000,0x0000000007ff0000)]
  0x0000000007743000 JavaThread "Service Thread" daemon [_thread_blocked, id=14228, stack(0x00000000081b0000,0x00000000082b0000)]
  0x0000000007737000 JavaThread "C1 CompilerThread2" daemon [_thread_blocked, id=16544, stack(0x0000000008010000,0x0000000008110000)]
  0x000000000772b800 JavaThread "C2 CompilerThread1" daemon [_thread_in_native, id=16124, stack(0x0000000007da0000,0x0000000007ea0000)]
=>0x00000000062af000 JavaThread "C2 CompilerThread0" daemon [_thread_in_native, id=16808, stack(0x0000000007520000,0x0000000007620000)]
  0x000000000772a800 JavaThread "Attach Listener" daemon [_thread_blocked, id=16788, stack(0x0000000007b60000,0x0000000007c60000)]
  0x0000000006298000 JavaThread "Signal Dispatcher" daemon [_thread_blocked, id=17000, stack(0x00000000070c0000,0x00000000071c0000)]
  0x0000000006284000 JavaThread "Finalizer" daemon [_thread_blocked, id=13704, stack(0x0000000007620000,0x0000000007720000)]
  0x0000000006242800 JavaThread "Reference Handler" daemon [_thread_blocked, id=9628, stack(0x0000000007420000,0x0000000007520000)]
  0x0000000001d2f800 JavaThread "main" [_thread_blocked, id=14576, stack(0x00000000025c0000,0x00000000026c0000)]

Other Threads:
  0x000000000623b000 VMThread [stack: 0x0000000007210000,0x0000000007310000] [id=992]
  0x00000000077f4000 WatcherThread [stack: 0x00000000082d0000,0x00000000083d0000] [id=7752]

VM state:not at safepoint (normal execution)

VM Mutex/Monitor currently owned by a thread: None

Heap:
 PSYoungGen      total 28672K, used 28011K [0x00000000eab00000, 0x00000000ee300000, 0x0000000100000000)
  eden space 24576K, 100% used [0x00000000eab00000,0x00000000ec300000,0x00000000ec300000)
  from space 4096K, 83% used [0x00000000ec300000,0x00000000ec65af60,0x00000000ec700000)
  to   space 4096K, 0% used [0x00000000edf00000,0x00000000edf00000,0x00000000ee300000)
 ParOldGen       total 65536K, used 0K [0x00000000c0000000, 0x00000000c4000000, 0x00000000eab00000)
  object space 65536K, 0% used [0x00000000c0000000,0x00000000c0000000,0x00000000c4000000)
 Metaspace       used 6061K, capacity 6964K, committed 7040K, reserved 1056768K
  class space    used 606K, capacity 620K, committed 640K, reserved 1048576K

Card table byte_map: [0x0000000002b80000,0x0000000002d90000] byte_map_base: 0x0000000002580000

Marking Bits: (ParMarkBitMap*) 0x0000000070a40600
 Begin Bits: [0x00000000036b0000, 0x00000000046b0000)
 End Bits:   [0x00000000046b0000, 0x00000000056b0000)

Polling page: 0x0000000000160000

CodeCache: size=245760Kb used=4987Kb max_used=4987Kb free=240772Kb
 bounds [0x0000000010040000, 0x0000000010530000, 0x000000001f040000]
 total_blobs=1534 nmethods=1263 adapters=184
 compilation: enabled

Compilation events (10 events):
Event: 4.854 Thread 0x000000000772b800 nmethod 1254 0x0000000010510090 code [0x00000000105101e0, 0x00000000105104f8]
Event: 4.903 Thread 0x0000000007737000 1252       3       com.android.dx.ssa.back.SsaToRop::moveParametersToHighRegisters (88 bytes)
Event: 4.903 Thread 0x0000000007737000 nmethod 1252 0x000000001050f2d0 code [0x000000001050f4a0, 0x000000001050fd58]
Event: 4.903 Thread 0x0000000007737000 1256       3       com.android.dx.rop.type.Type::internClassName (56 bytes)
Event: 4.904 Thread 0x0000000007737000 nmethod 1256 0x0000000010510b10 code [0x0000000010510d60, 0x0000000010511c18]
Event: 5.003 Thread 0x0000000007737000 1257       1       com.android.dx.dex.file.DexFile::getFieldIds (5 bytes)
Event: 5.003 Thread 0x0000000007737000 nmethod 1257 0x000000001050aa90 code [0x000000001050abe0, 0x000000001050acf0]
Event: 5.003 Thread 0x000000000772b800 1258       4       com.android.dx.rop.code.InsnList::set (7 bytes)
Event: 5.003 Thread 0x00000000062af000 1259       4       com.android.dx.ssa.SCCP::simulateBranch (666 bytes)
Event: 5.004 Thread 0x000000000772b800 nmethod 1258 0x0000000010518290 code [0x00000000105183e0, 0x00000000105184d8]

GC Heap History (2 events):
Event: 2.004 GC heap before
{Heap before GC invocations=1 (full 0):
 PSYoungGen      total 28672K, used 24576K [0x00000000eab00000, 0x00000000ecb00000, 0x0000000100000000)
  eden space 24576K, 100% used [0x00000000eab00000,0x00000000ec300000,0x00000000ec300000)
  from space 4096K, 0% used [0x00000000ec700000,0x00000000ec700000,0x00000000ecb00000)
  to   space 4096K, 0% used [0x00000000ec300000,0x00000000ec300000,0x00000000ec700000)
 ParOldGen       total 65536K, used 0K [0x00000000c0000000, 0x00000000c4000000, 0x00000000eab00000)
  object space 65536K, 0% used [0x00000000c0000000,0x00000000c0000000,0x00000000c4000000)
 Metaspace       used 5397K, capacity 6384K, committed 6528K, reserved 1056768K
  class space    used 593K, capacity 616K, committed 640K, reserved 1048576K
Event: 2.336 GC heap after
Heap after GC invocations=1 (full 0):
 PSYoungGen      total 28672K, used 3435K [0x00000000eab00000, 0x00000000ee300000, 0x0000000100000000)
  eden space 24576K, 0% used [0x00000000eab00000,0x00000000eab00000,0x00000000ec300000)
  from space 4096K, 83% used [0x00000000ec300000,0x00000000ec65af60,0x00000000ec700000)
  to   space 4096K, 0% used [0x00000000edf00000,0x00000000edf00000,0x00000000ee300000)
 ParOldGen       total 65536K, used 0K [0x00000000c0000000, 0x00000000c4000000, 0x00000000eab00000)
  object space 65536K, 0% used [0x00000000c0000000,0x00000000c0000000,0x00000000c4000000)
 Metaspace       used 5397K, capacity 6384K, committed 6528K, reserved 1056768K
  class space    used 593K, capacity 616K, committed 640K, reserved 1048576K
}

Deoptimization events (5 events):
Event: 1.077 Thread 0x0000000001d2f800 Uncommon trap: reason=unstable_if action=reinterpret pc=0x0000000010199c84 method=java.lang.String.compareTo(Ljava/lang/String;)I @ 38
Event: 2.423 Thread 0x0000000007a40800 Uncommon trap: reason=unstable_if action=reinterpret pc=0x0000000010257bac method=java.util.HashMap.getNode(ILjava/lang/Object;)Ljava/util/HashMap$Node; @ 62
Event: 4.581 Thread 0x0000000007a40800 Uncommon trap: reason=unstable_if action=reinterpret pc=0x0000000010254920 method=java.util.BitSet.nextSetBit(I)I @ 87
Event: 4.709 Thread 0x0000000007a40800 Uncommon trap: reason=unstable_if action=reinterpret pc=0x0000000010397e44 method=com.android.dx.rop.cst.Constant.compareTo(Lcom/android/dx/rop/cst/Constant;)I @ 12
Event: 4.722 Thread 0x0000000007a40800 Uncommon trap: reason=class_check action=maybe_recompile pc=0x0000000010398210 method=com.android.dx.rop.type.Type.equals(Ljava/lang/Object;)Z @ 8

Internal exceptions (2 events):
Event: 0.098 Thread 0x0000000001d2f800 Exception <a 'java/lang/NoSuchMethodError': Method sun.misc.Unsafe.defineClass(Ljava/lang/String;[BII)Ljava/lang/Class; name or signature does not match> (0x00000000eab07cc0) thrown at [D:\re\workspace\8-2-build-windows-amd64-cygwin\jdk8u77\6540\hotspot\sr²:X$¹?
Event: 0.098 Thread 0x0000000001d2f800 Exception <a 'java/lang/NoSuchMethodError': Method sun.misc.Unsafe.prefetchRead(Ljava/lang/Object;J)V name or signature does not match> (0x00000000eab07fa8) thrown at [D:\re\workspace\8-2-build-windows-amd64-cygwin\jdk8u77\6540\hotspot\src\share\vm\prims\j

Events (10 events):
Event: 4.581 Thread 0x0000000007a40800 DEOPT PACKING pc=0x0000000010254920 sp=0x0000000007feeed0
Event: 4.581 Thread 0x0000000007a40800 DEOPT UNPACKING pc=0x000000001008582a sp=0x0000000007feee68 mode 2
Event: 4.709 Thread 0x0000000007a40800 Uncommon trap: trap_request=0xffffff65 fr.pc=0x0000000010397e44
Event: 4.710 Thread 0x0000000007a40800 DEOPT PACKING pc=0x0000000010397e44 sp=0x0000000007feeaf0
Event: 4.710 Thread 0x0000000007a40800 DEOPT UNPACKING pc=0x000000001008582a sp=0x0000000007feea90 mode 2
Event: 4.722 Thread 0x0000000007a40800 Uncommon trap: trap_request=0xffffffde fr.pc=0x0000000010398210
Event: 4.722 Thread 0x0000000007a40800 DEOPT PACKING pc=0x0000000010398210 sp=0x0000000007feea50
Event: 4.722 Thread 0x0000000007a40800 DEOPT UNPACKING pc=0x000000001008582a sp=0x0000000007fee9e8 mode 2
Event: 4.993 Executing VM operation: EnableBiasedLocking
Event: 4.993 Executing VM operation: EnableBiasedLocking done


Dynamic libraries:
0x000000013f8d0000 - 0x000000013f907000 	C:\Program Files\Java\jdk1.8.0_77\bin\java.exe
0x0000000077ab0000 - 0x0000000077c5a000 	C:\Windows\SYSTEM32\ntdll.dll
0x0000000077890000 - 0x00000000779af000 	C:\Windows\system32\kernel32.dll
0x000007fefdad0000 - 0x000007fefdb3b000 	C:\Windows\system32\KERNELBASE.dll
0x000007feff7d0000 - 0x000007feff8ab000 	C:\Windows\system32\ADVAPI32.dll
0x000007feff720000 - 0x000007feff7bf000 	C:\Windows\system32\msvcrt.dll
0x000007feff690000 - 0x000007feff6af000 	C:\Windows\SYSTEM32\sechost.dll
0x000007feff990000 - 0x000007feffabd000 	C:\Windows\system32\RPCRT4.dll
0x00000000779b0000 - 0x0000000077aaa000 	C:\Windows\system32\USER32.dll
0x000007feff6b0000 - 0x000007feff717000 	C:\Windows\system32\GDI32.dll
0x000007feff7c0000 - 0x000007feff7ce000 	C:\Windows\system32\LPK.dll
0x000007feff8b0000 - 0x000007feff97a000 	C:\Windows\system32\USP10.dll
0x000007fefbf60000 - 0x000007fefc154000 	C:\Windows\WinSxS\amd64_microsoft.windows.common-controls_6595b64144ccf1df_6.0.7601.18837_none_fa3b1e3d17594757\COMCTL32.dll
0x000007feff380000 - 0x000007feff3f1000 	C:\Windows\system32\SHLWAPI.dll
0x000007fefebc0000 - 0x000007fefebee000 	C:\Windows\system32\IMM32.DLL
0x000007fefdbf0000 - 0x000007fefdcf9000 	C:\Windows\system32\MSCTF.dll
0x000007fef32b0000 - 0x000007fef32d3000 	C:\Windows\system32\f_im.dll
0x0000000061000000 - 0x00000000610bd000 	C:\Program Files\Fasoo DRM\f_sps.dll
0x000007fefc880000 - 0x000007fefc88c000 	C:\Windows\system32\VERSION.dll
0x000007fefdd50000 - 0x000007fefeada000 	C:\Windows\system32\SHELL32.dll
0x000007fefeec0000 - 0x000007feff0c3000 	C:\Windows\system32\ole32.dll
0x000007fefeae0000 - 0x000007fefebb7000 	C:\Windows\system32\OLEAUT32.dll
0x000000005a240000 - 0x000000005a26f000 	C:\Windows\WinSxS\amd64_microsoft.vc90.atl_1fc8b3b9a1e18e3b_9.0.30729.6161_none_0a1fd3a3a768b895\ATL90.DLL
0x0000000077c80000 - 0x0000000077c87000 	C:\Windows\system32\PSAPI.DLL
0x000007fefa1e0000 - 0x000007fefa251000 	C:\Windows\system32\winspool.drv
0x0000000010000000 - 0x0000000010033000 	C:\Windows\system32\f_pbrc12.dll
0x000007fefb9a0000 - 0x000007fefb9b8000 	C:\Windows\system32\dwmapi.dll
0x0000000067790000 - 0x0000000067862000 	C:\Program Files\Java\jdk1.8.0_77\jre\bin\msvcr100.dll
0x0000000070230000 - 0x0000000070ac0000 	C:\Program Files\Java\jdk1.8.0_77\jre\bin\server\jvm.dll
0x000007feef4d0000 - 0x000007feef4d9000 	C:\Windows\system32\WSOCK32.dll
0x000007fefdd00000 - 0x000007fefdd4d000 	C:\Windows\system32\WS2_32.dll
0x000007feff980000 - 0x000007feff988000 	C:\Windows\system32\NSI.dll
0x000007fefa700000 - 0x000007fefa73b000 	C:\Windows\system32\WINMM.dll
0x0000000072920000 - 0x000000007292f000 	C:\Program Files\Java\jdk1.8.0_77\jre\bin\verify.dll
0x0000000067760000 - 0x0000000067789000 	C:\Program Files\Java\jdk1.8.0_77\jre\bin\java.dll
0x000000006a950000 - 0x000000006a966000 	C:\Program Files\Java\jdk1.8.0_77\jre\bin\zip.dll
0x000007fefd840000 - 0x000007fefd84f000 	C:\Windows\system32\profapi.dll

VM Arguments:
jvm_args: -Djava.awt.headless=true -Xmx1024M -Dfile.encoding=x-windows-949 -Duser.country=KR -Duser.language=ko -Duser.variant 
java_command: com.android.dx.command.Main --dex --num-threads=4 --output C:\Users\T22mo\workspace\emoodchart-android\app\build\intermediates\pre-dexed\debug\com.android.support-support-v4-24.1.1_3df66a45f431eed3428d1fbb3a8fde66f3422450.jar C:\Users\T22mo\workspace\emoodchart-android\app\build\intermediates\exploded-aar\com.android.support\support-v4\24.1.1\jars\classes.jar
java_class_path (initial): D:\Program Files (x86)\Android\build-tools\24.0.1\lib\dx.jar
Launcher Type: SUN_STANDARD

Environment Variables:
JAVA_HOME=C:\Program Files\Java\jdk1.8.0_77\jre
PATH=C:\Program Files\Common Files\Microsoft Shared\Windows Live;C:\Program Files (x86)\Common Files\Microsoft Shared\Windows Live;C:\ProgramData\Oracle\Java\javapath;C:\Program Files (x86)\Intel\iCLS Client\;C:\Program Files\Intel\iCLS Client\;C:\Windows\system32;C:\Windows;C:\Windows\System32\Wbem;C:\Windows\System32\WindowsPowerShell\v1.0\;C:\Program Files\Intel\Intel(R) Management Engine Components\DAL;C:\Program Files\Intel\Intel(R) Management Engine Components\IPT;C:\Program Files (x86)\Intel\Intel(R) Management Engine Components\DAL;C:\Program Files (x86)\Intel\Intel(R) Management Engine Components\IPT;C:\Program Files\Microsoft\Web Platform Installer\;C:\Program Files (x86)\Microsoft ASP.NET\ASP.NET Web Pages\v1.0\;C:\Program Files (x86)\Heroku\bin;C:\Program Files (x86)\git\cmd;C:\Program Files (x86)\Windows Live\Shared;D:\Program Files (x86)\nodejs\;D:\Program Files (x86)\DLR\Sumo\bin\;D:\Program Files (x86)\DLR\Sumo\tools\;C:\Program Files\Git\cmd;D:\TDM-GCC-64\bin;C:\Program Files\Java\jdk1.8.0_77\jre;D:\Program Files\Anaconda2;D:\Program Files\Anaconda2\Scripts;D:\Program Files\Anaconda2\Library\bin;C:\Program Files (x86)\Java\jre7\bin;C:\Users\T22mo\AppData\Local\Android\sdk\platform-tools;C:\Program Files\Bandizip\7z;C:\Users\T22mo\AppData\Roaming\npm;D:\Program Files\Docker Toolbox;C:\Python27;C:\Python27\Scripts;D:\Program Files\Anaconda2\MinGW\x86_64-w64-mingw32\lib;C:\Program Files\Java\jdk1.8.0_77\jre
USERNAME=T22mo
OS=Windows_NT
PROCESSOR_IDENTIFIER=Intel64 Family 6 Model 58 Stepping 9, GenuineIntel



---------------  S Y S T E M  ---------------

OS: Windows 7 , 64 bit Build 7601 (6.1.7601.19135)

CPU:total 4 (4 cores per cpu, 1 threads per core) family 6 model 58 stepping 9, cmov, cx8, fxsr, mmx, sse, sse2, sse3, ssse3, sse4.1, sse4.2, popcnt, avx, aes, clmul, erms, tsc, tscinvbit, tscinv

Memory: 4k page, physical 6230128k(1026008k free), swap 13817692k(2932k free)

vm_info: Java HotSpot(TM) 64-Bit Server VM (25.77-b03) for windows-amd64 JRE (1.8.0_77-b03), built on Mar 20 2016 22:01:33 by "java_re" with MS VC++ 10.0 (VS2010)

time: Tue Aug 30 18:01:28 2016
elapsed time: 5 seconds (0d 0h 0m 5s)

