#
# There is insufficient memory for the Java Runtime Environment to continue.
# Native memory allocation (malloc) failed to allocate 65552 bytes for Chunk::new
# Possible reasons:
#   The system is out of physical RAM or swap space
#   In 32 bit mode, the process size limit was hit
# Possible solutions:
#   Reduce memory load on the system
#   Increase physical memory or swap space
#   Check if swap backing store is full
#   Use 64 bit Java on a 64 bit OS
#   Decrease Java heap size (-Xmx/-Xms)
#   Decrease number of Java threads
#   Decrease Java thread stack sizes (-Xss)
#   Set larger code cache with -XX:ReservedCodeCacheSize=
# This output file may be truncated or incomplete.
#
#  Out of Memory Error (allocation.cpp:390), pid=14144, tid=10340
#
# JRE version: Java(TM) SE Runtime Environment (8.0_77-b03) (build 1.8.0_77-b03)
# Java VM: Java HotSpot(TM) 64-Bit Server VM (25.77-b03 mixed mode windows-amd64 compressed oops)
# Failed to write core dump. Minidumps are not enabled by default on client versions of Windows
#

---------------  T H R E A D  ---------------

Current thread (0x00000000075db800):  JavaThread "C2 CompilerThread1" daemon [_thread_in_native, id=10340, stack(0x0000000008070000,0x0000000008170000)]

Stack: [0x0000000008070000,0x0000000008170000]
[error occurred during error reporting (printing stack bounds), id 0xc0000005]

Native frames: (J=compiled Java code, j=interpreted, Vv=VM code, C=native code)


Current CompileTask:
C2:   5724 1939       4       com.android.dx.ssa.DeadCodeRemover::run (194 bytes)


---------------  P R O C E S S  ---------------

Java Threads: ( => current thread )
  0x000000000797f800 JavaThread "pool-1-thread-4" [_thread_in_vm, id=1756, stack(0x00000000094c0000,0x00000000095c0000)]
  0x0000000007910800 JavaThread "pool-1-thread-3" [_thread_blocked, id=15696, stack(0x0000000009330000,0x0000000009430000)]
  0x0000000007962000 JavaThread "pool-1-thread-2" [_thread_blocked, id=16560, stack(0x0000000009080000,0x0000000009180000)]
  0x0000000007951000 JavaThread "pool-2-thread-1" [_thread_blocked, id=8868, stack(0x0000000008380000,0x0000000008480000)]
  0x000000000793d800 JavaThread "pool-1-thread-1" [_thread_blocked, id=16736, stack(0x0000000008ef0000,0x0000000008ff0000)]
  0x0000000007655000 JavaThread "Service Thread" daemon [_thread_blocked, id=14192, stack(0x0000000008220000,0x0000000008320000)]
  0x00000000075dc800 JavaThread "C1 CompilerThread2" daemon [_thread_blocked, id=15028, stack(0x00000000079e0000,0x0000000007ae0000)]
=>0x00000000075db800 JavaThread "C2 CompilerThread1" daemon [_thread_in_native, id=10340, stack(0x0000000008070000,0x0000000008170000)]
  0x00000000061c7800 JavaThread "C2 CompilerThread0" daemon [_thread_blocked, id=15708, stack(0x0000000007ee0000,0x0000000007fe0000)]
  0x00000000061c6800 JavaThread "Attach Listener" daemon [_thread_blocked, id=5656, stack(0x0000000007d00000,0x0000000007e00000)]
  0x00000000075cc800 JavaThread "Signal Dispatcher" daemon [_thread_blocked, id=15540, stack(0x0000000007b60000,0x0000000007c60000)]
  0x00000000061b4000 JavaThread "Finalizer" daemon [_thread_blocked, id=2728, stack(0x00000000074c0000,0x00000000075c0000)]
  0x0000000006172800 JavaThread "Reference Handler" daemon [_thread_blocked, id=16272, stack(0x0000000007340000,0x0000000007440000)]
  0x000000000271f800 JavaThread "main" [_thread_blocked, id=4936, stack(0x0000000002980000,0x0000000002a80000)]

Other Threads:
  0x000000000616b000 VMThread [stack: 0x0000000007210000,0x0000000007310000] [id=17240]
  0x000000000765b800 WatcherThread [stack: 0x00000000084f0000,0x00000000085f0000] [id=16596]

VM state:not at safepoint (normal execution)

VM Mutex/Monitor currently owned by a thread: None

Heap:
 PSYoungGen      total 102400K, used 17311K [0x00000000eab00000, 0x00000000f1300000, 0x0000000100000000)
  eden space 98304K, 13% used [0x00000000eab00000,0x00000000eb7e8528,0x00000000f0b00000)
  from space 4096K, 99% used [0x00000000f0f00000,0x00000000f12ff880,0x00000000f1300000)
  to   space 4096K, 0% used [0x00000000f0b00000,0x00000000f0b00000,0x00000000f0f00000)
 ParOldGen       total 65536K, used 18542K [0x00000000c0000000, 0x00000000c4000000, 0x00000000eab00000)
  object space 65536K, 28% used [0x00000000c0000000,0x00000000c121b960,0x00000000c4000000)
 Metaspace       used 6385K, capacity 7128K, committed 7424K, reserved 1056768K
  class space    used 623K, capacity 656K, committed 768K, reserved 1048576K

Card table byte_map: [0x0000000002e40000,0x0000000003050000] byte_map_base: 0x0000000002840000

Marking Bits: (ParMarkBitMap*) 0x0000000070a40600
 Begin Bits: [0x00000000035e0000, 0x00000000045e0000)
 End Bits:   [0x00000000045e0000, 0x00000000055e0000)

Polling page: 0x0000000000160000

CodeCache: size=245760Kb used=8055Kb max_used=8066Kb free=237704Kb
 bounds [0x0000000010040000, 0x0000000010830000, 0x000000001f040000]
 total_blobs=2147 nmethods=1875 adapters=184
 compilation: enabled

Compilation events (10 events):
Event: 5.441 Thread 0x00000000061c7800 nmethod 1934 0x00000000108181d0 code [0x0000000010818340, 0x0000000010818798]
Event: 5.698 Thread 0x00000000075dc800 1935       3       com.android.dx.cf.iface.StdField::getConstantValue (28 bytes)
Event: 5.699 Thread 0x00000000075dc800 nmethod 1935 0x00000000107cfed0 code [0x00000000107d0060, 0x00000000107d0488]
Event: 5.699 Thread 0x00000000075dc800 1936       3       com.android.dx.dex.file.ClassDefItem::addStaticField (10 bytes)
Event: 5.699 Thread 0x00000000075dc800 nmethod 1936 0x00000000107cc950 code [0x00000000107ccac0, 0x00000000107cccc8]
Event: 5.699 Thread 0x00000000075dc800 1937       3       com.android.dx.dex.file.ClassDataItem::addStaticField (51 bytes)
Event: 5.699 Thread 0x00000000061c7800 1938       4       com.android.dx.rop.code.RegisterSpec::<init> (48 bytes)
Event: 5.699 Thread 0x00000000075dc800 nmethod 1937 0x0000000010819ad0 code [0x0000000010819cc0, 0x000000001081a558]
Event: 5.699 Thread 0x00000000075db800 1939       4       com.android.dx.ssa.DeadCodeRemover::run (194 bytes)
Event: 5.700 Thread 0x00000000061c7800 nmethod 1938 0x0000000010819850 code [0x0000000010819980, 0x0000000010819a38]

GC Heap History (8 events):
Event: 0.941 GC heap before
{Heap before GC invocations=1 (full 0):
 PSYoungGen      total 28672K, used 24576K [0x00000000eab00000, 0x00000000ecb00000, 0x0000000100000000)
  eden space 24576K, 100% used [0x00000000eab00000,0x00000000ec300000,0x00000000ec300000)
  from space 4096K, 0% used [0x00000000ec700000,0x00000000ec700000,0x00000000ecb00000)
  to   space 4096K, 0% used [0x00000000ec300000,0x00000000ec300000,0x00000000ec700000)
 ParOldGen       total 65536K, used 0K [0x00000000c0000000, 0x00000000c4000000, 0x00000000eab00000)
  object space 65536K, 0% used [0x00000000c0000000,0x00000000c0000000,0x00000000c4000000)
 Metaspace       used 5814K, capacity 6710K, committed 6784K, reserved 1056768K
  class space    used 601K, capacity 622K, committed 640K, reserved 1048576K
Event: 1.093 GC heap after
Heap after GC invocations=1 (full 0):
 PSYoungGen      total 28672K, used 4084K [0x00000000eab00000, 0x00000000ee300000, 0x0000000100000000)
  eden space 24576K, 0% used [0x00000000eab00000,0x00000000eab00000,0x00000000ec300000)
  from space 4096K, 99% used [0x00000000ec300000,0x00000000ec6fd0b8,0x00000000ec700000)
  to   space 4096K, 0% used [0x00000000edf00000,0x00000000edf00000,0x00000000ee300000)
 ParOldGen       total 65536K, used 1649K [0x00000000c0000000, 0x00000000c4000000, 0x00000000eab00000)
  object space 65536K, 2% used [0x00000000c0000000,0x00000000c019c7c8,0x00000000c4000000)
 Metaspace       used 5814K, capacity 6710K, committed 6784K, reserved 1056768K
  class space    used 601K, capacity 622K, committed 640K, reserved 1048576K
}
Event: 1.595 GC heap before
{Heap before GC invocations=2 (full 0):
 PSYoungGen      total 28672K, used 28660K [0x00000000eab00000, 0x00000000ee300000, 0x0000000100000000)
  eden space 24576K, 100% used [0x00000000eab00000,0x00000000ec300000,0x00000000ec300000)
  from space 4096K, 99% used [0x00000000ec300000,0x00000000ec6fd0b8,0x00000000ec700000)
  to   space 4096K, 0% used [0x00000000edf00000,0x00000000edf00000,0x00000000ee300000)
 ParOldGen       total 65536K, used 1649K [0x00000000c0000000, 0x00000000c4000000, 0x00000000eab00000)
  object space 65536K, 2% used [0x00000000c0000000,0x00000000c019c7c8,0x00000000c4000000)
 Metaspace       used 6099K, capacity 6966K, committed 7040K, reserved 1056768K
  class space    used 601K, capacity 622K, committed 640K, reserved 1048576K
Event: 1.802 GC heap after
Heap after GC invocations=2 (full 0):
 PSYoungGen      total 53248K, used 4073K [0x00000000eab00000, 0x00000000ee300000, 0x0000000100000000)
  eden space 49152K, 0% used [0x00000000eab00000,0x00000000eab00000,0x00000000edb00000)
  from space 4096K, 99% used [0x00000000edf00000,0x00000000ee2fa658,0x00000000ee300000)
  to   space 4096K, 0% used [0x00000000edb00000,0x00000000edb00000,0x00000000edf00000)
 ParOldGen       total 65536K, used 4436K [0x00000000c0000000, 0x00000000c4000000, 0x00000000eab00000)
  object space 65536K, 6% used [0x00000000c0000000,0x00000000c04553c8,0x00000000c4000000)
 Metaspace       used 6099K, capacity 6966K, committed 7040K, reserved 1056768K
  class space    used 601K, capacity 622K, committed 640K, reserved 1048576K
}
Event: 3.114 GC heap before
{Heap before GC invocations=3 (full 0):
 PSYoungGen      total 53248K, used 53225K [0x00000000eab00000, 0x00000000ee300000, 0x0000000100000000)
  eden space 49152K, 100% used [0x00000000eab00000,0x00000000edb00000,0x00000000edb00000)
  from space 4096K, 99% used [0x00000000edf00000,0x00000000ee2fa658,0x00000000ee300000)
  to   space 4096K, 0% used [0x00000000edb00000,0x00000000edb00000,0x00000000edf00000)
 ParOldGen       total 65536K, used 4436K [0x00000000c0000000, 0x00000000c4000000, 0x00000000eab00000)
  object space 65536K, 6% used [0x00000000c0000000,0x00000000c04553c8,0x00000000c4000000)
 Metaspace       used 6335K, capacity 7128K, committed 7424K, reserved 1056768K
  class space    used 622K, capacity 656K, committed 768K, reserved 1048576K
Event: 3.452 GC heap after
Heap after GC invocations=3 (full 0):
 PSYoungGen      total 53248K, used 4073K [0x00000000eab00000, 0x00000000f1300000, 0x0000000100000000)
  eden space 49152K, 0% used [0x00000000eab00000,0x00000000eab00000,0x00000000edb00000)
  from space 4096K, 99% used [0x00000000edb00000,0x00000000edefa658,0x00000000edf00000)
  to   space 4096K, 0% used [0x00000000f0f00000,0x00000000f0f00000,0x00000000f1300000)
 ParOldGen       total 65536K, used 11863K [0x00000000c0000000, 0x00000000c4000000, 0x00000000eab00000)
  object space 65536K, 18% used [0x00000000c0000000,0x00000000c0b95f48,0x00000000c4000000)
 Metaspace       used 6335K, capacity 7128K, committed 7424K, reserved 1056768K
  class space    used 622K, capacity 656K, committed 768K, reserved 1048576K
}
Event: 3.850 GC heap before
{Heap before GC invocations=4 (full 0):
 PSYoungGen      total 53248K, used 53225K [0x00000000eab00000, 0x00000000f1300000, 0x0000000100000000)
  eden space 49152K, 100% used [0x00000000eab00000,0x00000000edb00000,0x00000000edb00000)
  from space 4096K, 99% used [0x00000000edb00000,0x00000000edefa658,0x00000000edf00000)
  to   space 4096K, 0% used [0x00000000f0f00000,0x00000000f0f00000,0x00000000f1300000)
 ParOldGen       total 65536K, used 11863K [0x00000000c0000000, 0x00000000c4000000, 0x00000000eab00000)
  object space 65536K, 18% used [0x00000000c0000000,0x00000000c0b95f48,0x00000000c4000000)
 Metaspace       used 6379K, capacity 7128K, committed 7424K, reserved 1056768K
  class space    used 622K, capacity 656K, committed 768K, reserved 1048576K
Event: 4.016 GC heap after
Heap after GC invocations=4 (full 0):
 PSYoungGen      total 102400K, used 4094K [0x00000000eab00000, 0x00000000f1300000, 0x0000000100000000)
  eden space 98304K, 0% used [0x00000000eab00000,0x00000000eab00000,0x00000000f0b00000)
  from space 4096K, 99% used [0x00000000f0f00000,0x00000000f12ff880,0x00000000f1300000)
  to   space 4096K, 0% used [0x00000000f0b00000,0x00000000f0b00000,0x00000000f0f00000)
 ParOldGen       total 65536K, used 18542K [0x00000000c0000000, 0x00000000c4000000, 0x00000000eab00000)
  object space 65536K, 28% used [0x00000000c0000000,0x00000000c121b960,0x00000000c4000000)
 Metaspace       used 6379K, capacity 7128K, committed 7424K, reserved 1056768K
  class space    used 622K, capacity 656K, committed 768K, reserved 1048576K
}

Deoptimization events (10 events):
Event: 2.399 Thread 0x0000000007962000 Uncommon trap: reason=unstable_if action=reinterpret pc=0x0000000010604340 method=java.util.HashMap.putVal(ILjava/lang/Object;Ljava/lang/Object;ZZ)Ljava/lang/Object; @ 109
Event: 2.407 Thread 0x0000000007962000 Uncommon trap: reason=bimorphic action=maybe_recompile pc=0x000000001061db1c method=com.android.dx.ssa.LiteralOpUpgrader.tryReplacingWithConstant(Lcom/android/dx/ssa/NormalSsaInsn;)Z @ 62
Event: 2.641 Thread 0x0000000007910800 Uncommon trap: reason=bimorphic action=maybe_recompile pc=0x00000000105e0140 method=com.android.dx.cf.code.BytecodeArray.parseInstruction(ILcom/android/dx/cf/code/BytecodeArray$Visitor;)I @ 907
Event: 2.641 Thread 0x0000000007910800 Uncommon trap: reason=bimorphic action=maybe_recompile pc=0x00000000105e0140 method=com.android.dx.cf.code.BytecodeArray.parseInstruction(ILcom/android/dx/cf/code/BytecodeArray$Visitor;)I @ 907
Event: 3.067 Thread 0x000000000271f800 Uncommon trap: reason=unloaded action=reinterpret pc=0x0000000010686690 method=com.android.dx.cf.cst.ConstantPoolParser.parse0(ILjava/util/BitSet;)Lcom/android/dx/rop/cst/Constant; @ 176
Event: 3.675 Thread 0x0000000007962000 Uncommon trap: reason=bimorphic action=maybe_recompile pc=0x000000001061db1c method=com.android.dx.ssa.LiteralOpUpgrader.tryReplacingWithConstant(Lcom/android/dx/ssa/NormalSsaInsn;)Z @ 62
Event: 3.688 Thread 0x0000000007962000 Uncommon trap: reason=bimorphic action=maybe_recompile pc=0x000000001061db1c method=com.android.dx.ssa.LiteralOpUpgrader.tryReplacingWithConstant(Lcom/android/dx/ssa/NormalSsaInsn;)Z @ 62
Event: 3.716 Thread 0x0000000007962000 Uncommon trap: reason=bimorphic action=maybe_recompile pc=0x00000000105e33a0 method=com.android.dx.cf.code.BytecodeArray.parseInstruction(ILcom/android/dx/cf/code/BytecodeArray$Visitor;)I @ 2484
Event: 3.716 Thread 0x0000000007962000 Uncommon trap: reason=bimorphic action=maybe_recompile pc=0x00000000105e33a0 method=com.android.dx.cf.code.BytecodeArray.parseInstruction(ILcom/android/dx/cf/code/BytecodeArray$Visitor;)I @ 2484
Event: 3.735 Thread 0x0000000007962000 Uncommon trap: reason=bimorphic action=maybe_recompile pc=0x000000001061db1c method=com.android.dx.ssa.LiteralOpUpgrader.tryReplacingWithConstant(Lcom/android/dx/ssa/NormalSsaInsn;)Z @ 62

Internal exceptions (5 events):
Event: 0.053 Thread 0x000000000271f800 Exception <a 'java/lang/NoSuchMethodError': Method sun.misc.Unsafe.defineClass(Ljava/lang/String;[BII)Ljava/lang/Class; name or signature does not match> (0x00000000eab07cc0) thrown at [D:\re\workspace\8-2-build-windows-amd64-cygwin\jdk8u77\6540\hotspot\sra6^µô«?
Event: 0.053 Thread 0x000000000271f800 Exception <a 'java/lang/NoSuchMethodError': Method sun.misc.Unsafe.prefetchRead(Ljava/lang/Object;J)V name or signature does not match> (0x00000000eab07fa8) thrown at [D:\re\workspace\8-2-build-windows-amd64-cygwin\jdk8u77\6540\hotspot\src\share\vm\prims\j@ÊƒTþ?
Event: 1.896 Thread 0x000000000797f800 Exception <a 'java/lang/ArrayIndexOutOfBoundsException': 18> (0x00000000eaeff4d8) thrown at [D:\re\workspace\8-2-build-windows-amd64-cygwin\jdk8u77\6540\hotspot\src\share\vm\interpreter\interpreterRuntime.cpp, line 366]
Event: 1.896 Thread 0x000000000797f800 Exception <a 'java/lang/ArrayIndexOutOfBoundsException': 145> (0x00000000eaf01058) thrown at [D:\re\workspace\8-2-build-windows-amd64-cygwin\jdk8u77\6540\hotspot\src\share\vm\interpreter\interpreterRuntime.cpp, line 366]
Event: 1.896 Thread 0x000000000797f800 Exception <a 'java/lang/ArrayIndexOutOfBoundsException': 40> (0x00000000eaf02340) thrown at [D:\re\workspace\8-2-build-windows-amd64-cygwin\jdk8u77\6540\hotspot\src\share\vm\interpreter\interpreterRuntime.cpp, line 366]

Events (10 events):
Event: 5.054 loading class com/android/dx/rop/code/RegisterSpec$1
Event: 5.054 loading class com/android/dx/rop/code/RegisterSpec$1 done
Event: 5.055 Thread 0x0000000007962000 DEOPT PACKING pc=0x0000000010391406 sp=0x000000000917ebd0
Event: 5.055 Thread 0x0000000007962000 DEOPT UNPACKING pc=0x000000001008787f sp=0x000000000917e938 mode 0
Event: 5.057 Thread 0x0000000007962000 DEOPT PACKING pc=0x0000000010459c8c sp=0x000000000917ed20
Event: 5.057 Thread 0x0000000007962000 DEOPT UNPACKING pc=0x000000001008787f sp=0x000000000917ea48 mode 0
Event: 5.070 Thread 0x0000000007962000 DEOPT PACKING pc=0x000000001039e6c0 sp=0x000000000917e930
Event: 5.070 Thread 0x0000000007962000 DEOPT UNPACKING pc=0x000000001008787f sp=0x000000000917e668 mode 0
Event: 5.227 Thread 0x000000000797f800 DEOPT PACKING pc=0x0000000010470580 sp=0x00000000095befd0
Event: 5.227 Thread 0x000000000797f800 DEOPT UNPACKING pc=0x000000001008787f sp=0x00000000095bed28 mode 0


Dynamic libraries:
0x000000013f8d0000 - 0x000000013f907000 	C:\Program Files\Java\jdk1.8.0_77\bin\java.exe
0x0000000077ab0000 - 0x0000000077c5a000 	C:\Windows\SYSTEM32\ntdll.dll
0x0000000077890000 - 0x00000000779af000 	C:\Windows\system32\kernel32.dll
0x000007fefdad0000 - 0x000007fefdb3b000 	C:\Windows\system32\KERNELBASE.dll
0x000007feff7d0000 - 0x000007feff8ab000 	C:\Windows\system32\ADVAPI32.dll
0x000007feff720000 - 0x000007feff7bf000 	C:\Windows\system32\msvcrt.dll
0x000007feff690000 - 0x000007feff6af000 	C:\Windows\SYSTEM32\sechost.dll
0x000007feff990000 - 0x000007feffabd000 	C:\Windows\system32\RPCRT4.dll
0x00000000779b0000 - 0x0000000077aaa000 	C:\Windows\system32\USER32.dll
0x000007feff6b0000 - 0x000007feff717000 	C:\Windows\system32\GDI32.dll
0x000007feff7c0000 - 0x000007feff7ce000 	C:\Windows\system32\LPK.dll
0x000007feff8b0000 - 0x000007feff97a000 	C:\Windows\system32\USP10.dll
0x000007fefbf60000 - 0x000007fefc154000 	C:\Windows\WinSxS\amd64_microsoft.windows.common-controls_6595b64144ccf1df_6.0.7601.18837_none_fa3b1e3d17594757\COMCTL32.dll
0x000007feff380000 - 0x000007feff3f1000 	C:\Windows\system32\SHLWAPI.dll
0x000007fefebc0000 - 0x000007fefebee000 	C:\Windows\system32\IMM32.DLL
0x000007fefdbf0000 - 0x000007fefdcf9000 	C:\Windows\system32\MSCTF.dll
0x000007fef32b0000 - 0x000007fef32d3000 	C:\Windows\system32\f_im.dll
0x0000000061000000 - 0x00000000610bd000 	C:\Program Files\Fasoo DRM\f_sps.dll
0x000007fefc880000 - 0x000007fefc88c000 	C:\Windows\system32\VERSION.dll
0x000007fefdd50000 - 0x000007fefeada000 	C:\Windows\system32\SHELL32.dll
0x000007fefeec0000 - 0x000007feff0c3000 	C:\Windows\system32\ole32.dll
0x000007fefeae0000 - 0x000007fefebb7000 	C:\Windows\system32\OLEAUT32.dll
0x000000005a240000 - 0x000000005a26f000 	C:\Windows\WinSxS\amd64_microsoft.vc90.atl_1fc8b3b9a1e18e3b_9.0.30729.6161_none_0a1fd3a3a768b895\ATL90.DLL
0x0000000077c80000 - 0x0000000077c87000 	C:\Windows\system32\PSAPI.DLL
0x000007fefa1e0000 - 0x000007fefa251000 	C:\Windows\system32\winspool.drv
0x0000000010000000 - 0x0000000010033000 	C:\Windows\system32\f_pbrc12.dll
0x000007fefb9a0000 - 0x000007fefb9b8000 	C:\Windows\system32\dwmapi.dll
0x0000000067790000 - 0x0000000067862000 	C:\Program Files\Java\jdk1.8.0_77\jre\bin\msvcr100.dll
0x0000000070230000 - 0x0000000070ac0000 	C:\Program Files\Java\jdk1.8.0_77\jre\bin\server\jvm.dll
0x000007feef4d0000 - 0x000007feef4d9000 	C:\Windows\system32\WSOCK32.dll
0x000007fefdd00000 - 0x000007fefdd4d000 	C:\Windows\system32\WS2_32.dll
0x000007feff980000 - 0x000007feff988000 	C:\Windows\system32\NSI.dll
0x000007fefa700000 - 0x000007fefa73b000 	C:\Windows\system32\WINMM.dll
0x0000000072920000 - 0x000000007292f000 	C:\Program Files\Java\jdk1.8.0_77\jre\bin\verify.dll
0x0000000067760000 - 0x0000000067789000 	C:\Program Files\Java\jdk1.8.0_77\jre\bin\java.dll
0x000000006a950000 - 0x000000006a966000 	C:\Program Files\Java\jdk1.8.0_77\jre\bin\zip.dll
0x000007fefd840000 - 0x000007fefd84f000 	C:\Windows\system32\profapi.dll

VM Arguments:
jvm_args: -Djava.awt.headless=true -Xmx1024M -Dfile.encoding=x-windows-949 -Duser.country=KR -Duser.language=ko -Duser.variant 
java_command: com.android.dx.command.Main --dex --num-threads=4 --output C:\Users\T22mo\workspace\emoodchart-android\app\build\intermediates\pre-dexed\debug\okhttp-3.4.1_39bc844a956821947a8cdd6f59d754d350bb3131.jar C:\Users\T22mo\.gradle\caches\modules-2\files-2.1\com.squareup.okhttp3\okhttp\3.4.1\c7c4f9e35c2fd5900da24f9872e3971801f08ce0\okhttp-3.4.1.jar
java_class_path (initial): D:\Program Files (x86)\Android\build-tools\24.0.1\lib\dx.jar
Launcher Type: SUN_STANDARD

Environment Variables:
JAVA_HOME=C:\Program Files\Java\jdk1.8.0_77\jre
PATH=C:\Program Files\Common Files\Microsoft Shared\Windows Live;C:\Program Files (x86)\Common Files\Microsoft Shared\Windows Live;C:\ProgramData\Oracle\Java\javapath;C:\Program Files (x86)\Intel\iCLS Client\;C:\Program Files\Intel\iCLS Client\;C:\Windows\system32;C:\Windows;C:\Windows\System32\Wbem;C:\Windows\System32\WindowsPowerShell\v1.0\;C:\Program Files\Intel\Intel(R) Management Engine Components\DAL;C:\Program Files\Intel\Intel(R) Management Engine Components\IPT;C:\Program Files (x86)\Intel\Intel(R) Management Engine Components\DAL;C:\Program Files (x86)\Intel\Intel(R) Management Engine Components\IPT;C:\Program Files\Microsoft\Web Platform Installer\;C:\Program Files (x86)\Microsoft ASP.NET\ASP.NET Web Pages\v1.0\;C:\Program Files (x86)\Heroku\bin;C:\Program Files (x86)\git\cmd;C:\Program Files (x86)\Windows Live\Shared;D:\Program Files (x86)\nodejs\;D:\Program Files (x86)\DLR\Sumo\bin\;D:\Program Files (x86)\DLR\Sumo\tools\;C:\Program Files\Git\cmd;D:\TDM-GCC-64\bin;C:\Program Files\Java\jdk1.8.0_77\jre;D:\Program Files\Anaconda2;D:\Program Files\Anaconda2\Scripts;D:\Program Files\Anaconda2\Library\bin;C:\Program Files (x86)\Java\jre7\bin;C:\Users\T22mo\AppData\Local\Android\sdk\platform-tools;C:\Program Files\Bandizip\7z;C:\Users\T22mo\AppData\Roaming\npm;D:\Program Files\Docker Toolbox;C:\Python27;C:\Python27\Scripts;D:\Program Files\Anaconda2\MinGW\x86_64-w64-mingw32\lib;C:\Program Files\Java\jdk1.8.0_77\jre
USERNAME=T22mo
OS=Windows_NT
PROCESSOR_IDENTIFIER=Intel64 Family 6 Model 58 Stepping 9, GenuineIntel



---------------  S Y S T E M  ---------------

OS: Windows 7 , 64 bit Build 7601 (6.1.7601.19135)

CPU:total 4 (4 cores per cpu, 1 threads per core) family 6 model 58 stepping 9, cmov, cx8, fxsr, mmx, sse, sse2, sse3, ssse3, sse4.1, sse4.2, popcnt, avx, aes, clmul, erms, tsc, tscinvbit, tscinv

Memory: 4k page, physical 6230128k(1025884k free), swap 13817692k(2744k free)

vm_info: Java HotSpot(TM) 64-Bit Server VM (25.77-b03) for windows-amd64 JRE (1.8.0_77-b03), built on Mar 20 2016 22:01:33 by "java_re" with MS VC++ 10.0 (VS2010)

time: Tue Aug 30 18:01:28 2016
elapsed time: 5 seconds (0d 0h 0m 5s)

