#
# There is insufficient memory for the Java Runtime Environment to continue.
# Native memory allocation (malloc) failed to allocate 1750416 bytes for Chunk::new
# Possible reasons:
#   The system is out of physical RAM or swap space
#   In 32 bit mode, the process size limit was hit
# Possible solutions:
#   Reduce memory load on the system
#   Increase physical memory or swap space
#   Check if swap backing store is full
#   Use 64 bit Java on a 64 bit OS
#   Decrease Java heap size (-Xmx/-Xms)
#   Decrease number of Java threads
#   Decrease Java thread stack sizes (-Xss)
#   Set larger code cache with -XX:ReservedCodeCacheSize=
# This output file may be truncated or incomplete.
#
#  Out of Memory Error (allocation.cpp:390), pid=3564, tid=12684
#
# JRE version: Java(TM) SE Runtime Environment (8.0_77-b03) (build 1.8.0_77-b03)
# Java VM: Java HotSpot(TM) 64-Bit Server VM (25.77-b03 mixed mode windows-amd64 compressed oops)
# Failed to write core dump. Minidumps are not enabled by default on client versions of Windows
#

---------------  T H R E A D  ---------------

Current thread (0x0000000007928000):  JavaThread "C2 CompilerThread1" daemon [_thread_in_native, id=12684, stack(0x00000000081a0000,0x00000000082a0000)]

Stack: [0x00000000081a0000,0x00000000082a0000]
[error occurred during error reporting (printing stack bounds), id 0xc0000005]

Native frames: (J=compiled Java code, j=interpreted, Vv=VM code, C=native code)


Current CompileTask:
C2:   7393 1758   !   4       com.android.dx.cf.cst.ConstantPoolParser::parse0 (731 bytes)


---------------  P R O C E S S  ---------------

Java Threads: ( => current thread )
  0x0000000008474000 JavaThread "pool-1-thread-4" [_thread_blocked, id=15740, stack(0x0000000009290000,0x0000000009390000)]
  0x0000000008471000 JavaThread "pool-1-thread-3" [_thread_blocked, id=14464, stack(0x00000000090f0000,0x00000000091f0000)]
  0x0000000008470800 JavaThread "pool-1-thread-2" [_thread_blocked, id=15132, stack(0x0000000008fb0000,0x00000000090b0000)]
  0x0000000007c08000 JavaThread "pool-2-thread-1" [_thread_blocked, id=15780, stack(0x00000000074a0000,0x00000000075a0000)]
  0x0000000007c04800 JavaThread "pool-1-thread-1" [_thread_blocked, id=4216, stack(0x0000000008d10000,0x0000000008e10000)]
  0x000000000799d800 JavaThread "Service Thread" daemon [_thread_blocked, id=1956, stack(0x0000000007240000,0x0000000007340000)]
  0x0000000007978000 JavaThread "C1 CompilerThread2" daemon [_thread_blocked, id=17008, stack(0x0000000008370000,0x0000000008470000)]
=>0x0000000007928000 JavaThread "C2 CompilerThread1" daemon [_thread_in_native, id=12684, stack(0x00000000081a0000,0x00000000082a0000)]
  0x000000000635f000 JavaThread "C2 CompilerThread0" daemon [_thread_blocked, id=13892, stack(0x0000000008010000,0x0000000008110000)]
  0x000000000791a800 JavaThread "Attach Listener" daemon [_thread_blocked, id=7412, stack(0x0000000007ec0000,0x0000000007fc0000)]
  0x000000000634e800 JavaThread "Signal Dispatcher" daemon [_thread_blocked, id=10536, stack(0x0000000007d60000,0x0000000007e60000)]
  0x000000000633b800 JavaThread "Finalizer" daemon [_thread_blocked, id=15656, stack(0x0000000007810000,0x0000000007910000)]
  0x00000000062f4800 JavaThread "Reference Handler" daemon [_thread_blocked, id=15476, stack(0x00000000075f0000,0x00000000076f0000)]
  0x00000000003af800 JavaThread "main" [_thread_blocked, id=15244, stack(0x0000000002980000,0x0000000002a80000)]

Other Threads:
  0x00000000062ed000 VMThread [stack: 0x0000000007370000,0x0000000007470000] [id=16596]
  0x00000000079dc800 WatcherThread [stack: 0x00000000076f0000,0x00000000077f0000] [id=15764]

VM state:not at safepoint (normal execution)

VM Mutex/Monitor currently owned by a thread: None

Heap:
 PSYoungGen      total 53248K, used 10501K [0x00000000eab00000, 0x00000000ee300000, 0x0000000100000000)
  eden space 49152K, 13% used [0x00000000eab00000,0x00000000eb1487e0,0x00000000edb00000)
  from space 4096K, 99% used [0x00000000edb00000,0x00000000edef8ed0,0x00000000edf00000)
  to   space 4096K, 0% used [0x00000000edf00000,0x00000000edf00000,0x00000000ee300000)
 ParOldGen       total 65536K, used 10728K [0x00000000c0000000, 0x00000000c4000000, 0x00000000eab00000)
  object space 65536K, 16% used [0x00000000c0000000,0x00000000c0a7a050,0x00000000c4000000)
 Metaspace       used 6285K, capacity 7094K, committed 7296K, reserved 1056768K
  class space    used 609K, capacity 622K, committed 640K, reserved 1048576K

Card table byte_map: [0x0000000002e40000,0x0000000003050000] byte_map_base: 0x0000000002840000

Marking Bits: (ParMarkBitMap*) 0x0000000053e90600
 Begin Bits: [0x0000000003760000, 0x0000000004760000)
 End Bits:   [0x0000000004760000, 0x0000000005760000)

Polling page: 0x0000000000360000

CodeCache: size=245760Kb used=8310Kb max_used=8322Kb free=237449Kb
 bounds [0x0000000010040000, 0x0000000010870000, 0x000000001f040000]
 total_blobs=2025 nmethods=1753 adapters=184
 compilation: enabled

Compilation events (10 events):
Event: 7.331 Thread 0x0000000007978000 nmethod 1773 0x0000000010865d90 code [0x00000000108660c0, 0x0000000010867db8]
Event: 7.333 Thread 0x000000000635f000 nmethod 1766 0x0000000010868f10 code [0x00000000108690c0, 0x0000000010869a38]
Event: 7.333 Thread 0x000000000635f000 1770       4       com.android.dx.cf.code.ByteBlock::<init> (181 bytes)
Event: 7.335 Thread 0x000000000635f000 nmethod 1770 0x00000000107e5190 code [0x00000000107e52e0, 0x00000000107e5578]
Event: 7.335 Thread 0x000000000635f000 1772       4       com.android.dx.util.IntList::contains (14 bytes)
Event: 7.337 Thread 0x000000000635f000 nmethod 1772 0x000000001081bad0 code [0x000000001081bc20, 0x000000001081bdd8]
Event: 7.337 Thread 0x000000000635f000 1769       4       com.android.dx.util.BitIntSet$1::next (42 bytes)
Event: 7.338 Thread 0x000000000635f000 nmethod 1769 0x00000000107fd850 code [0x00000000107fd9a0, 0x00000000107fdad8]
Event: 7.338 Thread 0x000000000635f000 1767       4       com.android.dx.cf.code.RopperMachine::hasRet (13 bytes)
Event: 7.338 Thread 0x000000000635f000 nmethod 1767 0x000000001073fc50 code [0x000000001073fd80, 0x000000001073fdf8]

GC Heap History (6 events):
Event: 1.139 GC heap before
{Heap before GC invocations=1 (full 0):
 PSYoungGen      total 28672K, used 24576K [0x00000000eab00000, 0x00000000ecb00000, 0x0000000100000000)
  eden space 24576K, 100% used [0x00000000eab00000,0x00000000ec300000,0x00000000ec300000)
  from space 4096K, 0% used [0x00000000ec700000,0x00000000ec700000,0x00000000ecb00000)
  to   space 4096K, 0% used [0x00000000ec300000,0x00000000ec300000,0x00000000ec700000)
 ParOldGen       total 65536K, used 0K [0x00000000c0000000, 0x00000000c4000000, 0x00000000eab00000)
  object space 65536K, 0% used [0x00000000c0000000,0x00000000c0000000,0x00000000c4000000)
 Metaspace       used 5959K, capacity 6838K, committed 7040K, reserved 1056768K
  class space    used 608K, capacity 622K, committed 640K, reserved 1048576K
Event: 1.217 GC heap after
Heap after GC invocations=1 (full 0):
 PSYoungGen      total 28672K, used 4075K [0x00000000eab00000, 0x00000000ee300000, 0x0000000100000000)
  eden space 24576K, 0% used [0x00000000eab00000,0x00000000eab00000,0x00000000ec300000)
  from space 4096K, 99% used [0x00000000ec300000,0x00000000ec6faea0,0x00000000ec700000)
  to   space 4096K, 0% used [0x00000000edf00000,0x00000000edf00000,0x00000000ee300000)
 ParOldGen       total 65536K, used 706K [0x00000000c0000000, 0x00000000c4000000, 0x00000000eab00000)
  object space 65536K, 1% used [0x00000000c0000000,0x00000000c00b0b20,0x00000000c4000000)
 Metaspace       used 5959K, capacity 6838K, committed 7040K, reserved 1056768K
  class space    used 608K, capacity 622K, committed 640K, reserved 1048576K
}
Event: 3.150 GC heap before
{Heap before GC invocations=2 (full 0):
 PSYoungGen      total 28672K, used 28651K [0x00000000eab00000, 0x00000000ee300000, 0x0000000100000000)
  eden space 24576K, 100% used [0x00000000eab00000,0x00000000ec300000,0x00000000ec300000)
  from space 4096K, 99% used [0x00000000ec300000,0x00000000ec6faea0,0x00000000ec700000)
  to   space 4096K, 0% used [0x00000000edf00000,0x00000000edf00000,0x00000000ee300000)
 ParOldGen       total 65536K, used 706K [0x00000000c0000000, 0x00000000c4000000, 0x00000000eab00000)
  object space 65536K, 1% used [0x00000000c0000000,0x00000000c00b0b20,0x00000000c4000000)
 Metaspace       used 6133K, capacity 7030K, committed 7296K, reserved 1056768K
  class space    used 608K, capacity 622K, committed 640K, reserved 1048576K
Event: 3.310 GC heap after
Heap after GC invocations=2 (full 0):
 PSYoungGen      total 53248K, used 4081K [0x00000000eab00000, 0x00000000ee300000, 0x0000000100000000)
  eden space 49152K, 0% used [0x00000000eab00000,0x00000000eab00000,0x00000000edb00000)
  from space 4096K, 99% used [0x00000000edf00000,0x00000000ee2fc420,0x00000000ee300000)
  to   space 4096K, 0% used [0x00000000edb00000,0x00000000edb00000,0x00000000edf00000)
 ParOldGen       total 65536K, used 3456K [0x00000000c0000000, 0x00000000c4000000, 0x00000000eab00000)
  object space 65536K, 5% used [0x00000000c0000000,0x00000000c03600b8,0x00000000c4000000)
 Metaspace       used 6133K, capacity 7030K, committed 7296K, reserved 1056768K
  class space    used 608K, capacity 622K, committed 640K, reserved 1048576K
}
Event: 6.125 GC heap before
{Heap before GC invocations=3 (full 0):
 PSYoungGen      total 53248K, used 53233K [0x00000000eab00000, 0x00000000ee300000, 0x0000000100000000)
  eden space 49152K, 100% used [0x00000000eab00000,0x00000000edb00000,0x00000000edb00000)
  from space 4096K, 99% used [0x00000000edf00000,0x00000000ee2fc420,0x00000000ee300000)
  to   space 4096K, 0% used [0x00000000edb00000,0x00000000edb00000,0x00000000edf00000)
 ParOldGen       total 65536K, used 3456K [0x00000000c0000000, 0x00000000c4000000, 0x00000000eab00000)
  object space 65536K, 5% used [0x00000000c0000000,0x00000000c03600b8,0x00000000c4000000)
 Metaspace       used 6282K, capacity 7094K, committed 7296K, reserved 1056768K
  class space    used 609K, capacity 622K, committed 640K, reserved 1048576K
Event: 6.318 GC heap after
Heap after GC invocations=3 (full 0):
 PSYoungGen      total 53248K, used 4067K [0x00000000eab00000, 0x00000000ee300000, 0x0000000100000000)
  eden space 49152K, 0% used [0x00000000eab00000,0x00000000eab00000,0x00000000edb00000)
  from space 4096K, 99% used [0x00000000edb00000,0x00000000edef8ed0,0x00000000edf00000)
  to   space 4096K, 0% used [0x00000000edf00000,0x00000000edf00000,0x00000000ee300000)
 ParOldGen       total 65536K, used 10728K [0x00000000c0000000, 0x00000000c4000000, 0x00000000eab00000)
  object space 65536K, 16% used [0x00000000c0000000,0x00000000c0a7a050,0x00000000c4000000)
 Metaspace       used 6282K, capacity 7094K, committed 7296K, reserved 1056768K
  class space    used 609K, capacity 622K, committed 640K, reserved 1048576K
}

Deoptimization events (10 events):
Event: 5.492 Thread 0x0000000008474000 Uncommon trap: reason=unstable_if action=reinterpret pc=0x00000000107656f0 method=com.android.dx.cf.code.RopperMachine.run(Lcom/android/dx/cf/code/Frame;II)V @ 1500
Event: 5.493 Thread 0x0000000008474000 Uncommon trap: reason=class_check action=maybe_recompile pc=0x0000000010790844 method=com.android.dx.cf.code.Ropper.processBlock(Lcom/android/dx/cf/code/ByteBlock;Lcom/android/dx/cf/code/Frame;[I)V @ 777
Event: 5.495 Thread 0x0000000008474000 Uncommon trap: reason=class_check action=maybe_recompile pc=0x0000000010790844 method=com.android.dx.cf.code.Ropper.processBlock(Lcom/android/dx/cf/code/ByteBlock;Lcom/android/dx/cf/code/Frame;[I)V @ 777
Event: 5.777 Thread 0x0000000007c04800 Uncommon trap: reason=bimorphic action=maybe_recompile pc=0x0000000010776038 method=com.android.dx.rop.code.RegisterSpec.withSimpleType()Lcom/android/dx/rop/code/RegisterSpec; @ 21
Event: 5.779 Thread 0x0000000007c04800 Uncommon trap: reason=bimorphic action=maybe_recompile pc=0x0000000010776038 method=com.android.dx.rop.code.RegisterSpec.withSimpleType()Lcom/android/dx/rop/code/RegisterSpec; @ 21
Event: 6.122 Thread 0x0000000008474000 Uncommon trap: reason=unstable_if action=reinterpret pc=0x00000000105a8634 method=com.android.dx.ssa.SCCP.simulateStmt(Lcom/android/dx/ssa/SsaInsn;)V @ 53
Event: 7.317 Thread 0x0000000007c04800 Uncommon trap: reason=unstable_if action=reinterpret pc=0x000000001078f35c method=com.android.dx.cf.code.Ropper.processBlock(Lcom/android/dx/cf/code/ByteBlock;Lcom/android/dx/cf/code/Frame;[I)V @ 413
Event: 7.317 Thread 0x0000000007c04800 Uncommon trap: reason=unstable_if action=reinterpret pc=0x000000001045346c method=com.android.dx.util.IntList.binarysearch(I)I @ 105
Event: 7.325 Thread 0x0000000007c04800 Uncommon trap: reason=unstable_if action=reinterpret pc=0x0000000010671b8c method=com.android.dx.ssa.SsaBasicBlock.newFromRop(Lcom/android/dx/rop/code/RopMethod;ILcom/android/dx/ssa/SsaMethod;)Lcom/android/dx/ssa/SsaBasicBlock; @ 164
Event: 7.326 Thread 0x0000000007c04800 Uncommon trap: reason=unstable_if action=reinterpret pc=0x00000000106bfaec method=com.android.dx.ssa.SsaMethod.blockIndexToRopLabel(I)I @ 1

Internal exceptions (3 events):
Event: 0.036 Thread 0x00000000003af800 Exception <a 'java/lang/NoSuchMethodError': Method sun.misc.Unsafe.defineClass(Ljava/lang/String;[BII)Ljava/lang/Class; name or signature does not match> (0x00000000eab07cc0) thrown at [D:\re\workspace\8-2-build-windows-amd64-cygwin\jdk8u77\6540\hotspot\srÍ6Pê/n¢?
Event: 0.036 Thread 0x00000000003af800 Exception <a 'java/lang/NoSuchMethodError': Method sun.misc.Unsafe.prefetchRead(Ljava/lang/Object;J)V name or signature does not match> (0x00000000eab07fa8) thrown at [D:\re\workspace\8-2-build-windows-amd64-cygwin\jdk8u77\6540\hotspot\src\share\vm\prims\jm¡&xi@
Event: 3.676 Thread 0x0000000007c04800 Implicit null exception at 0x000000001060335c to 0x0000000010605695

Events (10 events):
Event: 7.317 Thread 0x0000000007c04800 DEOPT UNPACKING pc=0x000000001008582a sp=0x0000000008e0e948 mode 2
Event: 7.317 Thread 0x0000000007c04800 Uncommon trap: trap_request=0xffffff65 fr.pc=0x000000001045346c
Event: 7.317 Thread 0x0000000007c04800 DEOPT PACKING pc=0x000000001045346c sp=0x0000000008e0e8e0
Event: 7.317 Thread 0x0000000007c04800 DEOPT UNPACKING pc=0x000000001008582a sp=0x0000000008e0e858 mode 2
Event: 7.325 Thread 0x0000000007c04800 Uncommon trap: trap_request=0xffffff65 fr.pc=0x0000000010671b8c
Event: 7.325 Thread 0x0000000007c04800 DEOPT PACKING pc=0x0000000010671b8c sp=0x0000000008e0e800
Event: 7.325 Thread 0x0000000007c04800 DEOPT UNPACKING pc=0x000000001008582a sp=0x0000000008e0e7f8 mode 2
Event: 7.326 Thread 0x0000000007c04800 Uncommon trap: trap_request=0xffffff65 fr.pc=0x00000000106bfaec
Event: 7.326 Thread 0x0000000007c04800 DEOPT PACKING pc=0x00000000106bfaec sp=0x0000000008e0e7e0
Event: 7.326 Thread 0x0000000007c04800 DEOPT UNPACKING pc=0x000000001008582a sp=0x0000000008e0e718 mode 2


Dynamic libraries:
0x000000013f660000 - 0x000000013f697000 	C:\Program Files\Java\jdk1.8.0_77\bin\java.exe
0x0000000077ab0000 - 0x0000000077c5a000 	C:\Windows\SYSTEM32\ntdll.dll
0x0000000077890000 - 0x00000000779af000 	C:\Windows\system32\kernel32.dll
0x000007fefdad0000 - 0x000007fefdb3b000 	C:\Windows\system32\KERNELBASE.dll
0x000007feff7d0000 - 0x000007feff8ab000 	C:\Windows\system32\ADVAPI32.dll
0x000007feff720000 - 0x000007feff7bf000 	C:\Windows\system32\msvcrt.dll
0x000007feff690000 - 0x000007feff6af000 	C:\Windows\SYSTEM32\sechost.dll
0x000007feff990000 - 0x000007feffabd000 	C:\Windows\system32\RPCRT4.dll
0x00000000779b0000 - 0x0000000077aaa000 	C:\Windows\system32\USER32.dll
0x000007feff6b0000 - 0x000007feff717000 	C:\Windows\system32\GDI32.dll
0x000007feff7c0000 - 0x000007feff7ce000 	C:\Windows\system32\LPK.dll
0x000007feff8b0000 - 0x000007feff97a000 	C:\Windows\system32\USP10.dll
0x000007fefbf60000 - 0x000007fefc154000 	C:\Windows\WinSxS\amd64_microsoft.windows.common-controls_6595b64144ccf1df_6.0.7601.18837_none_fa3b1e3d17594757\COMCTL32.dll
0x000007feff380000 - 0x000007feff3f1000 	C:\Windows\system32\SHLWAPI.dll
0x000007fefebc0000 - 0x000007fefebee000 	C:\Windows\system32\IMM32.DLL
0x000007fefdbf0000 - 0x000007fefdcf9000 	C:\Windows\system32\MSCTF.dll
0x000007fef32b0000 - 0x000007fef32d3000 	C:\Windows\system32\f_im.dll
0x0000000061000000 - 0x00000000610bd000 	C:\Program Files\Fasoo DRM\f_sps.dll
0x000007fefc880000 - 0x000007fefc88c000 	C:\Windows\system32\VERSION.dll
0x000007fefdd50000 - 0x000007fefeada000 	C:\Windows\system32\SHELL32.dll
0x000007fefeec0000 - 0x000007feff0c3000 	C:\Windows\system32\ole32.dll
0x000007fefeae0000 - 0x000007fefebb7000 	C:\Windows\system32\OLEAUT32.dll
0x000000005a240000 - 0x000000005a26f000 	C:\Windows\WinSxS\amd64_microsoft.vc90.atl_1fc8b3b9a1e18e3b_9.0.30729.6161_none_0a1fd3a3a768b895\ATL90.DLL
0x0000000077c80000 - 0x0000000077c87000 	C:\Windows\system32\PSAPI.DLL
0x000007fefa1e0000 - 0x000007fefa251000 	C:\Windows\system32\winspool.drv
0x0000000010000000 - 0x0000000010033000 	C:\Windows\system32\f_pbrc12.dll
0x000007fefb9a0000 - 0x000007fefb9b8000 	C:\Windows\system32\dwmapi.dll
0x0000000057bc0000 - 0x0000000057c92000 	C:\Program Files\Java\jdk1.8.0_77\jre\bin\msvcr100.dll
0x0000000053680000 - 0x0000000053f10000 	C:\Program Files\Java\jdk1.8.0_77\jre\bin\server\jvm.dll
0x000007feef4d0000 - 0x000007feef4d9000 	C:\Windows\system32\WSOCK32.dll
0x000007fefdd00000 - 0x000007fefdd4d000 	C:\Windows\system32\WS2_32.dll
0x000007feff980000 - 0x000007feff988000 	C:\Windows\system32\NSI.dll
0x000007fefa700000 - 0x000007fefa73b000 	C:\Windows\system32\WINMM.dll
0x0000000071ea0000 - 0x0000000071eaf000 	C:\Program Files\Java\jdk1.8.0_77\jre\bin\verify.dll
0x0000000070b30000 - 0x0000000070b59000 	C:\Program Files\Java\jdk1.8.0_77\jre\bin\java.dll
0x0000000071bc0000 - 0x0000000071bd6000 	C:\Program Files\Java\jdk1.8.0_77\jre\bin\zip.dll
0x000007fefd840000 - 0x000007fefd84f000 	C:\Windows\system32\profapi.dll

VM Arguments:
jvm_args: -Djava.awt.headless=true -Xmx1024M -Dfile.encoding=x-windows-949 -Duser.country=KR -Duser.language=ko -Duser.variant 
java_command: com.android.dx.command.Main --dex --num-threads=4 --output C:\Users\T22mo\workspace\emoodchart-android\app\build\intermediates\pre-dexed\debug\com.android.support-appcompat-v7-24.1.1_bde96802b729e95b78098b13ebfd217a1b1b584c.jar C:\Users\T22mo\workspace\emoodchart-android\app\build\intermediates\exploded-aar\com.android.support\appcompat-v7\24.1.1\jars\classes.jar
java_class_path (initial): D:\Program Files (x86)\Android\build-tools\24.0.1\lib\dx.jar
Launcher Type: SUN_STANDARD

Environment Variables:
JAVA_HOME=C:\Program Files\Java\jdk1.8.0_77\jre
PATH=C:\Program Files\Common Files\Microsoft Shared\Windows Live;C:\Program Files (x86)\Common Files\Microsoft Shared\Windows Live;C:\ProgramData\Oracle\Java\javapath;C:\Program Files (x86)\Intel\iCLS Client\;C:\Program Files\Intel\iCLS Client\;C:\Windows\system32;C:\Windows;C:\Windows\System32\Wbem;C:\Windows\System32\WindowsPowerShell\v1.0\;C:\Program Files\Intel\Intel(R) Management Engine Components\DAL;C:\Program Files\Intel\Intel(R) Management Engine Components\IPT;C:\Program Files (x86)\Intel\Intel(R) Management Engine Components\DAL;C:\Program Files (x86)\Intel\Intel(R) Management Engine Components\IPT;C:\Program Files\Microsoft\Web Platform Installer\;C:\Program Files (x86)\Microsoft ASP.NET\ASP.NET Web Pages\v1.0\;C:\Program Files (x86)\Heroku\bin;C:\Program Files (x86)\git\cmd;C:\Program Files (x86)\Windows Live\Shared;D:\Program Files (x86)\nodejs\;D:\Program Files (x86)\DLR\Sumo\bin\;D:\Program Files (x86)\DLR\Sumo\tools\;C:\Program Files\Git\cmd;D:\TDM-GCC-64\bin;C:\Program Files\Java\jdk1.8.0_77\jre;D:\Program Files\Anaconda2;D:\Program Files\Anaconda2\Scripts;D:\Program Files\Anaconda2\Library\bin;C:\Program Files (x86)\Java\jre7\bin;C:\Users\T22mo\AppData\Local\Android\sdk\platform-tools;C:\Program Files\Bandizip\7z;C:\Users\T22mo\AppData\Roaming\npm;D:\Program Files\Docker Toolbox;C:\Python27;C:\Python27\Scripts;D:\Program Files\Anaconda2\MinGW\x86_64-w64-mingw32\lib;C:\Program Files\Java\jdk1.8.0_77\jre
USERNAME=T22mo
OS=Windows_NT
PROCESSOR_IDENTIFIER=Intel64 Family 6 Model 58 Stepping 9, GenuineIntel



---------------  S Y S T E M  ---------------

OS: Windows 7 , 64 bit Build 7601 (6.1.7601.19135)

CPU:total 4 (4 cores per cpu, 1 threads per core) family 6 model 58 stepping 9, cmov, cx8, fxsr, mmx, sse, sse2, sse3, ssse3, sse4.1, sse4.2, popcnt, avx, aes, clmul, erms, tsc, tscinvbit, tscinv

Memory: 4k page, physical 6230128k(1075188k free), swap 13817692k(5764k free)

vm_info: Java HotSpot(TM) 64-Bit Server VM (25.77-b03) for windows-amd64 JRE (1.8.0_77-b03), built on Mar 20 2016 22:01:33 by "java_re" with MS VC++ 10.0 (VS2010)

time: Tue Aug 30 11:43:43 2016
elapsed time: 7 seconds (0d 0h 0m 7s)

