#
# There is insufficient memory for the Java Runtime Environment to continue.
# Native memory allocation (malloc) failed to allocate 518656 bytes for Chunk::new
# Possible reasons:
#   The system is out of physical RAM or swap space
#   In 32 bit mode, the process size limit was hit
# Possible solutions:
#   Reduce memory load on the system
#   Increase physical memory or swap space
#   Check if swap backing store is full
#   Use 64 bit Java on a 64 bit OS
#   Decrease Java heap size (-Xmx/-Xms)
#   Decrease number of Java threads
#   Decrease Java thread stack sizes (-Xss)
#   Set larger code cache with -XX:ReservedCodeCacheSize=
# This output file may be truncated or incomplete.
#
#  Out of Memory Error (allocation.cpp:390), pid=6968, tid=17252
#
# JRE version: Java(TM) SE Runtime Environment (8.0_77-b03) (build 1.8.0_77-b03)
# Java VM: Java HotSpot(TM) 64-Bit Server VM (25.77-b03 mixed mode windows-amd64 compressed oops)
# Failed to write core dump. Minidumps are not enabled by default on client versions of Windows
#

---------------  T H R E A D  ---------------

Current thread (0x000000000764b800):  JavaThread "C2 CompilerThread0" daemon [_thread_in_native, id=17252, stack(0x0000000007c10000,0x0000000007d10000)]

Stack: [0x0000000007c10000,0x0000000007d10000]
[error occurred during error reporting (printing stack bounds), id 0xc0000005]

Native frames: (J=compiled Java code, j=interpreted, Vv=VM code, C=native code)


Current CompileTask:
C2:   8815 1928       4       com.android.dx.ssa.back.FirstFitLocalCombiningAllocator::handleNormalUnassociated (99 bytes)


---------------  P R O C E S S  ---------------

Java Threads: ( => current thread )
  0x0000000007973800 JavaThread "pool-1-thread-4" [_thread_blocked, id=7560, stack(0x0000000008c00000,0x0000000008d00000)]
  0x0000000007905000 JavaThread "pool-1-thread-3" [_thread_blocked, id=13292, stack(0x0000000008e60000,0x0000000008f60000)]
  0x0000000007904800 JavaThread "pool-1-thread-2" [_thread_in_Java, id=1576, stack(0x0000000008d00000,0x0000000008e00000)]
  0x0000000007901800 JavaThread "pool-2-thread-1" [_thread_blocked, id=16236, stack(0x0000000008a90000,0x0000000008b90000)]
  0x0000000007901000 JavaThread "pool-1-thread-1" [_thread_blocked, id=13796, stack(0x0000000007d60000,0x0000000007e60000)]
  0x00000000076ce000 JavaThread "Service Thread" daemon [_thread_blocked, id=9384, stack(0x0000000007fa0000,0x00000000080a0000)]
  0x0000000007678000 JavaThread "C1 CompilerThread2" daemon [_thread_blocked, id=8548, stack(0x0000000007430000,0x0000000007530000)]
  0x000000000765b000 JavaThread "C2 CompilerThread1" daemon [_thread_in_native, id=9952, stack(0x0000000007ea0000,0x0000000007fa0000)]
=>0x000000000764b800 JavaThread "C2 CompilerThread0" daemon [_thread_in_native, id=17252, stack(0x0000000007c10000,0x0000000007d10000)]
  0x000000000764a800 JavaThread "Attach Listener" daemon [_thread_blocked, id=3312, stack(0x00000000070e0000,0x00000000071e0000)]
  0x00000000060de800 JavaThread "Signal Dispatcher" daemon [_thread_blocked, id=14240, stack(0x0000000007ad0000,0x0000000007bd0000)]
  0x00000000060cb800 JavaThread "Finalizer" daemon [_thread_blocked, id=10960, stack(0x0000000007540000,0x0000000007640000)]
  0x0000000006082800 JavaThread "Reference Handler" daemon [_thread_blocked, id=17060, stack(0x0000000007330000,0x0000000007430000)]
  0x0000000001cef800 JavaThread "main" [_thread_blocked, id=11696, stack(0x0000000002870000,0x0000000002970000)]

Other Threads:
  0x000000000607b000 VMThread [stack: 0x00000000071e0000,0x00000000072e0000] [id=15064]
  0x0000000007707800 WatcherThread [stack: 0x00000000080f0000,0x00000000081f0000] [id=8444]

VM state:not at safepoint (normal execution)

VM Mutex/Monitor currently owned by a thread: None

Heap:
 PSYoungGen      total 53248K, used 39913K [0x00000000eab00000, 0x00000000f1300000, 0x0000000100000000)
  eden space 49152K, 72% used [0x00000000eab00000,0x00000000ecdffbf8,0x00000000edb00000)
  from space 4096K, 99% used [0x00000000edb00000,0x00000000edefa8c0,0x00000000edf00000)
  to   space 4096K, 0% used [0x00000000f0f00000,0x00000000f0f00000,0x00000000f1300000)
 ParOldGen       total 65536K, used 10946K [0x00000000c0000000, 0x00000000c4000000, 0x00000000eab00000)
  object space 65536K, 16% used [0x00000000c0000000,0x00000000c0ab0810,0x00000000c4000000)
 Metaspace       used 6336K, capacity 7158K, committed 7296K, reserved 1056768K
  class space    used 609K, capacity 622K, committed 640K, reserved 1048576K

Card table byte_map: [0x0000000002d30000,0x0000000002f40000] byte_map_base: 0x0000000002730000

Marking Bits: (ParMarkBitMap*) 0x0000000070a40600
 Begin Bits: [0x00000000034f0000, 0x00000000044f0000)
 End Bits:   [0x00000000044f0000, 0x00000000054f0000)

Polling page: 0x0000000000180000

CodeCache: size=245760Kb used=9090Kb max_used=9105Kb free=236669Kb
 bounds [0x0000000010040000, 0x0000000010930000, 0x000000001f040000]
 total_blobs=2185 nmethods=1913 adapters=184
 compilation: enabled

Compilation events (10 events):
Event: 8.767 Thread 0x0000000007678000 1924       3       com.android.dx.rop.cst.CstString::<init> (42 bytes)
Event: 8.767 Thread 0x0000000007678000 nmethod 1924 0x00000000108c5b50 code [0x00000000108c5d20, 0x00000000108c62b8]
Event: 8.792 Thread 0x000000000764b800 1928       4       com.android.dx.ssa.back.FirstFitLocalCombiningAllocator::handleNormalUnassociated (99 bytes)
Event: 8.792 Thread 0x000000000765b000 1926   !   4       com.android.dx.cf.code.BaseMachine::result (36 bytes)
Event: 8.793 Thread 0x000000000765b000 nmethod 1926 0x00000000108d3710 code [0x00000000108d3840, 0x00000000108d38d8]
Event: 8.794 Thread 0x000000000765b000 1929       4       com.android.dx.ssa.SsaMethod::isRegALocal (90 bytes)
Event: 8.794 Thread 0x0000000007678000 1927       3       com.android.dx.ssa.back.FirstFitLocalCombiningAllocator::getLocalItemForReg (97 bytes)
Event: 8.794 Thread 0x0000000007678000 nmethod 1927 0x00000000109112d0 code [0x0000000010911520, 0x0000000010912458]
Event: 8.794 Thread 0x0000000007678000 1925       3       com.android.dx.cf.code.LocalVariableList$Item::matchesAllButType (53 bytes)
Event: 8.794 Thread 0x0000000007678000 nmethod 1925 0x00000000108c5310 code [0x00000000108c54a0, 0x00000000108c59e8]

GC Heap History (6 events):
Event: 0.643 GC heap before
{Heap before GC invocations=1 (full 0):
 PSYoungGen      total 28672K, used 24576K [0x00000000eab00000, 0x00000000ecb00000, 0x0000000100000000)
  eden space 24576K, 100% used [0x00000000eab00000,0x00000000ec300000,0x00000000ec300000)
  from space 4096K, 0% used [0x00000000ec700000,0x00000000ec700000,0x00000000ecb00000)
  to   space 4096K, 0% used [0x00000000ec300000,0x00000000ec300000,0x00000000ec700000)
 ParOldGen       total 65536K, used 0K [0x00000000c0000000, 0x00000000c4000000, 0x00000000eab00000)
  object space 65536K, 0% used [0x00000000c0000000,0x00000000c0000000,0x00000000c4000000)
 Metaspace       used 5844K, capacity 6774K, committed 7040K, reserved 1056768K
  class space    used 607K, capacity 622K, committed 640K, reserved 1048576K
Event: 0.701 GC heap after
Heap after GC invocations=1 (full 0):
 PSYoungGen      total 28672K, used 4084K [0x00000000eab00000, 0x00000000ee300000, 0x0000000100000000)
  eden space 24576K, 0% used [0x00000000eab00000,0x00000000eab00000,0x00000000ec300000)
  from space 4096K, 99% used [0x00000000ec300000,0x00000000ec6fd0b8,0x00000000ec700000)
  to   space 4096K, 0% used [0x00000000edf00000,0x00000000edf00000,0x00000000ee300000)
 ParOldGen       total 65536K, used 1061K [0x00000000c0000000, 0x00000000c4000000, 0x00000000eab00000)
  object space 65536K, 1% used [0x00000000c0000000,0x00000000c01096f0,0x00000000c4000000)
 Metaspace       used 5844K, capacity 6774K, committed 7040K, reserved 1056768K
  class space    used 607K, capacity 622K, committed 640K, reserved 1048576K
}
Event: 1.313 GC heap before
{Heap before GC invocations=2 (full 0):
 PSYoungGen      total 28672K, used 28660K [0x00000000eab00000, 0x00000000ee300000, 0x0000000100000000)
  eden space 24576K, 100% used [0x00000000eab00000,0x00000000ec300000,0x00000000ec300000)
  from space 4096K, 99% used [0x00000000ec300000,0x00000000ec6fd0b8,0x00000000ec700000)
  to   space 4096K, 0% used [0x00000000edf00000,0x00000000edf00000,0x00000000ee300000)
 ParOldGen       total 65536K, used 1061K [0x00000000c0000000, 0x00000000c4000000, 0x00000000eab00000)
  object space 65536K, 1% used [0x00000000c0000000,0x00000000c01096f0,0x00000000c4000000)
 Metaspace       used 6109K, capacity 6966K, committed 7040K, reserved 1056768K
  class space    used 608K, capacity 622K, committed 640K, reserved 1048576K
Event: 1.855 GC heap after
Heap after GC invocations=2 (full 0):
 PSYoungGen      total 53248K, used 4066K [0x00000000eab00000, 0x00000000ee300000, 0x0000000100000000)
  eden space 49152K, 0% used [0x00000000eab00000,0x00000000eab00000,0x00000000edb00000)
  from space 4096K, 99% used [0x00000000edf00000,0x00000000ee2f8b90,0x00000000ee300000)
  to   space 4096K, 0% used [0x00000000edb00000,0x00000000edb00000,0x00000000edf00000)
 ParOldGen       total 65536K, used 3760K [0x00000000c0000000, 0x00000000c4000000, 0x00000000eab00000)
  object space 65536K, 5% used [0x00000000c0000000,0x00000000c03ac2a8,0x00000000c4000000)
 Metaspace       used 6109K, capacity 6966K, committed 7040K, reserved 1056768K
  class space    used 608K, capacity 622K, committed 640K, reserved 1048576K
}
Event: 4.110 GC heap before
{Heap before GC invocations=3 (full 0):
 PSYoungGen      total 53248K, used 53218K [0x00000000eab00000, 0x00000000ee300000, 0x0000000100000000)
  eden space 49152K, 100% used [0x00000000eab00000,0x00000000edb00000,0x00000000edb00000)
  from space 4096K, 99% used [0x00000000edf00000,0x00000000ee2f8b90,0x00000000ee300000)
  to   space 4096K, 0% used [0x00000000edb00000,0x00000000edb00000,0x00000000edf00000)
 ParOldGen       total 65536K, used 3760K [0x00000000c0000000, 0x00000000c4000000, 0x00000000eab00000)
  object space 65536K, 5% used [0x00000000c0000000,0x00000000c03ac2a8,0x00000000c4000000)
 Metaspace       used 6283K, capacity 7094K, committed 7296K, reserved 1056768K
  class space    used 609K, capacity 622K, committed 640K, reserved 1048576K
Event: 4.817 GC heap after
Heap after GC invocations=3 (full 0):
 PSYoungGen      total 53248K, used 4074K [0x00000000eab00000, 0x00000000f1300000, 0x0000000100000000)
  eden space 49152K, 0% used [0x00000000eab00000,0x00000000eab00000,0x00000000edb00000)
  from space 4096K, 99% used [0x00000000edb00000,0x00000000edefa8c0,0x00000000edf00000)
  to   space 4096K, 0% used [0x00000000f0f00000,0x00000000f0f00000,0x00000000f1300000)
 ParOldGen       total 65536K, used 10946K [0x00000000c0000000, 0x00000000c4000000, 0x00000000eab00000)
  object space 65536K, 16% used [0x00000000c0000000,0x00000000c0ab0810,0x00000000c4000000)
 Metaspace       used 6283K, capacity 7094K, committed 7296K, reserved 1056768K
  class space    used 609K, capacity 622K, committed 640K, reserved 1048576K
}

Deoptimization events (10 events):
Event: 3.227 Thread 0x0000000007901000 Uncommon trap: reason=class_check action=maybe_recompile pc=0x00000000105fb368 method=com.android.dx.rop.code.RegisterSpec.withSimpleType()Lcom/android/dx/rop/code/RegisterSpec; @ 21
Event: 3.831 Thread 0x0000000007904800 Uncommon trap: reason=class_check action=maybe_recompile pc=0x00000000105fb368 method=com.android.dx.rop.code.RegisterSpec.withSimpleType()Lcom/android/dx/rop/code/RegisterSpec; @ 21
Event: 3.833 Thread 0x0000000007904800 Uncommon trap: reason=class_check action=maybe_recompile pc=0x00000000105fb368 method=com.android.dx.rop.code.RegisterSpec.withSimpleType()Lcom/android/dx/rop/code/RegisterSpec; @ 21
Event: 4.108 Thread 0x0000000007905000 Uncommon trap: reason=unstable_if action=reinterpret pc=0x00000000104dc210 method=com.android.dx.ssa.SCCP.simulateStmt(Lcom/android/dx/ssa/SsaInsn;)V @ 53
Event: 6.073 Thread 0x0000000007901000 Uncommon trap: reason=unstable_if action=reinterpret pc=0x00000000103ff4ac method=com.android.dx.util.IntList.binarysearch(I)I @ 105
Event: 6.073 Thread 0x0000000007901000 Uncommon trap: reason=unstable_if action=reinterpret pc=0x00000000106ef9c0 method=com.android.dx.ssa.SsaBasicBlock.newFromRop(Lcom/android/dx/rop/code/RopMethod;ILcom/android/dx/ssa/SsaMethod;)Lcom/android/dx/ssa/SsaBasicBlock; @ 164
Event: 6.073 Thread 0x0000000007901000 Uncommon trap: reason=unstable_if action=reinterpret pc=0x0000000010644a0c method=com.android.dx.ssa.SsaMethod.blockIndexToRopLabel(I)I @ 1
Event: 7.152 Thread 0x0000000007901000 Uncommon trap: reason=unstable_if action=reinterpret pc=0x000000001068c1d0 method=com.android.dx.ssa.LiteralOpUpgrader$1.visitNonMoveInsn(Lcom/android/dx/ssa/NormalSsaInsn;)V @ 55
Event: 7.153 Thread 0x0000000007901000 Uncommon trap: reason=unstable_if action=reinterpret pc=0x00000000103c814c method=com.android.dx.ssa.SsaMethod.updateOneDefinition(Lcom/android/dx/ssa/SsaInsn;Lcom/android/dx/rop/code/RegisterSpec;)V @ 4
Event: 8.121 Thread 0x0000000007901000 Uncommon trap: reason=unstable_if action=reinterpret pc=0x000000001075791c method=com.android.dx.cf.code.RopperMachine.run(Lcom/android/dx/cf/code/Frame;II)V @ 1500

Internal exceptions (3 events):
Event: 0.034 Thread 0x0000000001cef800 Exception <a 'java/lang/NoSuchMethodError': Method sun.misc.Unsafe.defineClass(Ljava/lang/String;[BII)Ljava/lang/Class; name or signature does not match> (0x00000000eab07cc0) thrown at [D:\re\workspace\8-2-build-windows-amd64-cygwin\jdk8u77\6540\hotspot\srV‰f¨”¡?
Event: 0.034 Thread 0x0000000001cef800 Exception <a 'java/lang/NoSuchMethodError': Method sun.misc.Unsafe.prefetchRead(Ljava/lang/Object;J)V name or signature does not match> (0x00000000eab07fa8) thrown at [D:\re\workspace\8-2-build-windows-amd64-cygwin\jdk8u77\6540\hotspot\src\share\vm\prims\j]¤)Ãøä@
Event: 2.362 Thread 0x0000000007901000 Implicit null exception at 0x00000000102f30ee to 0x00000000102f5111

Events (10 events):
Event: 7.153 Thread 0x0000000007901000 Uncommon trap: trap_request=0xffffff65 fr.pc=0x00000000103c814c
Event: 7.153 Thread 0x0000000007901000 DEOPT PACKING pc=0x00000000103c814c sp=0x0000000007e5e990
Event: 7.153 Thread 0x0000000007901000 DEOPT UNPACKING pc=0x000000001008582a sp=0x0000000007e5e938 mode 2
Event: 7.497 Thread 0x0000000007905000 DEOPT PACKING pc=0x000000001046d968 sp=0x0000000008f5edc0
Event: 7.497 Thread 0x0000000007905000 DEOPT UNPACKING pc=0x000000001008787f sp=0x0000000008f5ebf0 mode 0
Event: 7.505 Thread 0x0000000007905000 DEOPT PACKING pc=0x000000001052710d sp=0x0000000008f5edf0
Event: 7.505 Thread 0x0000000007905000 DEOPT UNPACKING pc=0x000000001008787f sp=0x0000000008f5eb28 mode 0
Event: 8.121 Thread 0x0000000007901000 Uncommon trap: trap_request=0xffffff65 fr.pc=0x000000001075791c
Event: 8.121 Thread 0x0000000007901000 DEOPT PACKING pc=0x000000001075791c sp=0x0000000007e5e9c0
Event: 8.121 Thread 0x0000000007901000 DEOPT UNPACKING pc=0x000000001008582a sp=0x0000000007e5e988 mode 2


Dynamic libraries:
0x000000013f8d0000 - 0x000000013f907000 	C:\Program Files\Java\jdk1.8.0_77\bin\java.exe
0x0000000077ab0000 - 0x0000000077c5a000 	C:\Windows\SYSTEM32\ntdll.dll
0x0000000077890000 - 0x00000000779af000 	C:\Windows\system32\kernel32.dll
0x000007fefdad0000 - 0x000007fefdb3b000 	C:\Windows\system32\KERNELBASE.dll
0x000007feff7d0000 - 0x000007feff8ab000 	C:\Windows\system32\ADVAPI32.dll
0x000007feff720000 - 0x000007feff7bf000 	C:\Windows\system32\msvcrt.dll
0x000007feff690000 - 0x000007feff6af000 	C:\Windows\SYSTEM32\sechost.dll
0x000007feff990000 - 0x000007feffabd000 	C:\Windows\system32\RPCRT4.dll
0x00000000779b0000 - 0x0000000077aaa000 	C:\Windows\system32\USER32.dll
0x000007feff6b0000 - 0x000007feff717000 	C:\Windows\system32\GDI32.dll
0x000007feff7c0000 - 0x000007feff7ce000 	C:\Windows\system32\LPK.dll
0x000007feff8b0000 - 0x000007feff97a000 	C:\Windows\system32\USP10.dll
0x000007fefbf60000 - 0x000007fefc154000 	C:\Windows\WinSxS\amd64_microsoft.windows.common-controls_6595b64144ccf1df_6.0.7601.18837_none_fa3b1e3d17594757\COMCTL32.dll
0x000007feff380000 - 0x000007feff3f1000 	C:\Windows\system32\SHLWAPI.dll
0x000007fefebc0000 - 0x000007fefebee000 	C:\Windows\system32\IMM32.DLL
0x000007fefdbf0000 - 0x000007fefdcf9000 	C:\Windows\system32\MSCTF.dll
0x000007fef32b0000 - 0x000007fef32d3000 	C:\Windows\system32\f_im.dll
0x0000000061000000 - 0x00000000610bd000 	C:\Program Files\Fasoo DRM\f_sps.dll
0x000007fefc880000 - 0x000007fefc88c000 	C:\Windows\system32\VERSION.dll
0x000007fefdd50000 - 0x000007fefeada000 	C:\Windows\system32\SHELL32.dll
0x000007fefeec0000 - 0x000007feff0c3000 	C:\Windows\system32\ole32.dll
0x000007fefeae0000 - 0x000007fefebb7000 	C:\Windows\system32\OLEAUT32.dll
0x000000005a240000 - 0x000000005a26f000 	C:\Windows\WinSxS\amd64_microsoft.vc90.atl_1fc8b3b9a1e18e3b_9.0.30729.6161_none_0a1fd3a3a768b895\ATL90.DLL
0x0000000077c80000 - 0x0000000077c87000 	C:\Windows\system32\PSAPI.DLL
0x000007fefa1e0000 - 0x000007fefa251000 	C:\Windows\system32\winspool.drv
0x0000000010000000 - 0x0000000010033000 	C:\Windows\system32\f_pbrc12.dll
0x000007fefb9a0000 - 0x000007fefb9b8000 	C:\Windows\system32\dwmapi.dll
0x0000000067790000 - 0x0000000067862000 	C:\Program Files\Java\jdk1.8.0_77\jre\bin\msvcr100.dll
0x0000000070230000 - 0x0000000070ac0000 	C:\Program Files\Java\jdk1.8.0_77\jre\bin\server\jvm.dll
0x000007feef4d0000 - 0x000007feef4d9000 	C:\Windows\system32\WSOCK32.dll
0x000007fefdd00000 - 0x000007fefdd4d000 	C:\Windows\system32\WS2_32.dll
0x000007feff980000 - 0x000007feff988000 	C:\Windows\system32\NSI.dll
0x000007fefa700000 - 0x000007fefa73b000 	C:\Windows\system32\WINMM.dll
0x0000000072920000 - 0x000000007292f000 	C:\Program Files\Java\jdk1.8.0_77\jre\bin\verify.dll
0x0000000067760000 - 0x0000000067789000 	C:\Program Files\Java\jdk1.8.0_77\jre\bin\java.dll
0x000000006a950000 - 0x000000006a966000 	C:\Program Files\Java\jdk1.8.0_77\jre\bin\zip.dll
0x000007fefd840000 - 0x000007fefd84f000 	C:\Windows\system32\profapi.dll

VM Arguments:
jvm_args: -Djava.awt.headless=true -Xmx1024M -Dfile.encoding=x-windows-949 -Duser.country=KR -Duser.language=ko -Duser.variant 
java_command: com.android.dx.command.Main --dex --num-threads=4 --output C:\Users\T22mo\workspace\emoodchart-android\app\build\intermediates\pre-dexed\debug\com.android.support-appcompat-v7-24.1.1_bde96802b729e95b78098b13ebfd217a1b1b584c.jar C:\Users\T22mo\workspace\emoodchart-android\app\build\intermediates\exploded-aar\com.android.support\appcompat-v7\24.1.1\jars\classes.jar
java_class_path (initial): D:\Program Files (x86)\Android\build-tools\24.0.1\lib\dx.jar
Launcher Type: SUN_STANDARD

Environment Variables:
JAVA_HOME=C:\Program Files\Java\jdk1.8.0_77\jre
PATH=C:\Program Files\Common Files\Microsoft Shared\Windows Live;C:\Program Files (x86)\Common Files\Microsoft Shared\Windows Live;C:\ProgramData\Oracle\Java\javapath;C:\Program Files (x86)\Intel\iCLS Client\;C:\Program Files\Intel\iCLS Client\;C:\Windows\system32;C:\Windows;C:\Windows\System32\Wbem;C:\Windows\System32\WindowsPowerShell\v1.0\;C:\Program Files\Intel\Intel(R) Management Engine Components\DAL;C:\Program Files\Intel\Intel(R) Management Engine Components\IPT;C:\Program Files (x86)\Intel\Intel(R) Management Engine Components\DAL;C:\Program Files (x86)\Intel\Intel(R) Management Engine Components\IPT;C:\Program Files\Microsoft\Web Platform Installer\;C:\Program Files (x86)\Microsoft ASP.NET\ASP.NET Web Pages\v1.0\;C:\Program Files (x86)\Heroku\bin;C:\Program Files (x86)\git\cmd;C:\Program Files (x86)\Windows Live\Shared;D:\Program Files (x86)\nodejs\;D:\Program Files (x86)\DLR\Sumo\bin\;D:\Program Files (x86)\DLR\Sumo\tools\;C:\Program Files\Git\cmd;D:\TDM-GCC-64\bin;C:\Program Files\Java\jdk1.8.0_77\jre;D:\Program Files\Anaconda2;D:\Program Files\Anaconda2\Scripts;D:\Program Files\Anaconda2\Library\bin;C:\Program Files (x86)\Java\jre7\bin;C:\Users\T22mo\AppData\Local\Android\sdk\platform-tools;C:\Program Files\Bandizip\7z;C:\Users\T22mo\AppData\Roaming\npm;D:\Program Files\Docker Toolbox;C:\Python27;C:\Python27\Scripts;D:\Program Files\Anaconda2\MinGW\x86_64-w64-mingw32\lib;C:\Program Files\Java\jdk1.8.0_77\jre
USERNAME=T22mo
OS=Windows_NT
PROCESSOR_IDENTIFIER=Intel64 Family 6 Model 58 Stepping 9, GenuineIntel



---------------  S Y S T E M  ---------------

OS: Windows 7 , 64 bit Build 7601 (6.1.7601.19135)

CPU:total 4 (4 cores per cpu, 1 threads per core) family 6 model 58 stepping 9, cmov, cx8, fxsr, mmx, sse, sse2, sse3, ssse3, sse4.1, sse4.2, popcnt, avx, aes, clmul, erms, tsc, tscinvbit, tscinv

Memory: 4k page, physical 6230128k(1025980k free), swap 13817692k(2672k free)

vm_info: Java HotSpot(TM) 64-Bit Server VM (25.77-b03) for windows-amd64 JRE (1.8.0_77-b03), built on Mar 20 2016 22:01:33 by "java_re" with MS VC++ 10.0 (VS2010)

time: Tue Aug 30 18:01:28 2016
elapsed time: 8 seconds (0d 0h 0m 8s)

