#
# There is insufficient memory for the Java Runtime Environment to continue.
# Native memory allocation (malloc) failed to allocate 713232 bytes for Chunk::new
# Possible reasons:
#   The system is out of physical RAM or swap space
#   In 32 bit mode, the process size limit was hit
# Possible solutions:
#   Reduce memory load on the system
#   Increase physical memory or swap space
#   Check if swap backing store is full
#   Use 64 bit Java on a 64 bit OS
#   Decrease Java heap size (-Xmx/-Xms)
#   Decrease number of Java threads
#   Decrease Java thread stack sizes (-Xss)
#   Set larger code cache with -XX:ReservedCodeCacheSize=
# This output file may be truncated or incomplete.
#
#  Out of Memory Error (allocation.cpp:390), pid=1240, tid=16780
#
# JRE version: Java(TM) SE Runtime Environment (8.0_77-b03) (build 1.8.0_77-b03)
# Java VM: Java HotSpot(TM) 64-Bit Server VM (25.77-b03 mixed mode windows-amd64 compressed oops)
# Failed to write core dump. Minidumps are not enabled by default on client versions of Windows
#

---------------  T H R E A D  ---------------

Current thread (0x0000000007638000):  JavaThread "C2 CompilerThread0" daemon [_thread_in_native, id=16780, stack(0x0000000007d30000,0x0000000007e30000)]

Stack: [0x0000000007d30000,0x0000000007e30000]
[error occurred during error reporting (printing stack bounds), id 0xc0000005]

Native frames: (J=compiled Java code, j=interpreted, Vv=VM code, C=native code)


Current CompileTask:
C2:   3296 1162   !   4       com.android.dx.cf.code.RopperMachine::run (1550 bytes)


---------------  P R O C E S S  ---------------

Java Threads: ( => current thread )
  0x0000000007892000 JavaThread "pool-1-thread-4" [_thread_blocked, id=15684, stack(0x00000000087f0000,0x00000000088f0000)]
  0x0000000007894800 JavaThread "pool-1-thread-3" [_thread_blocked, id=13524, stack(0x0000000008940000,0x0000000008a40000)]
  0x000000000788c000 JavaThread "pool-1-thread-2" [_thread_blocked, id=16256, stack(0x00000000086d0000,0x00000000087d0000)]
  0x000000000788b800 JavaThread "pool-2-thread-1" [_thread_blocked, id=16892, stack(0x00000000085c0000,0x00000000086c0000)]
  0x0000000007889800 JavaThread "pool-1-thread-1" [_thread_blocked, id=13744, stack(0x0000000008030000,0x0000000008130000)]
  0x000000000769b000 JavaThread "Service Thread" daemon [_thread_blocked, id=9344, stack(0x0000000008170000,0x0000000008270000)]
  0x0000000007699000 JavaThread "C1 CompilerThread2" daemon [_thread_blocked, id=2220, stack(0x0000000007c10000,0x0000000007d10000)]
  0x0000000007698800 JavaThread "C2 CompilerThread1" daemon [_thread_in_native, id=15224, stack(0x0000000007ee0000,0x0000000007fe0000)]
=>0x0000000007638000 JavaThread "C2 CompilerThread0" daemon [_thread_in_native, id=16780, stack(0x0000000007d30000,0x0000000007e30000)]
  0x000000000762b000 JavaThread "Attach Listener" daemon [_thread_blocked, id=3532, stack(0x0000000007240000,0x0000000007340000)]
  0x000000000762a800 JavaThread "Signal Dispatcher" daemon [_thread_blocked, id=3556, stack(0x0000000007a40000,0x0000000007b40000)]
  0x00000000060a7800 JavaThread "Finalizer" daemon [_thread_blocked, id=1696, stack(0x0000000007520000,0x0000000007620000)]
  0x0000000006066000 JavaThread "Reference Handler" daemon [_thread_blocked, id=5300, stack(0x00000000073c0000,0x00000000074c0000)]
  0x000000000251f800 JavaThread "main" [_thread_blocked, id=14632, stack(0x00000000028d0000,0x00000000029d0000)]

Other Threads:
  0x000000000605b000 VMThread [stack: 0x0000000007130000,0x0000000007230000] [id=14680]
  0x00000000076e2800 WatcherThread [stack: 0x0000000008380000,0x0000000008480000] [id=16260]

VM state:not at safepoint (normal execution)

VM Mutex/Monitor currently owned by a thread: None

Heap:
 PSYoungGen      total 28672K, used 25063K [0x00000000eab00000, 0x00000000ee300000, 0x0000000100000000)
  eden space 24576K, 85% used [0x00000000eab00000,0x00000000ebf7d510,0x00000000ec300000)
  from space 4096K, 99% used [0x00000000ec300000,0x00000000ec6fcae8,0x00000000ec700000)
  to   space 4096K, 0% used [0x00000000edf00000,0x00000000edf00000,0x00000000ee300000)
 ParOldGen       total 65536K, used 1547K [0x00000000c0000000, 0x00000000c4000000, 0x00000000eab00000)
  object space 65536K, 2% used [0x00000000c0000000,0x00000000c0182d78,0x00000000c4000000)
 Metaspace       used 6158K, capacity 7000K, committed 7168K, reserved 1056768K
  class space    used 624K, capacity 656K, committed 768K, reserved 1048576K

Card table byte_map: [0x0000000002d90000,0x0000000002fa0000] byte_map_base: 0x0000000002790000

Marking Bits: (ParMarkBitMap*) 0x0000000070a40600
 Begin Bits: [0x00000000034d0000, 0x00000000044d0000)
 End Bits:   [0x00000000044d0000, 0x00000000054d0000)

Polling page: 0x00000000001f0000

CodeCache: size=245760Kb used=5085Kb max_used=5085Kb free=240674Kb
 bounds [0x0000000010040000, 0x0000000010540000, 0x000000001f040000]
 total_blobs=1555 nmethods=1284 adapters=184
 compilation: enabled

Compilation events (10 events):
Event: 3.275 Thread 0x0000000007699000 1294  s    2       com.android.dx.dex.file.MethodIdsSection::intern (55 bytes)
Event: 3.276 Thread 0x0000000007699000 nmethod 1294 0x0000000010534ad0 code [0x0000000010534ca0, 0x00000000105352e8]
Event: 3.284 Thread 0x0000000007699000 1295       2       com.android.dx.cf.iface.StdMember::<init> (69 bytes)
Event: 3.284 Thread 0x0000000007699000 nmethod 1295 0x0000000010535750 code [0x00000000105358e0, 0x0000000010535c68]
Event: 3.286 Thread 0x0000000007699000 1296       2       com.android.dx.ssa.SsaMethod::forEachBlockDepthFirstDom (128 bytes)
Event: 3.287 Thread 0x0000000007699000 nmethod 1296 0x0000000010535e50 code [0x00000000105360e0, 0x00000000105370f8]
Event: 3.287 Thread 0x0000000007699000 1297       2       com.android.dx.ssa.ConstCollector::updateConstUses (248 bytes)
Event: 3.288 Thread 0x0000000007699000 nmethod 1297 0x0000000010537f90 code [0x0000000010538200, 0x0000000010538b98]
Event: 3.288 Thread 0x0000000007699000 1298       1       java.util.concurrent.locks.AbstractOwnableSynchronizer::getExclusiveOwnerThread (5 bytes)
Event: 3.288 Thread 0x0000000007699000 nmethod 1298 0x0000000010539790 code [0x00000000105398e0, 0x00000000105399f0]

GC Heap History (2 events):
Event: 2.632 GC heap before
{Heap before GC invocations=1 (full 0):
 PSYoungGen      total 28672K, used 24576K [0x00000000eab00000, 0x00000000ecb00000, 0x0000000100000000)
  eden space 24576K, 100% used [0x00000000eab00000,0x00000000ec300000,0x00000000ec300000)
  from space 4096K, 0% used [0x00000000ec700000,0x00000000ec700000,0x00000000ecb00000)
  to   space 4096K, 0% used [0x00000000ec300000,0x00000000ec300000,0x00000000ec700000)
 ParOldGen       total 65536K, used 0K [0x00000000c0000000, 0x00000000c4000000, 0x00000000eab00000)
  object space 65536K, 0% used [0x00000000c0000000,0x00000000c0000000,0x00000000c4000000)
 Metaspace       used 5904K, capacity 6840K, committed 7040K, reserved 1056768K
  class space    used 604K, capacity 624K, committed 640K, reserved 1048576K
Event: 2.831 GC heap after
Heap after GC invocations=1 (full 0):
 PSYoungGen      total 28672K, used 4082K [0x00000000eab00000, 0x00000000ee300000, 0x0000000100000000)
  eden space 24576K, 0% used [0x00000000eab00000,0x00000000eab00000,0x00000000ec300000)
  from space 4096K, 99% used [0x00000000ec300000,0x00000000ec6fcae8,0x00000000ec700000)
  to   space 4096K, 0% used [0x00000000edf00000,0x00000000edf00000,0x00000000ee300000)
 ParOldGen       total 65536K, used 1547K [0x00000000c0000000, 0x00000000c4000000, 0x00000000eab00000)
  object space 65536K, 2% used [0x00000000c0000000,0x00000000c0182d78,0x00000000c4000000)
 Metaspace       used 5904K, capacity 6840K, committed 7040K, reserved 1056768K
  class space    used 604K, capacity 624K, committed 640K, reserved 1048576K
}

Deoptimization events (10 events):
Event: 2.517 Thread 0x000000000788c000 Uncommon trap: reason=null_check action=make_not_entrant pc=0x000000001030ed38 method=com.android.dx.ssa.SsaRenamer.getLocalForNewReg(I)Lcom/android/dx/rop/code/LocalItem; @ 19
Event: 2.520 Thread 0x0000000007889800 Uncommon trap: reason=unstable_if action=reinterpret pc=0x000000001022a4e4 method=java.util.BitSet.ensureCapacity(I)V @ 6
Event: 2.528 Thread 0x0000000007892000 Uncommon trap: reason=unstable_if action=reinterpret pc=0x0000000010292624 method=com.android.dx.ssa.SsaMethod.getExitBlock()Lcom/android/dx/ssa/SsaBasicBlock; @ 4
Event: 2.530 Thread 0x0000000007889800 Uncommon trap: reason=null_check action=make_not_entrant pc=0x000000001025e0d0 method=com.android.dx.rop.type.Type.equals(Ljava/lang/Object;)Z @ 8
Event: 3.104 Thread 0x000000000251f800 Uncommon trap: reason=bimorphic action=maybe_recompile pc=0x000000001022d40c method=java.util.HashMap.getNode(ILjava/lang/Object;)Ljava/util/HashMap$Node; @ 126
Event: 3.105 Thread 0x000000000251f800 Uncommon trap: reason=bimorphic action=maybe_recompile pc=0x000000001022d40c method=java.util.HashMap.getNode(ILjava/lang/Object;)Ljava/util/HashMap$Node; @ 126
Event: 3.105 Thread 0x000000000251f800 Uncommon trap: reason=bimorphic action=maybe_recompile pc=0x000000001022d40c method=java.util.HashMap.getNode(ILjava/lang/Object;)Ljava/util/HashMap$Node; @ 126
Event: 3.105 Thread 0x000000000251f800 Uncommon trap: reason=bimorphic action=maybe_recompile pc=0x000000001022d40c method=java.util.HashMap.getNode(ILjava/lang/Object;)Ljava/util/HashMap$Node; @ 126
Event: 3.105 Thread 0x000000000251f800 Uncommon trap: reason=bimorphic action=maybe_recompile pc=0x0000000010209dcc method=java.util.HashMap.getNode(ILjava/lang/Object;)Ljava/util/HashMap$Node; @ 126
Event: 3.242 Thread 0x0000000007889800 Uncommon trap: reason=unstable_if action=reinterpret pc=0x0000000010252c18 method=java.util.HashMap.putVal(ILjava/lang/Object;Ljava/lang/Object;ZZ)Ljava/lang/Object; @ 162

Internal exceptions (7 events):
Event: 0.252 Thread 0x000000000251f800 Exception <a 'java/lang/NoSuchMethodError': Method sun.misc.Unsafe.defineClass(Ljava/lang/String;[BII)Ljava/lang/Class; name or signature does not match> (0x00000000eab07cc0) thrown at [D:\re\workspace\8-2-build-windows-amd64-cygwin\jdk8u77\6540\hotspot\srA}TUu%–?
Event: 0.252 Thread 0x000000000251f800 Exception <a 'java/lang/NoSuchMethodError': Method sun.misc.Unsafe.prefetchRead(Ljava/lang/Object;J)V name or signature does not match> (0x00000000eab07fa8) thrown at [D:\re\workspace\8-2-build-windows-amd64-cygwin\jdk8u77\6540\hotspot\src\share\vm\prims\j÷Ø;•)"@
Event: 2.517 Thread 0x000000000788c000 Implicit null exception at 0x000000001030e1e0 to 0x000000001030ed11
Event: 2.530 Thread 0x0000000007889800 Implicit null exception at 0x000000001025dfd2 to 0x000000001025e0c2
Event: 3.243 Thread 0x0000000007889800 Exception <a 'java/lang/ArrayIndexOutOfBoundsException': 18> (0x00000000eba54820) thrown at [D:\re\workspace\8-2-build-windows-amd64-cygwin\jdk8u77\6540\hotspot\src\share\vm\interpreter\interpreterRuntime.cpp, line 366]
Event: 3.243 Thread 0x0000000007889800 Exception <a 'java/lang/ArrayIndexOutOfBoundsException': 145> (0x00000000eba563a0) thrown at [D:\re\workspace\8-2-build-windows-amd64-cygwin\jdk8u77\6540\hotspot\src\share\vm\interpreter\interpreterRuntime.cpp, line 366]
Event: 3.243 Thread 0x0000000007889800 Exception <a 'java/lang/ArrayIndexOutOfBoundsException': 40> (0x00000000eba57688) thrown at [D:\re\workspace\8-2-build-windows-amd64-cygwin\jdk8u77\6540\hotspot\src\share\vm\interpreter\interpreterRuntime.cpp, line 366]

Events (10 events):
Event: 3.243 loading class sun/reflect/generics/reflectiveObjects/TypeVariableImpl
Event: 3.243 loading class sun/reflect/generics/reflectiveObjects/LazyReflectiveObjectGenerator
Event: 3.243 loading class sun/reflect/generics/reflectiveObjects/LazyReflectiveObjectGenerator done
Event: 3.243 loading class sun/reflect/generics/reflectiveObjects/TypeVariableImpl done
Event: 3.249 Thread 0x0000000007889800 DEOPT PACKING pc=0x0000000010340485 sp=0x000000000812ed40
Event: 3.249 Thread 0x0000000007889800 DEOPT UNPACKING pc=0x000000001008787f sp=0x000000000812eb30 mode 0
Event: 3.260 Thread 0x0000000007889800 DEOPT PACKING pc=0x0000000010340485 sp=0x000000000812ec00
Event: 3.261 Thread 0x0000000007889800 DEOPT UNPACKING pc=0x000000001008787f sp=0x000000000812e9e0 mode 0
Event: 3.274 Thread 0x0000000007889800 DEOPT PACKING pc=0x0000000010340485 sp=0x000000000812ed40
Event: 3.274 Thread 0x0000000007889800 DEOPT UNPACKING pc=0x000000001008787f sp=0x000000000812eb30 mode 0


Dynamic libraries:
0x000000013f8d0000 - 0x000000013f907000 	C:\Program Files\Java\jdk1.8.0_77\bin\java.exe
0x0000000077ab0000 - 0x0000000077c5a000 	C:\Windows\SYSTEM32\ntdll.dll
0x0000000077890000 - 0x00000000779af000 	C:\Windows\system32\kernel32.dll
0x000007fefdad0000 - 0x000007fefdb3b000 	C:\Windows\system32\KERNELBASE.dll
0x000007feff7d0000 - 0x000007feff8ab000 	C:\Windows\system32\ADVAPI32.dll
0x000007feff720000 - 0x000007feff7bf000 	C:\Windows\system32\msvcrt.dll
0x000007feff690000 - 0x000007feff6af000 	C:\Windows\SYSTEM32\sechost.dll
0x000007feff990000 - 0x000007feffabd000 	C:\Windows\system32\RPCRT4.dll
0x00000000779b0000 - 0x0000000077aaa000 	C:\Windows\system32\USER32.dll
0x000007feff6b0000 - 0x000007feff717000 	C:\Windows\system32\GDI32.dll
0x000007feff7c0000 - 0x000007feff7ce000 	C:\Windows\system32\LPK.dll
0x000007feff8b0000 - 0x000007feff97a000 	C:\Windows\system32\USP10.dll
0x000007fefbf60000 - 0x000007fefc154000 	C:\Windows\WinSxS\amd64_microsoft.windows.common-controls_6595b64144ccf1df_6.0.7601.18837_none_fa3b1e3d17594757\COMCTL32.dll
0x000007feff380000 - 0x000007feff3f1000 	C:\Windows\system32\SHLWAPI.dll
0x000007fefebc0000 - 0x000007fefebee000 	C:\Windows\system32\IMM32.DLL
0x000007fefdbf0000 - 0x000007fefdcf9000 	C:\Windows\system32\MSCTF.dll
0x000007fef32b0000 - 0x000007fef32d3000 	C:\Windows\system32\f_im.dll
0x0000000061000000 - 0x00000000610bd000 	C:\Program Files\Fasoo DRM\f_sps.dll
0x000007fefc880000 - 0x000007fefc88c000 	C:\Windows\system32\VERSION.dll
0x000007fefdd50000 - 0x000007fefeada000 	C:\Windows\system32\SHELL32.dll
0x000007fefeec0000 - 0x000007feff0c3000 	C:\Windows\system32\ole32.dll
0x000007fefeae0000 - 0x000007fefebb7000 	C:\Windows\system32\OLEAUT32.dll
0x000000005a240000 - 0x000000005a26f000 	C:\Windows\WinSxS\amd64_microsoft.vc90.atl_1fc8b3b9a1e18e3b_9.0.30729.6161_none_0a1fd3a3a768b895\ATL90.DLL
0x0000000077c80000 - 0x0000000077c87000 	C:\Windows\system32\PSAPI.DLL
0x000007fefa1e0000 - 0x000007fefa251000 	C:\Windows\system32\winspool.drv
0x0000000010000000 - 0x0000000010033000 	C:\Windows\system32\f_pbrc12.dll
0x000007fefb9a0000 - 0x000007fefb9b8000 	C:\Windows\system32\dwmapi.dll
0x0000000067790000 - 0x0000000067862000 	C:\Program Files\Java\jdk1.8.0_77\jre\bin\msvcr100.dll
0x0000000070230000 - 0x0000000070ac0000 	C:\Program Files\Java\jdk1.8.0_77\jre\bin\server\jvm.dll
0x000007feef4d0000 - 0x000007feef4d9000 	C:\Windows\system32\WSOCK32.dll
0x000007fefdd00000 - 0x000007fefdd4d000 	C:\Windows\system32\WS2_32.dll
0x000007feff980000 - 0x000007feff988000 	C:\Windows\system32\NSI.dll
0x000007fefa700000 - 0x000007fefa73b000 	C:\Windows\system32\WINMM.dll
0x0000000072920000 - 0x000000007292f000 	C:\Program Files\Java\jdk1.8.0_77\jre\bin\verify.dll
0x0000000067760000 - 0x0000000067789000 	C:\Program Files\Java\jdk1.8.0_77\jre\bin\java.dll
0x000000006a950000 - 0x000000006a966000 	C:\Program Files\Java\jdk1.8.0_77\jre\bin\zip.dll
0x000007fefd840000 - 0x000007fefd84f000 	C:\Windows\system32\profapi.dll

VM Arguments:
jvm_args: -Djava.awt.headless=true -Xmx1024M -Dfile.encoding=x-windows-949 -Duser.country=KR -Duser.language=ko -Duser.variant 
java_command: com.android.dx.command.Main --dex --num-threads=4 --output C:\Users\T22mo\workspace\emoodchart-android\app\build\intermediates\pre-dexed\debug\okio-1.9.0_705d075c76bb9673e9d140e8247a84d3074e62ea.jar C:\Users\T22mo\.gradle\caches\modules-2\files-2.1\com.squareup.okio\okio\1.9.0\f824591a0016efbaeddb8300bee54832a1398cfa\okio-1.9.0.jar
java_class_path (initial): D:\Program Files (x86)\Android\build-tools\24.0.1\lib\dx.jar
Launcher Type: SUN_STANDARD

Environment Variables:
JAVA_HOME=C:\Program Files\Java\jdk1.8.0_77\jre
PATH=C:\Program Files\Common Files\Microsoft Shared\Windows Live;C:\Program Files (x86)\Common Files\Microsoft Shared\Windows Live;C:\ProgramData\Oracle\Java\javapath;C:\Program Files (x86)\Intel\iCLS Client\;C:\Program Files\Intel\iCLS Client\;C:\Windows\system32;C:\Windows;C:\Windows\System32\Wbem;C:\Windows\System32\WindowsPowerShell\v1.0\;C:\Program Files\Intel\Intel(R) Management Engine Components\DAL;C:\Program Files\Intel\Intel(R) Management Engine Components\IPT;C:\Program Files (x86)\Intel\Intel(R) Management Engine Components\DAL;C:\Program Files (x86)\Intel\Intel(R) Management Engine Components\IPT;C:\Program Files\Microsoft\Web Platform Installer\;C:\Program Files (x86)\Microsoft ASP.NET\ASP.NET Web Pages\v1.0\;C:\Program Files (x86)\Heroku\bin;C:\Program Files (x86)\git\cmd;C:\Program Files (x86)\Windows Live\Shared;D:\Program Files (x86)\nodejs\;D:\Program Files (x86)\DLR\Sumo\bin\;D:\Program Files (x86)\DLR\Sumo\tools\;C:\Program Files\Git\cmd;D:\TDM-GCC-64\bin;C:\Program Files\Java\jdk1.8.0_77\jre;D:\Program Files\Anaconda2;D:\Program Files\Anaconda2\Scripts;D:\Program Files\Anaconda2\Library\bin;C:\Program Files (x86)\Java\jre7\bin;C:\Users\T22mo\AppData\Local\Android\sdk\platform-tools;C:\Program Files\Bandizip\7z;C:\Users\T22mo\AppData\Roaming\npm;D:\Program Files\Docker Toolbox;C:\Python27;C:\Python27\Scripts;D:\Program Files\Anaconda2\MinGW\x86_64-w64-mingw32\lib;C:\Program Files\Java\jdk1.8.0_77\jre
USERNAME=T22mo
OS=Windows_NT
PROCESSOR_IDENTIFIER=Intel64 Family 6 Model 58 Stepping 9, GenuineIntel



---------------  S Y S T E M  ---------------

OS: Windows 7 , 64 bit Build 7601 (6.1.7601.19135)

CPU:total 4 (4 cores per cpu, 1 threads per core) family 6 model 58 stepping 9, cmov, cx8, fxsr, mmx, sse, sse2, sse3, ssse3, sse4.1, sse4.2, popcnt, avx, aes, clmul, erms, tsc, tscinvbit, tscinv

Memory: 4k page, physical 6230128k(1025796k free), swap 13817692k(3240k free)

vm_info: Java HotSpot(TM) 64-Bit Server VM (25.77-b03) for windows-amd64 JRE (1.8.0_77-b03), built on Mar 20 2016 22:01:33 by "java_re" with MS VC++ 10.0 (VS2010)

time: Tue Aug 30 18:01:28 2016
elapsed time: 3 seconds (0d 0h 0m 3s)

