#
# There is insufficient memory for the Java Runtime Environment to continue.
# Native memory allocation (malloc) failed to allocate 338896 bytes for Chunk::new
# Possible reasons:
#   The system is out of physical RAM or swap space
#   In 32 bit mode, the process size limit was hit
# Possible solutions:
#   Reduce memory load on the system
#   Increase physical memory or swap space
#   Check if swap backing store is full
#   Use 64 bit Java on a 64 bit OS
#   Decrease Java heap size (-Xmx/-Xms)
#   Decrease number of Java threads
#   Decrease Java thread stack sizes (-Xss)
#   Set larger code cache with -XX:ReservedCodeCacheSize=
# This output file may be truncated or incomplete.
#
#  Out of Memory Error (allocation.cpp:390), pid=4044, tid=16508
#
# JRE version: Java(TM) SE Runtime Environment (8.0_77-b03) (build 1.8.0_77-b03)
# Java VM: Java HotSpot(TM) 64-Bit Server VM (25.77-b03 mixed mode windows-amd64 compressed oops)
# Failed to write core dump. Minidumps are not enabled by default on client versions of Windows
#

---------------  T H R E A D  ---------------

Current thread (0x000000000621d800):  JavaThread "C2 CompilerThread0" daemon [_thread_in_native, id=16508, stack(0x0000000007de0000,0x0000000007ee0000)]

Stack: [0x0000000007de0000,0x0000000007ee0000]
[error occurred during error reporting (printing stack bounds), id 0xc0000005]

Native frames: (J=compiled Java code, j=interpreted, Vv=VM code, C=native code)


Current CompileTask:
C2:   7359 1677   !   4       com.android.dx.cf.code.BytecodeArray::parseInstruction (2764 bytes)


---------------  P R O C E S S  ---------------

Java Threads: ( => current thread )
  0x000000000793d800 JavaThread "pool-1-thread-4" [_thread_blocked, id=12548, stack(0x0000000008b60000,0x0000000008c60000)]
  0x0000000007937000 JavaThread "pool-1-thread-3" [_thread_blocked, id=14088, stack(0x0000000008260000,0x0000000008360000)]
  0x0000000007933800 JavaThread "pool-1-thread-2" [_thread_blocked, id=15024, stack(0x00000000088e0000,0x00000000089e0000)]
  0x0000000007932800 JavaThread "pool-2-thread-1" [_thread_blocked, id=13588, stack(0x00000000086d0000,0x00000000087d0000)]
  0x0000000007930800 JavaThread "pool-1-thread-1" [_thread_blocked, id=14536, stack(0x0000000008580000,0x0000000008680000)]
  0x0000000007686800 JavaThread "Service Thread" daemon [_thread_blocked, id=15876, stack(0x0000000007a10000,0x0000000007b10000)]
  0x0000000007682800 JavaThread "C1 CompilerThread2" daemon [_thread_blocked, id=4984, stack(0x0000000008140000,0x0000000008240000)]
  0x0000000007682000 JavaThread "C2 CompilerThread1" daemon [_thread_in_native, id=5776, stack(0x0000000007fa0000,0x00000000080a0000)]
=>0x000000000621d800 JavaThread "C2 CompilerThread0" daemon [_thread_in_native, id=16508, stack(0x0000000007de0000,0x0000000007ee0000)]
  0x000000000761a800 JavaThread "Attach Listener" daemon [_thread_blocked, id=12544, stack(0x0000000007ca0000,0x0000000007da0000)]
  0x000000000620e800 JavaThread "Signal Dispatcher" daemon [_thread_blocked, id=12128, stack(0x0000000007b40000,0x0000000007c40000)]
  0x00000000061f9800 JavaThread "Finalizer" daemon [_thread_blocked, id=15364, stack(0x0000000007510000,0x0000000007610000)]
  0x00000000061b2800 JavaThread "Reference Handler" daemon [_thread_blocked, id=15712, stack(0x00000000073d0000,0x00000000074d0000)]
  0x00000000024df800 JavaThread "main" [_thread_blocked, id=14192, stack(0x0000000002760000,0x0000000002860000)]

Other Threads:
  0x00000000061ab000 VMThread [stack: 0x0000000007200000,0x0000000007300000] [id=2204]
  0x00000000076fa000 WatcherThread [stack: 0x00000000083f0000,0x00000000084f0000] [id=17376]

VM state:not at safepoint (normal execution)

VM Mutex/Monitor currently owned by a thread: None

Heap:
 PSYoungGen      total 53248K, used 30498K [0x00000000eab00000, 0x00000000ee300000, 0x0000000100000000)
  eden space 49152K, 53% used [0x00000000eab00000,0x00000000ec4c90c8,0x00000000edb00000)
  from space 4096K, 99% used [0x00000000edf00000,0x00000000ee2ff898,0x00000000ee300000)
  to   space 4096K, 0% used [0x00000000edb00000,0x00000000edb00000,0x00000000edf00000)
 ParOldGen       total 65536K, used 4780K [0x00000000c0000000, 0x00000000c4000000, 0x00000000eab00000)
  object space 65536K, 7% used [0x00000000c0000000,0x00000000c04ab040,0x00000000c4000000)
 Metaspace       used 6259K, capacity 7094K, committed 7296K, reserved 1056768K
  class space    used 605K, capacity 622K, committed 640K, reserved 1048576K

Card table byte_map: [0x0000000002c20000,0x0000000002e30000] byte_map_base: 0x0000000002620000

Marking Bits: (ParMarkBitMap*) 0x0000000053e90600
 Begin Bits: [0x0000000003620000, 0x0000000004620000)
 End Bits:   [0x0000000004620000, 0x0000000005620000)

Polling page: 0x0000000000480000

CodeCache: size=245760Kb used=7722Kb max_used=7722Kb free=238037Kb
 bounds [0x0000000010040000, 0x00000000107e0000, 0x000000001f040000]
 total_blobs=1979 nmethods=1708 adapters=184
 compilation: enabled

Compilation events (10 events):
Event: 7.271 Thread 0x0000000007682800 1711       3       com.android.dx.rop.cst.CstBaseMethodRef::getParameterWordCount (12 bytes)
Event: 7.271 Thread 0x0000000007682800 nmethod 1711 0x00000000107ce190 code [0x00000000107ce340, 0x00000000107ceb88]
Event: 7.271 Thread 0x0000000007682800 1713       3       com.android.dx.rop.code.LocalVariableExtractor::extract (14 bytes)
Event: 7.271 Thread 0x0000000007682800 nmethod 1713 0x00000000107ceed0 code [0x00000000107cf040, 0x00000000107cf238]
Event: 7.271 Thread 0x0000000007682800 1714       3       com.android.dx.rop.code.LocalVariableExtractor::<init> (59 bytes)
Event: 7.272 Thread 0x0000000007682800 nmethod 1714 0x00000000107cf310 code [0x00000000107cf4c0, 0x00000000107cfaa8]
Event: 7.272 Thread 0x0000000007682800 1715       3       com.android.dx.rop.code.LocalVariableInfo::<init> (82 bytes)
Event: 7.272 Thread 0x0000000007682800 nmethod 1715 0x00000000107cfd10 code [0x00000000107cff60, 0x00000000107d0ca8]
Event: 7.272 Thread 0x0000000007682800 1716       3       com.android.dx.dex.code.RopTranslator::translate (21 bytes)
Event: 7.272 Thread 0x0000000007682800 nmethod 1716 0x00000000107d1250 code [0x00000000107d13c0, 0x00000000107d15d8]

GC Heap History (4 events):
Event: 1.140 GC heap before
{Heap before GC invocations=1 (full 0):
 PSYoungGen      total 28672K, used 24576K [0x00000000eab00000, 0x00000000ecb00000, 0x0000000100000000)
  eden space 24576K, 100% used [0x00000000eab00000,0x00000000ec300000,0x00000000ec300000)
  from space 4096K, 0% used [0x00000000ec700000,0x00000000ec700000,0x00000000ecb00000)
  to   space 4096K, 0% used [0x00000000ec300000,0x00000000ec300000,0x00000000ec700000)
 ParOldGen       total 65536K, used 0K [0x00000000c0000000, 0x00000000c4000000, 0x00000000eab00000)
  object space 65536K, 0% used [0x00000000c0000000,0x00000000c0000000,0x00000000c4000000)
 Metaspace       used 5942K, capacity 6838K, committed 7040K, reserved 1056768K
  class space    used 603K, capacity 622K, committed 640K, reserved 1048576K
Event: 1.245 GC heap after
Heap after GC invocations=1 (full 0):
 PSYoungGen      total 28672K, used 4074K [0x00000000eab00000, 0x00000000ee300000, 0x0000000100000000)
  eden space 24576K, 0% used [0x00000000eab00000,0x00000000eab00000,0x00000000ec300000)
  from space 4096K, 99% used [0x00000000ec300000,0x00000000ec6fa8b8,0x00000000ec700000)
  to   space 4096K, 0% used [0x00000000edf00000,0x00000000edf00000,0x00000000ee300000)
 ParOldGen       total 65536K, used 1392K [0x00000000c0000000, 0x00000000c4000000, 0x00000000eab00000)
  object space 65536K, 2% used [0x00000000c0000000,0x00000000c015c0a0,0x00000000c4000000)
 Metaspace       used 5942K, capacity 6838K, committed 7040K, reserved 1056768K
  class space    used 603K, capacity 622K, committed 640K, reserved 1048576K
}
Event: 3.774 GC heap before
{Heap before GC invocations=2 (full 0):
 PSYoungGen      total 28672K, used 28650K [0x00000000eab00000, 0x00000000ee300000, 0x0000000100000000)
  eden space 24576K, 100% used [0x00000000eab00000,0x00000000ec300000,0x00000000ec300000)
  from space 4096K, 99% used [0x00000000ec300000,0x00000000ec6fa8b8,0x00000000ec700000)
  to   space 4096K, 0% used [0x00000000edf00000,0x00000000edf00000,0x00000000ee300000)
 ParOldGen       total 65536K, used 1392K [0x00000000c0000000, 0x00000000c4000000, 0x00000000eab00000)
  object space 65536K, 2% used [0x00000000c0000000,0x00000000c015c0a0,0x00000000c4000000)
 Metaspace       used 6127K, capacity 7030K, committed 7296K, reserved 1056768K
  class space    used 604K, capacity 622K, committed 640K, reserved 1048576K
Event: 3.883 GC heap after
Heap after GC invocations=2 (full 0):
 PSYoungGen      total 53248K, used 4094K [0x00000000eab00000, 0x00000000ee300000, 0x0000000100000000)
  eden space 49152K, 0% used [0x00000000eab00000,0x00000000eab00000,0x00000000edb00000)
  from space 4096K, 99% used [0x00000000edf00000,0x00000000ee2ff898,0x00000000ee300000)
  to   space 4096K, 0% used [0x00000000edb00000,0x00000000edb00000,0x00000000edf00000)
 ParOldGen       total 65536K, used 4780K [0x00000000c0000000, 0x00000000c4000000, 0x00000000eab00000)
  object space 65536K, 7% used [0x00000000c0000000,0x00000000c04ab040,0x00000000c4000000)
 Metaspace       used 6127K, capacity 7030K, committed 7296K, reserved 1056768K
  class space    used 604K, capacity 622K, committed 640K, reserved 1048576K
}

Deoptimization events (10 events):
Event: 5.444 Thread 0x0000000007930800 Uncommon trap: reason=unstable_if action=reinterpret pc=0x0000000010280a04 method=com.android.dx.rop.cst.Constant.compareTo(Lcom/android/dx/rop/cst/Constant;)I @ 12
Event: 5.886 Thread 0x000000000793d800 Uncommon trap: reason=unstable_if action=reinterpret pc=0x00000000107263f4 method=com.android.dx.cf.code.Ropper.isSynchronized()Z @ 12
Event: 5.886 Thread 0x000000000793d800 Uncommon trap: reason=unstable_if action=reinterpret pc=0x00000000106ade34 method=com.android.dx.cf.code.Ropper.isSynchronized()Z @ 12
Event: 5.887 Thread 0x000000000793d800 Uncommon trap: reason=unstable_if action=reinterpret pc=0x00000000105441b0 method=com.android.dx.ssa.MoveParamCombiner$1.visitNonMoveInsn(Lcom/android/dx/ssa/NormalSsaInsn;)V @ 27
Event: 6.172 Thread 0x0000000007930800 Uncommon trap: reason=bimorphic action=maybe_recompile pc=0x00000000105c0b2c method=com.android.dx.cf.code.BytecodeArray.parseInstruction(ILcom/android/dx/cf/code/BytecodeArray$Visitor;)I @ 1130
Event: 6.173 Thread 0x0000000007930800 Uncommon trap: reason=bimorphic action=maybe_recompile pc=0x00000000105c0b2c method=com.android.dx.cf.code.BytecodeArray.parseInstruction(ILcom/android/dx/cf/code/BytecodeArray$Visitor;)I @ 1130
Event: 6.204 Thread 0x0000000007930800 Uncommon trap: reason=bimorphic action=maybe_recompile pc=0x00000000105bfb00 method=com.android.dx.cf.code.BytecodeArray.parseInstruction(ILcom/android/dx/cf/code/BytecodeArray$Visitor;)I @ 2135
Event: 6.204 Thread 0x0000000007930800 Uncommon trap: reason=bimorphic action=maybe_recompile pc=0x00000000105bfb00 method=com.android.dx.cf.code.BytecodeArray.parseInstruction(ILcom/android/dx/cf/code/BytecodeArray$Visitor;)I @ 2135
Event: 7.067 Thread 0x0000000007930800 Uncommon trap: reason=bimorphic action=maybe_recompile pc=0x00000000107ae6bc method=com.android.dx.cf.code.BytecodeArray.parseInstruction(ILcom/android/dx/cf/code/BytecodeArray$Visitor;)I @ 2281
Event: 7.067 Thread 0x0000000007930800 Uncommon trap: reason=bimorphic action=maybe_recompile pc=0x00000000107ae6bc method=com.android.dx.cf.code.BytecodeArray.parseInstruction(ILcom/android/dx/cf/code/BytecodeArray$Visitor;)I @ 2281

Internal exceptions (4 events):
Event: 0.056 Thread 0x00000000024df800 Exception <a 'java/lang/NoSuchMethodError': Method sun.misc.Unsafe.defineClass(Ljava/lang/String;[BII)Ljava/lang/Class; name or signature does not match> (0x00000000eab07cc0) thrown at [D:\re\workspace\8-2-build-windows-amd64-cygwin\jdk8u77\6540\hotspot\sr¨ÊMA±â¬?
Event: 0.056 Thread 0x00000000024df800 Exception <a 'java/lang/NoSuchMethodError': Method sun.misc.Unsafe.prefetchRead(Ljava/lang/Object;J)V name or signature does not match> (0x00000000eab07fa8) thrown at [D:\re\workspace\8-2-build-windows-amd64-cygwin\jdk8u77\6540\hotspot\src\share\vm\prims\jzè×÷;ûí?
Event: 0.937 Thread 0x0000000007933800 Implicit null exception at 0x00000000103029de to 0x0000000010303f6d
Event: 2.478 Thread 0x000000000793d800 Implicit null exception at 0x000000001055d334 to 0x000000001055ee6d

Events (10 events):
Event: 6.204 Thread 0x0000000007930800 DEOPT PACKING pc=0x00000000105bfb00 sp=0x000000000867e880
Event: 6.204 Thread 0x0000000007930800 DEOPT UNPACKING pc=0x000000001008582a sp=0x000000000867e850 mode 2
Event: 6.750 loading class com/android/dx/cf/code/SwitchList
Event: 6.750 loading class com/android/dx/cf/code/SwitchList done
Event: 7.067 Thread 0x0000000007930800 Uncommon trap: trap_request=0xffffffc6 fr.pc=0x00000000107ae6bc
Event: 7.067 Thread 0x0000000007930800 DEOPT PACKING pc=0x00000000107ae6bc sp=0x000000000867e930
Event: 7.067 Thread 0x0000000007930800 DEOPT UNPACKING pc=0x000000001008582a sp=0x000000000867e910 mode 2
Event: 7.067 Thread 0x0000000007930800 Uncommon trap: trap_request=0xffffffc6 fr.pc=0x00000000107ae6bc
Event: 7.067 Thread 0x0000000007930800 DEOPT PACKING pc=0x00000000107ae6bc sp=0x000000000867e780
Event: 7.067 Thread 0x0000000007930800 DEOPT UNPACKING pc=0x000000001008582a sp=0x000000000867e760 mode 2


Dynamic libraries:
0x000000013f660000 - 0x000000013f697000 	C:\Program Files\Java\jdk1.8.0_77\bin\java.exe
0x0000000077ab0000 - 0x0000000077c5a000 	C:\Windows\SYSTEM32\ntdll.dll
0x0000000077890000 - 0x00000000779af000 	C:\Windows\system32\kernel32.dll
0x000007fefdad0000 - 0x000007fefdb3b000 	C:\Windows\system32\KERNELBASE.dll
0x000007feff7d0000 - 0x000007feff8ab000 	C:\Windows\system32\ADVAPI32.dll
0x000007feff720000 - 0x000007feff7bf000 	C:\Windows\system32\msvcrt.dll
0x000007feff690000 - 0x000007feff6af000 	C:\Windows\SYSTEM32\sechost.dll
0x000007feff990000 - 0x000007feffabd000 	C:\Windows\system32\RPCRT4.dll
0x00000000779b0000 - 0x0000000077aaa000 	C:\Windows\system32\USER32.dll
0x000007feff6b0000 - 0x000007feff717000 	C:\Windows\system32\GDI32.dll
0x000007feff7c0000 - 0x000007feff7ce000 	C:\Windows\system32\LPK.dll
0x000007feff8b0000 - 0x000007feff97a000 	C:\Windows\system32\USP10.dll
0x000007fefbf60000 - 0x000007fefc154000 	C:\Windows\WinSxS\amd64_microsoft.windows.common-controls_6595b64144ccf1df_6.0.7601.18837_none_fa3b1e3d17594757\COMCTL32.dll
0x000007feff380000 - 0x000007feff3f1000 	C:\Windows\system32\SHLWAPI.dll
0x000007fefebc0000 - 0x000007fefebee000 	C:\Windows\system32\IMM32.DLL
0x000007fefdbf0000 - 0x000007fefdcf9000 	C:\Windows\system32\MSCTF.dll
0x000007fef32b0000 - 0x000007fef32d3000 	C:\Windows\system32\f_im.dll
0x0000000061000000 - 0x00000000610bd000 	C:\Program Files\Fasoo DRM\f_sps.dll
0x000007fefc880000 - 0x000007fefc88c000 	C:\Windows\system32\VERSION.dll
0x000007fefdd50000 - 0x000007fefeada000 	C:\Windows\system32\SHELL32.dll
0x000007fefeec0000 - 0x000007feff0c3000 	C:\Windows\system32\ole32.dll
0x000007fefeae0000 - 0x000007fefebb7000 	C:\Windows\system32\OLEAUT32.dll
0x000000005a240000 - 0x000000005a26f000 	C:\Windows\WinSxS\amd64_microsoft.vc90.atl_1fc8b3b9a1e18e3b_9.0.30729.6161_none_0a1fd3a3a768b895\ATL90.DLL
0x0000000077c80000 - 0x0000000077c87000 	C:\Windows\system32\PSAPI.DLL
0x000007fefa1e0000 - 0x000007fefa251000 	C:\Windows\system32\winspool.drv
0x0000000010000000 - 0x0000000010033000 	C:\Windows\system32\f_pbrc12.dll
0x000007fefb9a0000 - 0x000007fefb9b8000 	C:\Windows\system32\dwmapi.dll
0x0000000057bc0000 - 0x0000000057c92000 	C:\Program Files\Java\jdk1.8.0_77\jre\bin\msvcr100.dll
0x0000000053680000 - 0x0000000053f10000 	C:\Program Files\Java\jdk1.8.0_77\jre\bin\server\jvm.dll
0x000007feef4d0000 - 0x000007feef4d9000 	C:\Windows\system32\WSOCK32.dll
0x000007fefdd00000 - 0x000007fefdd4d000 	C:\Windows\system32\WS2_32.dll
0x000007feff980000 - 0x000007feff988000 	C:\Windows\system32\NSI.dll
0x000007fefa700000 - 0x000007fefa73b000 	C:\Windows\system32\WINMM.dll
0x0000000071ea0000 - 0x0000000071eaf000 	C:\Program Files\Java\jdk1.8.0_77\jre\bin\verify.dll
0x0000000070b30000 - 0x0000000070b59000 	C:\Program Files\Java\jdk1.8.0_77\jre\bin\java.dll
0x0000000071bc0000 - 0x0000000071bd6000 	C:\Program Files\Java\jdk1.8.0_77\jre\bin\zip.dll
0x000007fefd840000 - 0x000007fefd84f000 	C:\Windows\system32\profapi.dll

VM Arguments:
jvm_args: -Djava.awt.headless=true -Xmx1024M -Dfile.encoding=x-windows-949 -Duser.country=KR -Duser.language=ko -Duser.variant 
java_command: com.android.dx.command.Main --dex --num-threads=4 --output C:\Users\T22mo\workspace\emoodchart-android\app\build\intermediates\pre-dexed\debug\gson-2.7_8be8edde9158af35328839312f39894379e3f620.jar C:\Users\T22mo\.gradle\caches\modules-2\files-2.1\com.google.code.gson\gson\2.7\751f548c85fa49f330cecbb1875893f971b33c4e\gson-2.7.jar
java_class_path (initial): D:\Program Files (x86)\Android\build-tools\24.0.1\lib\dx.jar
Launcher Type: SUN_STANDARD

Environment Variables:
JAVA_HOME=C:\Program Files\Java\jdk1.8.0_77\jre
PATH=C:\Program Files\Common Files\Microsoft Shared\Windows Live;C:\Program Files (x86)\Common Files\Microsoft Shared\Windows Live;C:\ProgramData\Oracle\Java\javapath;C:\Program Files (x86)\Intel\iCLS Client\;C:\Program Files\Intel\iCLS Client\;C:\Windows\system32;C:\Windows;C:\Windows\System32\Wbem;C:\Windows\System32\WindowsPowerShell\v1.0\;C:\Program Files\Intel\Intel(R) Management Engine Components\DAL;C:\Program Files\Intel\Intel(R) Management Engine Components\IPT;C:\Program Files (x86)\Intel\Intel(R) Management Engine Components\DAL;C:\Program Files (x86)\Intel\Intel(R) Management Engine Components\IPT;C:\Program Files\Microsoft\Web Platform Installer\;C:\Program Files (x86)\Microsoft ASP.NET\ASP.NET Web Pages\v1.0\;C:\Program Files (x86)\Heroku\bin;C:\Program Files (x86)\git\cmd;C:\Program Files (x86)\Windows Live\Shared;D:\Program Files (x86)\nodejs\;D:\Program Files (x86)\DLR\Sumo\bin\;D:\Program Files (x86)\DLR\Sumo\tools\;C:\Program Files\Git\cmd;D:\TDM-GCC-64\bin;C:\Program Files\Java\jdk1.8.0_77\jre;D:\Program Files\Anaconda2;D:\Program Files\Anaconda2\Scripts;D:\Program Files\Anaconda2\Library\bin;C:\Program Files (x86)\Java\jre7\bin;C:\Users\T22mo\AppData\Local\Android\sdk\platform-tools;C:\Program Files\Bandizip\7z;C:\Users\T22mo\AppData\Roaming\npm;D:\Program Files\Docker Toolbox;C:\Python27;C:\Python27\Scripts;D:\Program Files\Anaconda2\MinGW\x86_64-w64-mingw32\lib;C:\Program Files\Java\jdk1.8.0_77\jre
USERNAME=T22mo
OS=Windows_NT
PROCESSOR_IDENTIFIER=Intel64 Family 6 Model 58 Stepping 9, GenuineIntel



---------------  S Y S T E M  ---------------

OS: Windows 7 , 64 bit Build 7601 (6.1.7601.19135)

CPU:total 4 (4 cores per cpu, 1 threads per core) family 6 model 58 stepping 9, cmov, cx8, fxsr, mmx, sse, sse2, sse3, ssse3, sse4.1, sse4.2, popcnt, avx, aes, clmul, erms, tsc, tscinvbit, tscinv

Memory: 4k page, physical 6230128k(1072380k free), swap 13817692k(2948k free)

vm_info: Java HotSpot(TM) 64-Bit Server VM (25.77-b03) for windows-amd64 JRE (1.8.0_77-b03), built on Mar 20 2016 22:01:33 by "java_re" with MS VC++ 10.0 (VS2010)

time: Tue Aug 30 11:43:43 2016
elapsed time: 7 seconds (0d 0h 0m 7s)

