#
# There is insufficient memory for the Java Runtime Environment to continue.
# Native memory allocation (malloc) failed to allocate 199856 bytes for Chunk::new
# Possible reasons:
#   The system is out of physical RAM or swap space
#   In 32 bit mode, the process size limit was hit
# Possible solutions:
#   Reduce memory load on the system
#   Increase physical memory or swap space
#   Check if swap backing store is full
#   Use 64 bit Java on a 64 bit OS
#   Decrease Java heap size (-Xmx/-Xms)
#   Decrease number of Java threads
#   Decrease Java thread stack sizes (-Xss)
#   Set larger code cache with -XX:ReservedCodeCacheSize=
# This output file may be truncated or incomplete.
#
#  Out of Memory Error (allocation.cpp:390), pid=8488, tid=16740
#
# JRE version: Java(TM) SE Runtime Environment (8.0_77-b03) (build 1.8.0_77-b03)
# Java VM: Java HotSpot(TM) 64-Bit Server VM (25.77-b03 mixed mode windows-amd64 compressed oops)
# Failed to write core dump. Minidumps are not enabled by default on client versions of Windows
#

---------------  T H R E A D  ---------------

Current thread (0x0000000005f4d000):  JavaThread "C2 CompilerThread0" daemon [_thread_in_native, id=16740, stack(0x0000000007cb0000,0x0000000007db0000)]

Stack: [0x0000000007cb0000,0x0000000007db0000]
[error occurred during error reporting (printing stack bounds), id 0xc0000005]

Native frames: (J=compiled Java code, j=interpreted, Vv=VM code, C=native code)


Current CompileTask:
C2:   3339 1278       4       com.android.dx.ssa.SsaRenamer$BlockRenamer::visitNonMoveInsn (14 bytes)


---------------  P R O C E S S  ---------------

Java Threads: ( => current thread )
  0x0000000007810800 JavaThread "pool-1-thread-4" [_thread_blocked, id=15468, stack(0x0000000007ef0000,0x0000000007ff0000)]
  0x000000000780b000 JavaThread "pool-1-thread-3" [_thread_blocked, id=17260, stack(0x0000000008700000,0x0000000008800000)]
  0x000000000781c000 JavaThread "pool-1-thread-2" [_thread_blocked, id=15612, stack(0x00000000085a0000,0x00000000086a0000)]
  0x0000000007825000 JavaThread "pool-2-thread-1" [_thread_blocked, id=17120, stack(0x00000000083c0000,0x00000000084c0000)]
  0x0000000007821000 JavaThread "pool-1-thread-1" [_thread_blocked, id=17032, stack(0x00000000081a0000,0x00000000082a0000)]
  0x0000000007561800 JavaThread "Service Thread" daemon [_thread_blocked, id=15700, stack(0x0000000008000000,0x0000000008100000)]
  0x0000000007556800 JavaThread "C1 CompilerThread2" daemon [_thread_blocked, id=17268, stack(0x00000000070e0000,0x00000000071e0000)]
  0x0000000005f5f800 JavaThread "C2 CompilerThread1" daemon [_thread_in_native, id=16004, stack(0x0000000007de0000,0x0000000007ee0000)]
=>0x0000000005f4d000 JavaThread "C2 CompilerThread0" daemon [_thread_in_native, id=16740, stack(0x0000000007cb0000,0x0000000007db0000)]
  0x0000000005f4c000 JavaThread "Attach Listener" daemon [_thread_blocked, id=15140, stack(0x0000000007b70000,0x0000000007c70000)]
  0x000000000754a800 JavaThread "Signal Dispatcher" daemon [_thread_blocked, id=16184, stack(0x0000000007990000,0x0000000007a90000)]
  0x0000000005f34000 JavaThread "Finalizer" daemon [_thread_blocked, id=6328, stack(0x0000000007440000,0x0000000007540000)]
  0x0000000005ef2800 JavaThread "Reference Handler" daemon [_thread_blocked, id=15512, stack(0x0000000007240000,0x0000000007340000)]
  0x000000000233f800 JavaThread "main" [_thread_blocked, id=16760, stack(0x00000000026b0000,0x00000000027b0000)]

Other Threads:
  0x0000000005eeb000 VMThread [stack: 0x0000000006f80000,0x0000000007080000] [id=14940]
  0x00000000075fe800 WatcherThread [stack: 0x00000000082a0000,0x00000000083a0000] [id=15848]

VM state:not at safepoint (normal execution)

VM Mutex/Monitor currently owned by a thread: None

Heap:
 PSYoungGen      total 28672K, used 17897K [0x00000000eab00000, 0x00000000ee300000, 0x0000000100000000)
  eden space 24576K, 56% used [0x00000000eab00000,0x00000000eb8818b0,0x00000000ec300000)
  from space 4096K, 99% used [0x00000000ec300000,0x00000000ec6f8db8,0x00000000ec700000)
  to   space 4096K, 0% used [0x00000000edf00000,0x00000000edf00000,0x00000000ee300000)
 ParOldGen       total 65536K, used 827K [0x00000000c0000000, 0x00000000c4000000, 0x00000000eab00000)
  object space 65536K, 1% used [0x00000000c0000000,0x00000000c00ced80,0x00000000c4000000)
 Metaspace       used 6017K, capacity 6902K, committed 7040K, reserved 1056768K
  class space    used 601K, capacity 622K, committed 640K, reserved 1048576K

Card table byte_map: [0x0000000002b70000,0x0000000002d80000] byte_map_base: 0x0000000002570000

Marking Bits: (ParMarkBitMap*) 0x0000000053e90600
 Begin Bits: [0x0000000003360000, 0x0000000004360000)
 End Bits:   [0x0000000004360000, 0x0000000005360000)

Polling page: 0x0000000001db0000

CodeCache: size=245760Kb used=5168Kb max_used=5180Kb free=240591Kb
 bounds [0x0000000010040000, 0x0000000010560000, 0x000000001f040000]
 total_blobs=1551 nmethods=1280 adapters=184
 compilation: enabled

Compilation events (10 events):
Event: 3.322 Thread 0x0000000007556800 nmethod 1287 0x0000000010545450 code [0x0000000010545760, 0x0000000010546ff8]
Event: 3.322 Thread 0x0000000007556800 1289       3       com.android.dx.cf.code.Ropper::getRopMethod (64 bytes)
Event: 3.322 Thread 0x0000000007556800 nmethod 1289 0x0000000010547dd0 code [0x0000000010548020, 0x0000000010548d98]
Event: 3.322 Thread 0x0000000007556800 1291       3       com.android.dx.ssa.SsaMethod::forEachBlockDepthFirstDom (128 bytes)
Event: 3.323 Thread 0x0000000007556800 nmethod 1291 0x0000000010549690 code [0x00000000105499e0, 0x000000001054ba98]
Event: 3.323 Thread 0x0000000007556800 1293       3       com.android.dx.ssa.SsaConverter::edgeSplitSuccessors (98 bytes)
Event: 3.324 Thread 0x0000000007556800 nmethod 1293 0x000000001054cd90 code [0x000000001054d000, 0x000000001054de08]
Event: 3.324 Thread 0x0000000007556800 1295       3       com.android.dx.ssa.DomFront::buildDomTree (72 bytes)
Event: 3.325 Thread 0x0000000007556800 nmethod 1295 0x000000001054e790 code [0x000000001054ea00, 0x000000001054f868]
Event: 3.325 Thread 0x0000000007556800 1292       3       com.android.dx.util.Bits::isEmpty (26 bytes)

GC Heap History (2 events):
Event: 1.640 GC heap before
{Heap before GC invocations=1 (full 0):
 PSYoungGen      total 28672K, used 24576K [0x00000000eab00000, 0x00000000ecb00000, 0x0000000100000000)
  eden space 24576K, 100% used [0x00000000eab00000,0x00000000ec300000,0x00000000ec300000)
  from space 4096K, 0% used [0x00000000ec700000,0x00000000ec700000,0x00000000ecb00000)
  to   space 4096K, 0% used [0x00000000ec300000,0x00000000ec300000,0x00000000ec700000)
 ParOldGen       total 65536K, used 0K [0x00000000c0000000, 0x00000000c4000000, 0x00000000eab00000)
  object space 65536K, 0% used [0x00000000c0000000,0x00000000c0000000,0x00000000c4000000)
 Metaspace       used 5807K, capacity 6710K, committed 6784K, reserved 1056768K
  class space    used 600K, capacity 622K, committed 640K, reserved 1048576K
Event: 1.923 GC heap after
Heap after GC invocations=1 (full 0):
 PSYoungGen      total 28672K, used 4067K [0x00000000eab00000, 0x00000000ee300000, 0x0000000100000000)
  eden space 24576K, 0% used [0x00000000eab00000,0x00000000eab00000,0x00000000ec300000)
  from space 4096K, 99% used [0x00000000ec300000,0x00000000ec6f8db8,0x00000000ec700000)
  to   space 4096K, 0% used [0x00000000edf00000,0x00000000edf00000,0x00000000ee300000)
 ParOldGen       total 65536K, used 827K [0x00000000c0000000, 0x00000000c4000000, 0x00000000eab00000)
  object space 65536K, 1% used [0x00000000c0000000,0x00000000c00ced80,0x00000000c4000000)
 Metaspace       used 5807K, capacity 6710K, committed 6784K, reserved 1056768K
  class space    used 600K, capacity 622K, committed 640K, reserved 1048576K
}

Deoptimization events (8 events):
Event: 1.347 Thread 0x000000000781c000 Uncommon trap: reason=unstable_if action=reinterpret pc=0x0000000010222bcc method=java.util.HashMap.getNode(ILjava/lang/Object;)Ljava/util/HashMap$Node; @ 129
Event: 1.415 Thread 0x0000000007821000 Uncommon trap: reason=bimorphic action=maybe_recompile pc=0x0000000010257ac8 method=java.util.HashMap.getNode(ILjava/lang/Object;)Ljava/util/HashMap$Node; @ 126
Event: 1.415 Thread 0x0000000007821000 Uncommon trap: reason=bimorphic action=maybe_recompile pc=0x0000000010257ac8 method=java.util.HashMap.getNode(ILjava/lang/Object;)Ljava/util/HashMap$Node; @ 126
Event: 2.180 Thread 0x0000000007821000 Uncommon trap: reason=unstable_if action=reinterpret pc=0x0000000010365908 method=com.android.dx.rop.code.RegisterSpec.equals(ILcom/android/dx/rop/type/TypeBearer;Lcom/android/dx/rop/code/LocalItem;)Z @ 42
Event: 2.193 Thread 0x0000000007821000 Uncommon trap: reason=null_check action=make_not_entrant pc=0x00000000102eb26c method=com.android.dx.ssa.SsaRenamer.getLocalForNewReg(I)Lcom/android/dx/rop/code/LocalItem; @ 19
Event: 2.605 Thread 0x000000000781c000 Uncommon trap: reason=bimorphic action=maybe_recompile pc=0x000000001026f7c4 method=java.util.HashMap.getNode(ILjava/lang/Object;)Ljava/util/HashMap$Node; @ 126
Event: 2.605 Thread 0x000000000781c000 Uncommon trap: reason=class_check action=maybe_recompile pc=0x000000001048832c method=java.util.HashMap.putVal(ILjava/lang/Object;Ljava/lang/Object;ZZ)Ljava/lang/Object; @ 203
Event: 2.799 Thread 0x000000000781c000 Uncommon trap: reason=unstable_if action=reinterpret pc=0x00000000104052a8 method=com.android.dx.ssa.SCCP.simulateStmt(Lcom/android/dx/ssa/SsaInsn;)V @ 53

Internal exceptions (3 events):
Event: 0.599 Thread 0x000000000233f800 Exception <a 'java/lang/NoSuchMethodError': Method sun.misc.Unsafe.defineClass(Ljava/lang/String;[BII)Ljava/lang/Class; name or signature does not match> (0x00000000eab07cc0) thrown at [D:\re\workspace\8-2-build-windows-amd64-cygwin\jdk8u77\6540\hotspot\srÉ·›+„?
Event: 0.599 Thread 0x000000000233f800 Exception <a 'java/lang/NoSuchMethodError': Method sun.misc.Unsafe.prefetchRead(Ljava/lang/Object;J)V name or signature does not match> (0x00000000eab07fa8) thrown at [D:\re\workspace\8-2-build-windows-amd64-cygwin\jdk8u77\6540\hotspot\src\share\vm\prims\jC÷s`Hã@
Event: 2.193 Thread 0x0000000007821000 Implicit null exception at 0x00000000102e8d8d to 0x00000000102eb231

Events (10 events):
Event: 2.605 Thread 0x000000000781c000 Uncommon trap: trap_request=0xffffffde fr.pc=0x000000001048832c
Event: 2.605 Thread 0x000000000781c000 DEOPT PACKING pc=0x000000001048832c sp=0x000000000869ead0
Event: 2.605 Thread 0x000000000781c000 DEOPT UNPACKING pc=0x000000001008582a sp=0x000000000869ea48 mode 2
Event: 2.799 Executing VM operation: ForceSafepoint
Event: 2.799 Executing VM operation: ForceSafepoint done
Event: 2.799 Thread 0x000000000781c000 Uncommon trap: trap_request=0xffffff65 fr.pc=0x00000000104052a8
Event: 2.799 Thread 0x000000000781c000 DEOPT PACKING pc=0x00000000104052a8 sp=0x000000000869ebc0
Event: 2.799 Thread 0x000000000781c000 DEOPT UNPACKING pc=0x000000001008582a sp=0x000000000869eb88 mode 2
Event: 2.969 Thread 0x000000000781c000 DEOPT PACKING pc=0x000000001035933b sp=0x000000000869eac0
Event: 2.969 Thread 0x000000000781c000 DEOPT UNPACKING pc=0x000000001008787f sp=0x000000000869e888 mode 0


Dynamic libraries:
0x000000013f660000 - 0x000000013f697000 	C:\Program Files\Java\jdk1.8.0_77\bin\java.exe
0x0000000077ab0000 - 0x0000000077c5a000 	C:\Windows\SYSTEM32\ntdll.dll
0x0000000077890000 - 0x00000000779af000 	C:\Windows\system32\kernel32.dll
0x000007fefdad0000 - 0x000007fefdb3b000 	C:\Windows\system32\KERNELBASE.dll
0x000007feff7d0000 - 0x000007feff8ab000 	C:\Windows\system32\ADVAPI32.dll
0x000007feff720000 - 0x000007feff7bf000 	C:\Windows\system32\msvcrt.dll
0x000007feff690000 - 0x000007feff6af000 	C:\Windows\SYSTEM32\sechost.dll
0x000007feff990000 - 0x000007feffabd000 	C:\Windows\system32\RPCRT4.dll
0x00000000779b0000 - 0x0000000077aaa000 	C:\Windows\system32\USER32.dll
0x000007feff6b0000 - 0x000007feff717000 	C:\Windows\system32\GDI32.dll
0x000007feff7c0000 - 0x000007feff7ce000 	C:\Windows\system32\LPK.dll
0x000007feff8b0000 - 0x000007feff97a000 	C:\Windows\system32\USP10.dll
0x000007fefbf60000 - 0x000007fefc154000 	C:\Windows\WinSxS\amd64_microsoft.windows.common-controls_6595b64144ccf1df_6.0.7601.18837_none_fa3b1e3d17594757\COMCTL32.dll
0x000007feff380000 - 0x000007feff3f1000 	C:\Windows\system32\SHLWAPI.dll
0x000007fefebc0000 - 0x000007fefebee000 	C:\Windows\system32\IMM32.DLL
0x000007fefdbf0000 - 0x000007fefdcf9000 	C:\Windows\system32\MSCTF.dll
0x000007fef32b0000 - 0x000007fef32d3000 	C:\Windows\system32\f_im.dll
0x0000000061000000 - 0x00000000610bd000 	C:\Program Files\Fasoo DRM\f_sps.dll
0x000007fefc880000 - 0x000007fefc88c000 	C:\Windows\system32\VERSION.dll
0x000007fefdd50000 - 0x000007fefeada000 	C:\Windows\system32\SHELL32.dll
0x000007fefeec0000 - 0x000007feff0c3000 	C:\Windows\system32\ole32.dll
0x000007fefeae0000 - 0x000007fefebb7000 	C:\Windows\system32\OLEAUT32.dll
0x000000005a240000 - 0x000000005a26f000 	C:\Windows\WinSxS\amd64_microsoft.vc90.atl_1fc8b3b9a1e18e3b_9.0.30729.6161_none_0a1fd3a3a768b895\ATL90.DLL
0x0000000077c80000 - 0x0000000077c87000 	C:\Windows\system32\PSAPI.DLL
0x000007fefa1e0000 - 0x000007fefa251000 	C:\Windows\system32\winspool.drv
0x0000000010000000 - 0x0000000010033000 	C:\Windows\system32\f_pbrc12.dll
0x000007fefb9a0000 - 0x000007fefb9b8000 	C:\Windows\system32\dwmapi.dll
0x0000000057bc0000 - 0x0000000057c92000 	C:\Program Files\Java\jdk1.8.0_77\jre\bin\msvcr100.dll
0x0000000053680000 - 0x0000000053f10000 	C:\Program Files\Java\jdk1.8.0_77\jre\bin\server\jvm.dll
0x000007feef4d0000 - 0x000007feef4d9000 	C:\Windows\system32\WSOCK32.dll
0x000007fefdd00000 - 0x000007fefdd4d000 	C:\Windows\system32\WS2_32.dll
0x000007feff980000 - 0x000007feff988000 	C:\Windows\system32\NSI.dll
0x000007fefa700000 - 0x000007fefa73b000 	C:\Windows\system32\WINMM.dll
0x0000000071ea0000 - 0x0000000071eaf000 	C:\Program Files\Java\jdk1.8.0_77\jre\bin\verify.dll
0x0000000070b30000 - 0x0000000070b59000 	C:\Program Files\Java\jdk1.8.0_77\jre\bin\java.dll
0x0000000071bc0000 - 0x0000000071bd6000 	C:\Program Files\Java\jdk1.8.0_77\jre\bin\zip.dll
0x000007fefd840000 - 0x000007fefd84f000 	C:\Windows\system32\profapi.dll

VM Arguments:
jvm_args: -Djava.awt.headless=true -Xmx1024M -Dfile.encoding=x-windows-949 -Duser.country=KR -Duser.language=ko -Duser.variant 
java_command: com.android.dx.command.Main --dex --num-threads=4 --output C:\Users\T22mo\workspace\emoodchart-android\app\build\intermediates\pre-dexed\debug\okhttp-3.4.1_39bc844a956821947a8cdd6f59d754d350bb3131.jar C:\Users\T22mo\.gradle\caches\modules-2\files-2.1\com.squareup.okhttp3\okhttp\3.4.1\c7c4f9e35c2fd5900da24f9872e3971801f08ce0\okhttp-3.4.1.jar
java_class_path (initial): D:\Program Files (x86)\Android\build-tools\24.0.1\lib\dx.jar
Launcher Type: SUN_STANDARD

Environment Variables:
JAVA_HOME=C:\Program Files\Java\jdk1.8.0_77\jre
PATH=C:\Program Files\Common Files\Microsoft Shared\Windows Live;C:\Program Files (x86)\Common Files\Microsoft Shared\Windows Live;C:\ProgramData\Oracle\Java\javapath;C:\Program Files (x86)\Intel\iCLS Client\;C:\Program Files\Intel\iCLS Client\;C:\Windows\system32;C:\Windows;C:\Windows\System32\Wbem;C:\Windows\System32\WindowsPowerShell\v1.0\;C:\Program Files\Intel\Intel(R) Management Engine Components\DAL;C:\Program Files\Intel\Intel(R) Management Engine Components\IPT;C:\Program Files (x86)\Intel\Intel(R) Management Engine Components\DAL;C:\Program Files (x86)\Intel\Intel(R) Management Engine Components\IPT;C:\Program Files\Microsoft\Web Platform Installer\;C:\Program Files (x86)\Microsoft ASP.NET\ASP.NET Web Pages\v1.0\;C:\Program Files (x86)\Heroku\bin;C:\Program Files (x86)\git\cmd;C:\Program Files (x86)\Windows Live\Shared;D:\Program Files (x86)\nodejs\;D:\Program Files (x86)\DLR\Sumo\bin\;D:\Program Files (x86)\DLR\Sumo\tools\;C:\Program Files\Git\cmd;D:\TDM-GCC-64\bin;C:\Program Files\Java\jdk1.8.0_77\jre;D:\Program Files\Anaconda2;D:\Program Files\Anaconda2\Scripts;D:\Program Files\Anaconda2\Library\bin;C:\Program Files (x86)\Java\jre7\bin;C:\Users\T22mo\AppData\Local\Android\sdk\platform-tools;C:\Program Files\Bandizip\7z;C:\Users\T22mo\AppData\Roaming\npm;D:\Program Files\Docker Toolbox;C:\Python27;C:\Python27\Scripts;D:\Program Files\Anaconda2\MinGW\x86_64-w64-mingw32\lib;C:\Program Files\Java\jdk1.8.0_77\jre
USERNAME=T22mo
OS=Windows_NT
PROCESSOR_IDENTIFIER=Intel64 Family 6 Model 58 Stepping 9, GenuineIntel



---------------  S Y S T E M  ---------------

OS: Windows 7 , 64 bit Build 7601 (6.1.7601.19135)

CPU:total 4 (4 cores per cpu, 1 threads per core) family 6 model 58 stepping 9, cmov, cx8, fxsr, mmx, sse, sse2, sse3, ssse3, sse4.1, sse4.2, popcnt, avx, aes, clmul, erms, tsc, tscinvbit, tscinv

Memory: 4k page, physical 6230128k(1072432k free), swap 13817692k(3084k free)

vm_info: Java HotSpot(TM) 64-Bit Server VM (25.77-b03) for windows-amd64 JRE (1.8.0_77-b03), built on Mar 20 2016 22:01:33 by "java_re" with MS VC++ 10.0 (VS2010)

time: Tue Aug 30 11:43:43 2016
elapsed time: 3 seconds (0d 0h 0m 3s)

